Total nodes in the system: 1998

level-1 completes in 62.756793 seconds
Cluster-1 Total nodes: 54 ['33', '130', '152', '165', '43', '44', '139', '196', '79', '100', '123', '6', '10', '11', '12', '14', '25', '30', '34', '18', '1', '8', '15', '32', '35', '3', '38', '67', '37', '40', '52', '57', '83', '17', '24', '13', '23', '70', '64', '68', '0', '20', '16', '19', '39', '2', '26', '21', '45', '4', '59', '36', '50', '22']
Cluster-2 Total nodes: 52 ['1883', '1943', '1777', '1791', '1795', '1809', '1816', '1819', '1842', '1856', '1873', '1818', '1846', '1866', '1844', '1785', '1789', '1790', '1810', '1811', '1815', '1826', '1827', '1786', '1843', '1852', '1813', '1841', '1776', '1787', '1792', '1814', '1796', '1808', '1821', '1829', '1794', '1798', '1812', '1817', '1820', '1780', '1781', '1783', '1788', '1823', '1778', '1822', '1840', '1793', '1801', '1782']
Cluster-3 Total nodes: 46 ['1675', '1731', '1586', '1592', '1627', '1572', '1573', '1591', '1559', '1566', '1587', '1593', '1571', '1574', '1575', '1579', '1580', '1582', '1589', '1594', '1596', '1597', '1621', '1642', '1651', '1555', '1557', '1565', '1567', '1568', '1569', '1588', '1607', '1622', '1650', '1614', '1600', '1619', '1576', '1590', '1598', '1612', '1578', '1556', '1605', '1617']
Cluster-4 Total nodes: 42 ['864', '697', '721', '774', '677', '678', '680', '703', '714', '725', '733', '681', '683', '684', '685', '686', '687', '688', '693', '695', '698', '699', '700', '701', '702', '705', '711', '718', '724', '730', '732', '734', '666', '667', '669', '670', '674', '704', '708', '722', '731', '716']
Cluster-5 Total nodes: 40 ['1294', '1320', '1124', '1149', '1187', '1196', '1188', '1144', '1120', '1129', '1126', '1143', '1150', '1128', '1145', '1178', '1185', '1112', '1130', '1131', '1123', '1125', '1139', '1122', '1142', '1147', '1159', '1164', '1165', '1174', '1186', '1121', '1127', '1151', '1212', '1180', '1141', '1148', '1132', '1114']
Cluster-6 Total nodes: 38 ['1454', '1507', '1468', '1338', '1342', '1375', '1401', '1343', '1346', '1347', '1349', '1352', '1355', '1361', '1344', '1359', '1365', '1369', '1345', '1360', '1367', '1397', '1428', '1404', '1396', '1336', '1332', '1334', '1351', '1353', '1363', '1335', '1383', '1333', '1348', '1354', '1350', '1371']
Cluster-7 Total nodes: 34 ['363', '419', '384', '225', '234', '254', '361', '236', '237', '238', '244', '259', '227', '232', '255', '258', '280', '233', '263', '261', '262', '235', '242', '257', '265', '240', '246', '223', '224', '226', '230', '239', '260', '286']
Cluster-8 Total nodes: 31 ['1013', '888', '908', '932', '936', '948', '898', '899', '901', '920', '935', '952', '907', '922', '906', '909', '915', '918', '921', '903', '934', '902', '954', '926', '905', '904', '900', '923', '891', '913', '890']
Cluster-9 Total nodes: 25 ['549', '551', '477', '478', '529', '454', '455', '459', '458', '485', '479', '476', '493', '464', '487', '511', '524', '447', '463', '468', '483', '503', '501', '457', '502']
Cluster-10 Total nodes: 19 ['571', '473', '494', '471', '465', '446', '481', '444', '456', '462', '482', '521', '445', '460', '461', '509', '508', '510', '517']
Cluster-11 Total nodes: 16 ['1392', '1364', '1374', '1438', '1451', '1455', '1449', '1339', '1386', '1430', '1432', '1379', '1492', '1378', '1403', '1340']
Cluster-12 Total nodes: 15 ['1718', '1554', '1564', '1620', '1654', '1759', '1635', '1613', '1595', '1682', '1683', '1700', '1581', '1624', '1637']
Cluster-13 Total nodes: 15 ['1440', '1366', '1373', '1505', '1506', '1408', '1513', '1436', '1388', '1426', '1462', '1405', '1357', '1368', '1391']
Cluster-14 Total nodes: 13 ['178', '185', '93', '133', '173', '61', '66', '74', '179', '81', '184', '135', '87']
Cluster-15 Total nodes: 12 ['676', '679', '682', '710', '673', '694', '719', '741', '749', '720', '745', '715']
Cluster-16 Total nodes: 12 ['1097', '892', '1073', '980', '956', '971', '937', '910', '912', '917', '896', '924']
Cluster-17 Total nodes: 12 ['1570', '1558', '1618', '1698', '1583', '1599', '1616', '1657', '1774', '1585', '1601', '1631']
Cluster-18 Total nodes: 11 ['290', '308', '395', '432', '306', '438', '345', '367', '382', '253', '245']
Cluster-19 Total nodes: 11 ['1319', '1111', '1310', '1240', '1167', '1115', '1157', '1158', '1172', '1227', '1201']
Cluster-20 Total nodes: 11 ['871', '877', '841', '801', '818', '858', '777', '762', '735', '769', '857']
Cluster-21 Total nodes: 10 ['1110', '1113', '1171', '1170', '1173', '1277', '1213', '1217', '1153', '1136']
Cluster-22 Total nodes: 10 ['1974', '1928', '1909', '1981', '1878', '1836', '1850', '1860', '1838', '1962']
Cluster-23 Total nodes: 10 ['109', '145', '216', '107', '169', '201', '92', '58', '167', '182']
Cluster-24 Total nodes: 9 ['1828', '1837', '1831', '1961', '1870', '1936', '1874', '1916', '1865']
Cluster-25 Total nodes: 9 ['893', '1011', '930', '953', '933', '911', '959', '943', '975']
Cluster-26 Total nodes: 9 ['1716', '1753', '1636', '1689', '1562', '1611', '1690', '1696', '1684']
Cluster-27 Total nodes: 9 ['1402', '1479', '1463', '1553', '1362', '1538', '1406', '1539', '1475']
Cluster-28 Total nodes: 9 ['132', '158', '177', '82', '110', '102', '72', '96', '129']
Cluster-29 Total nodes: 9 ['767', '736', '754', '775', '846', '726', '791', '849', '882']
Cluster-30 Total nodes: 8 ['1001', '1104', '1100', '1081', '938', '942', '925', '996']
Cluster-31 Total nodes: 8 ['1038', '1066', '984', '1062', '1060', '1000', '1010', '1044']
Cluster-32 Total nodes: 8 ['993', '889', '963', '967', '989', '987', '1026', '974']
Cluster-33 Total nodes: 8 ['1370', '1409', '1476', '1415', '1465', '1380', '1441', '1393']
Cluster-34 Total nodes: 8 ['137', '41', '186', '63', '103', '46', '47', '189']
Cluster-35 Total nodes: 8 ['76', '156', '159', '168', '89', '78', '114', '136']
Cluster-36 Total nodes: 8 ['452', '559', '453', '543', '595', '513', '554', '593']
Cluster-37 Total nodes: 8 ['797', '778', '827', '861', '887', '747', '883', '763']
Cluster-38 Total nodes: 8 ['1953', '1845', '1802', '1834', '1855', '1847', '1913', '1854']
Cluster-39 Total nodes: 8 ['545', '659', '526', '512', '602', '541', '533', '583']
Cluster-40 Total nodes: 7 ['241', '278', '339', '351', '222', '316', '372']
Cluster-41 Total nodes: 7 ['391', '439', '320', '343', '414', '360', '430']
Cluster-42 Total nodes: 7 ['1699', '1608', '1644', '1673', '1691', '1762', '1726']
Cluster-43 Total nodes: 7 ['1177', '1161', '1288', '1215', '1184', '1300', '1193']
Cluster-44 Total nodes: 7 ['1602', '1655', '1677', '1712', '1714', '1739', '1728']
Cluster-45 Total nodes: 7 ['1372', '1433', '1341', '1387', '1389', '1423', '1377']
Cluster-46 Total nodes: 7 ['1152', '1307', '1156', '1259', '1275', '1155', '1190']
Cluster-47 Total nodes: 7 ['128', '147', '5', '42', '49', '75', '27']
Cluster-48 Total nodes: 7 ['1266', '1305', '1179', '1264', '1199', '1250', '1269']
Cluster-49 Total nodes: 7 ['691', '758', '759', '756', '819', '868', '829']
Cluster-50 Total nodes: 7 ['48', '86', '138', '80', '31', '214', '7']
Cluster-51 Total nodes: 7 ['1869', '1857', '1931', '1901', '1940', '1949', '1992']
Cluster-52 Total nodes: 6 ['992', '1037', '955', '1056', '927', '1047']
Cluster-53 Total nodes: 6 ['376', '387', '408', '443', '329', '385']
Cluster-54 Total nodes: 6 ['671', '709', '728', '822', '839', '668']
Cluster-55 Total nodes: 6 ['1053', '997', '895', '1023', '914', '1048']
Cluster-56 Total nodes: 6 ['947', '894', '960', '961', '1007', '1050']
Cluster-57 Total nodes: 6 ['1399', '1488', '1398', '1537', '1480', '1525']
Cluster-58 Total nodes: 6 ['1297', '1162', '1133', '1138', '1137', '1168']
Cluster-59 Total nodes: 6 ['209', '170', '208', '124', '191', '161']
Cluster-60 Total nodes: 6 ['1803', '1830', '1905', '1800', '1807', '1805']
Cluster-61 Total nodes: 6 ['383', '350', '293', '287', '396', '325']
Cluster-62 Total nodes: 6 ['54', '112', '90', '51', '88', '73']
Cluster-63 Total nodes: 6 ['1833', '1779', '1920', '1806', '1969', '1891']
Cluster-64 Total nodes: 6 ['1764', '1723', '1661', '1670', '1746', '1756']
Cluster-65 Total nodes: 6 ['1116', '1267', '1278', '1209', '1309', '1276']
Cluster-66 Total nodes: 6 ['421', '248', '251', '428', '324', '311']
Cluster-67 Total nodes: 6 ['1088', '958', '1032', '964', '1089', '1084']
Cluster-68 Total nodes: 6 ['268', '338', '270', '271', '276', '296']
Cluster-69 Total nodes: 6 ['274', '415', '377', '229', '420', '417']
Cluster-70 Total nodes: 6 ['886', '836', '840', '872', '765', '821']
Cluster-71 Total nodes: 6 ['518', '448', '577', '634', '594', '486']
Cluster-72 Total nodes: 6 ['723', '830', '863', '807', '878', '880']
Cluster-73 Total nodes: 6 ['1917', '1942', '1906', '1868', '1887', '1944']
Cluster-74 Total nodes: 6 ['1231', '1166', '1260', '1295', '1272', '1303']
Cluster-75 Total nodes: 6 ['1676', '1664', '1609', '1660', '1694', '1638']
Cluster-76 Total nodes: 6 ['1626', '1751', '1560', '1701', '1748', '1629']
Cluster-77 Total nodes: 6 ['1431', '1481', '1444', '1502', '1458', '1489']
Cluster-78 Total nodes: 6 ['9', '71', '202', '127', '126', '144']
Cluster-79 Total nodes: 5 ['288', '299', '359', '298', '422']
Cluster-80 Total nodes: 5 ['300', '318', '434', '386', '289']
Cluster-81 Total nodes: 5 ['712', '770', '675', '833', '786']
Cluster-82 Total nodes: 5 ['931', '897', '1071', '1093', '1028']
Cluster-83 Total nodes: 5 ['1918', '1976', '1804', '1876', '1926']
Cluster-84 Total nodes: 5 ['1241', '1243', '1284', '1135', '1118']
Cluster-85 Total nodes: 5 ['1736', '1717', '1707', '1687', '1652']
Cluster-86 Total nodes: 5 ['1549', '1435', '1496', '1461', '1477']
Cluster-87 Total nodes: 5 ['284', '249', '319', '347', '388']
Cluster-88 Total nodes: 5 ['398', '266', '283', '321', '243']
Cluster-89 Total nodes: 5 ['1464', '1519', '1447', '1500', '1494']
Cluster-90 Total nodes: 5 ['302', '313', '315', '435', '369']
Cluster-91 Total nodes: 5 ['689', '696', '816', '792', '811']
Cluster-92 Total nodes: 5 ['492', '500', '514', '599', '556']
Cluster-93 Total nodes: 5 ['611', '484', '663', '496', '488']
Cluster-94 Total nodes: 5 ['1252', '1175', '1222', '1254', '1265']
Cluster-95 Total nodes: 5 ['981', '1009', '1019', '970', '1101']
Cluster-96 Total nodes: 5 ['1577', '1720', '1603', '1604', '1695']
Cluster-97 Total nodes: 5 ['1763', '1688', '1727', '1760', '1768']
Cluster-98 Total nodes: 5 ['1270', '1313', '1279', '1328', '1220']
Cluster-99 Total nodes: 5 ['1195', '1232', '1189', '1183', '1289']
Cluster-100 Total nodes: 5 ['474', '467', '449', '470', '498']
Cluster-101 Total nodes: 5 ['568', '516', '637', '576', '605']
Cluster-102 Total nodes: 4 ['1018', '1063', '1055', '1003']
Cluster-103 Total nodes: 4 ['1755', '1722', '1615', '1709']
Cluster-104 Total nodes: 4 ['407', '354', '336', '353']
Cluster-105 Total nodes: 4 ['328', '285', '322', '291']
Cluster-106 Total nodes: 4 ['1725', '1648', '1674', '1678']
Cluster-107 Total nodes: 4 ['1770', '1671', '1668', '1646']
Cluster-108 Total nodes: 4 ['966', '1012', '983', '950']
Cluster-109 Total nodes: 4 ['1552', '1541', '1524', '1551']
Cluster-110 Total nodes: 4 ['1419', '1407', '1474', '1499']
Cluster-111 Total nodes: 4 ['965', '1059', '1072', '944']
Cluster-112 Total nodes: 4 ['1973', '1893', '1937', '1977']
Cluster-113 Total nodes: 4 ['295', '431', '390', '282']
Cluster-114 Total nodes: 4 ['77', '155', '166', '183']
Cluster-115 Total nodes: 4 ['279', '305', '346', '365']
Cluster-116 Total nodes: 4 ['817', '803', '856', '781']
Cluster-117 Total nodes: 4 ['327', '256', '378', '272']
Cluster-118 Total nodes: 4 ['264', '292', '331', '425']
Cluster-119 Total nodes: 4 ['323', '341', '356', '441']
Cluster-120 Total nodes: 4 ['795', '838', '845', '873']
Cluster-121 Total nodes: 4 ['1563', '1732', '1681', '1628']
Cluster-122 Total nodes: 4 ['707', '764', '874', '812']
Cluster-123 Total nodes: 4 ['785', '796', '866', '852']
Cluster-124 Total nodes: 4 ['805', '820', '776', '848']
Cluster-125 Total nodes: 4 ['869', '862', '843', '753']
Cluster-126 Total nodes: 4 ['825', '740', '737', '783']
Cluster-127 Total nodes: 4 ['1437', '1445', '1490', '1453']
Cluster-128 Total nodes: 4 ['480', '625', '613', '660']
Cluster-129 Total nodes: 4 ['646', '653', '629', '527']
Cluster-130 Total nodes: 4 ['1140', '1181', '1285', '1197']
Cluster-131 Total nodes: 4 ['506', '523', '505', '624']
Cluster-132 Total nodes: 4 ['994', '972', '1052', '973']
Cluster-133 Total nodes: 4 ['1119', '1206', '1203', '1255']
Cluster-134 Total nodes: 4 ['1929', '1950', '1867', '1895']
Cluster-135 Total nodes: 4 ['1975', '1799', '1979', '1912']
Cluster-136 Total nodes: 4 ['1022', '969', '1040', '995']
Cluster-137 Total nodes: 4 ['1665', '1711', '1666', '1752']
Cluster-138 Total nodes: 4 ['1238', '1327', '1251', '1274']
Cluster-139 Total nodes: 4 ['1710', '1658', '1667', '1663']
Cluster-140 Total nodes: 4 ['1679', '1703', '1769', '1744']
Cluster-141 Total nodes: 4 ['1390', '1460', '1385', '1522']
Cluster-142 Total nodes: 4 ['1230', '1154', '1221', '1211']
Cluster-143 Total nodes: 4 ['1298', '1321', '1280', '1228']
Cluster-144 Total nodes: 4 ['499', '550', '525', '557']
Cluster-145 Total nodes: 4 ['188', '134', '221', '217']
Cluster-146 Total nodes: 4 ['641', '495', '540', '450']
Cluster-147 Total nodes: 3 ['1925', '1907', '1784']
Cluster-148 Total nodes: 3 ['1079', '1016', '1041']
Cluster-149 Total nodes: 3 ['1967', '1879', '1934']
Cluster-150 Total nodes: 3 ['1442', '1337', '1515']
Cluster-151 Total nodes: 3 ['389', '373', '273']
Cluster-152 Total nodes: 3 ['392', '326', '424']
Cluster-153 Total nodes: 3 ['1108', '1008', '1014']
Cluster-154 Total nodes: 3 ['929', '985', '928']
Cluster-155 Total nodes: 3 ['1400', '1478', '1487']
Cluster-156 Total nodes: 3 ['1853', '1938', '1994']
Cluster-157 Total nodes: 3 ['1098', '1092', '979']
Cluster-158 Total nodes: 3 ['1376', '1452', '1534']
Cluster-159 Total nodes: 3 ['1954', '1875', '1991']
Cluster-160 Total nodes: 3 ['1825', '1980', '1863']
Cluster-161 Total nodes: 3 ['1858', '1965', '1872']
Cluster-162 Total nodes: 3 ['1877', '1881', '1899']
Cluster-163 Total nodes: 3 ['160', '116', '211']
Cluster-164 Total nodes: 3 ['101', '119', '206']
Cluster-165 Total nodes: 3 ['195', '69', '164']
Cluster-166 Total nodes: 3 ['1908', '1958', '1930']
Cluster-167 Total nodes: 3 ['1584', '1640', '1561']
Cluster-168 Total nodes: 3 ['1737', '1653', '1758']
Cluster-169 Total nodes: 3 ['1413', '1508', '1417']
Cluster-170 Total nodes: 3 ['277', '247', '252']
Cluster-171 Total nodes: 3 ['342', '344', '404']
Cluster-172 Total nodes: 3 ['297', '333', '330']
Cluster-173 Total nodes: 3 ['1302', '1200', '1306']
Cluster-174 Total nodes: 3 ['713', '780', '672']
Cluster-175 Total nodes: 3 ['616', '610', '538']
Cluster-176 Total nodes: 3 ['804', '867', '808']
Cluster-177 Total nodes: 3 ['690', '727', '729']
Cluster-178 Total nodes: 3 ['743', '847', '800']
Cluster-179 Total nodes: 3 ['798', '832', '881']
Cluster-180 Total nodes: 3 ['472', '573', '615']
Cluster-181 Total nodes: 3 ['1459', '1486', '1395']
Cluster-182 Total nodes: 3 ['572', '656', '664']
Cluster-183 Total nodes: 3 ['122', '192', '200']
Cluster-184 Total nodes: 3 ['563', '636', '489']
Cluster-185 Total nodes: 3 ['143', '190', '218']
Cluster-186 Total nodes: 3 ['988', '1102', '1109']
Cluster-187 Total nodes: 3 ['1947', '1851', '1900']
Cluster-188 Total nodes: 3 ['1933', '1839', '1832']
Cluster-189 Total nodes: 3 ['1797', '1982', '1956']
Cluster-190 Total nodes: 3 ['1957', '1910', '1923']
Cluster-191 Total nodes: 3 ['1083', '1017', '1005']
Cluster-192 Total nodes: 3 ['504', '604', '535']
Cluster-193 Total nodes: 3 ['940', '977', '999']
Cluster-194 Total nodes: 3 ['620', '606', '607']
Cluster-195 Total nodes: 3 ['1034', '1065', '976']
Cluster-196 Total nodes: 3 ['1325', '1207', '1229']
Cluster-197 Total nodes: 3 ['1456', '1533', '1450']
Cluster-198 Total nodes: 3 ['1160', '1322', '1214']
Cluster-199 Total nodes: 3 ['1224', '1194', '1245']
Cluster-200 Total nodes: 3 ['1205', '1304', '1308']
Cluster-201 Total nodes: 3 ['1226', '1204', '1236']
Cluster-202 Total nodes: 3 ['1439', '1471', '1421']
Cluster-203 Total nodes: 3 ['1542', '1516', '1527']
Cluster-204 Total nodes: 3 ['1163', '1176', '1247']
Cluster-205 Total nodes: 3 ['627', '630', '635']
Cluster-206 Total nodes: 3 ['1182', '1271', '1134']
Cluster-207 Total nodes: 3 ['1434', '1356', '1358']
Cluster-208 Total nodes: 3 ['98', '111', '117']
Cluster-209 Total nodes: 3 ['469', '466', '534']
Cluster-210 Total nodes: 3 ['213', '181', '65']
Cluster-211 Total nodes: 3 ['146', '153', '99']
Cluster-212 Total nodes: 3 ['597', '548', '552']
Cluster-213 Total nodes: 3 ['575', '633', '626']
Cluster-214 Total nodes: 3 ['632', '588', '569']
Cluster-215 Total nodes: 2 ['1532', '1497']
Cluster-216 Total nodes: 2 ['1520', '1503']
Cluster-217 Total nodes: 2 ['1051', '1061']
Cluster-218 Total nodes: 2 ['957', '1042']
Cluster-219 Total nodes: 2 ['991', '1107']
Cluster-220 Total nodes: 2 ['1218', '1268']
Cluster-221 Total nodes: 2 ['1880', '1911']
Cluster-222 Total nodes: 2 ['1983', '1864']
Cluster-223 Total nodes: 2 ['1610', '1606']
Cluster-224 Total nodes: 2 ['1086', '1099']
Cluster-225 Total nodes: 2 ['1049', '1077']
Cluster-226 Total nodes: 2 ['916', '951']
Cluster-227 Total nodes: 2 ['1087', '1025']
Cluster-228 Total nodes: 2 ['1904', '1952']
Cluster-229 Total nodes: 2 ['1948', '1849']
Cluster-230 Total nodes: 2 ['1096', '1091']
Cluster-231 Total nodes: 2 ['131', '174']
Cluster-232 Total nodes: 2 ['176', '113']
Cluster-233 Total nodes: 2 ['1749', '1649']
Cluster-234 Total nodes: 2 ['744', '784']
Cluster-235 Total nodes: 2 ['515', '584']
Cluster-236 Total nodes: 2 ['1518', '1544']
Cluster-237 Total nodes: 2 ['307', '304']
Cluster-238 Total nodes: 2 ['275', '371']
Cluster-239 Total nodes: 2 ['281', '228']
Cluster-240 Total nodes: 2 ['380', '294']
Cluster-241 Total nodes: 2 ['405', '370']
Cluster-242 Total nodes: 2 ['418', '334']
Cluster-243 Total nodes: 2 ['402', '427']
Cluster-244 Total nodes: 2 ['437', '357']
Cluster-245 Total nodes: 2 ['314', '379']
Cluster-246 Total nodes: 2 ['761', '768']
Cluster-247 Total nodes: 2 ['601', '497']
Cluster-248 Total nodes: 2 ['531', '612']
Cluster-249 Total nodes: 2 ['364', '374']
Cluster-250 Total nodes: 2 ['1424', '1504']
Cluster-251 Total nodes: 2 ['810', '876']
Cluster-252 Total nodes: 2 ['717', '755']
Cluster-253 Total nodes: 2 ['530', '617']
Cluster-254 Total nodes: 2 ['746', '794']
Cluster-255 Total nodes: 2 ['766', '870']
Cluster-256 Total nodes: 2 ['854', '865']
Cluster-257 Total nodes: 2 ['779', '823']
Cluster-258 Total nodes: 2 ['706', '853']
Cluster-259 Total nodes: 2 ['837', '844']
Cluster-260 Total nodes: 2 ['760', '793']
Cluster-261 Total nodes: 2 ['739', '831']
Cluster-262 Total nodes: 2 ['813', '815']
Cluster-263 Total nodes: 2 ['490', '651']
Cluster-264 Total nodes: 2 ['1312', '1210']
Cluster-265 Total nodes: 2 ['945', '919']
Cluster-266 Total nodes: 2 ['1248', '1261']
Cluster-267 Total nodes: 2 ['1253', '1242']
Cluster-268 Total nodes: 2 ['507', '555']
Cluster-269 Total nodes: 2 ['654', '643']
Cluster-270 Total nodes: 2 ['665', '558']
Cluster-271 Total nodes: 2 ['1902', '1892']
Cluster-272 Total nodes: 2 ['1932', '1960']
Cluster-273 Total nodes: 2 ['1941', '1824']
Cluster-274 Total nodes: 2 ['1919', '1927']
Cluster-275 Total nodes: 2 ['1884', '1963']
Cluster-276 Total nodes: 2 ['1896', '1890']
Cluster-277 Total nodes: 2 ['1922', '1885']
Cluster-278 Total nodes: 2 ['570', '591']
Cluster-279 Total nodes: 2 ['1064', '1024']
Cluster-280 Total nodes: 2 ['1233', '1219']
Cluster-281 Total nodes: 2 ['1004', '1021']
Cluster-282 Total nodes: 2 ['1054', '1085']
Cluster-283 Total nodes: 2 ['962', '1020']
Cluster-284 Total nodes: 2 ['1029', '1031']
Cluster-285 Total nodes: 2 ['1767', '1747']
Cluster-286 Total nodes: 2 ['1680', '1745']
Cluster-287 Total nodes: 2 ['1035', '1046']
Cluster-288 Total nodes: 2 ['1633', '1625']
Cluster-289 Total nodes: 2 ['941', '1095']
Cluster-290 Total nodes: 2 ['939', '1106']
Cluster-291 Total nodes: 2 ['1057', '978']
Cluster-292 Total nodes: 2 ['1623', '1733']
Cluster-293 Total nodes: 2 ['1705', '1632']
Cluster-294 Total nodes: 2 ['1715', '1765']
Cluster-295 Total nodes: 2 ['1511', '1550']
Cluster-296 Total nodes: 2 ['1316', '1324']
Cluster-297 Total nodes: 2 ['1146', '1202']
Cluster-298 Total nodes: 2 ['1730', '1639']
Cluster-299 Total nodes: 2 ['1384', '1382']
Cluster-300 Total nodes: 2 ['1685', '1757']
Cluster-301 Total nodes: 2 ['1293', '1296']
Cluster-302 Total nodes: 2 ['1692', '1766']
Cluster-303 Total nodes: 2 ['1693', '1645']
Cluster-304 Total nodes: 2 ['1643', '1772']
Cluster-305 Total nodes: 2 ['1291', '1192']
Cluster-306 Total nodes: 2 ['1457', '1529']
Cluster-307 Total nodes: 2 ['1485', '1491']
Cluster-308 Total nodes: 2 ['1472', '1498']
Cluster-309 Total nodes: 2 ['1521', '1535']
Cluster-310 Total nodes: 2 ['1530', '1547']
Cluster-311 Total nodes: 2 ['1420', '1512']
Cluster-312 Total nodes: 2 ['1246', '1290']
Cluster-313 Total nodes: 2 ['1283', '1292']
Cluster-314 Total nodes: 2 ['1244', '1311']
Cluster-315 Total nodes: 2 ['1301', '1282']
Cluster-316 Total nodes: 2 ['537', '542']
Cluster-317 Total nodes: 2 ['1216', '1262']
Cluster-318 Total nodes: 2 ['1273', '1286']
Cluster-319 Total nodes: 2 ['553', '564']
Cluster-320 Total nodes: 2 ['1886', '1903']
Cluster-321 Total nodes: 2 ['1410', '1548']
Cluster-322 Total nodes: 2 ['1531', '1526']
Cluster-323 Total nodes: 2 ['1483', '1493']
Cluster-324 Total nodes: 2 ['1523', '1545']
Cluster-325 Total nodes: 2 ['162', '141']
Cluster-326 Total nodes: 2 ['149', '198']
Cluster-327 Total nodes: 2 ['60', '171']
Cluster-328 Total nodes: 2 ['193', '199']
Cluster-329 Total nodes: 2 ['104', '120']
Cluster-330 Total nodes: 2 ['62', '197']
Cluster-331 Total nodes: 2 ['94', '172']
Cluster-332 Total nodes: 2 ['528', '619']
Cluster-333 Total nodes: 2 ['140', '204']
Cluster-334 Total nodes: 2 ['219', '84']
Cluster-335 Total nodes: 2 ['115', '118']
Cluster-336 Total nodes: 2 ['56', '29']
Cluster-337 Total nodes: 2 ['85', '28']
Cluster-338 Total nodes: 2 ['180', '210']
Cluster-339 Total nodes: 2 ['148', '108']
Cluster-340 Total nodes: 2 ['638', '639']
Cluster-341 Total nodes: 2 ['546', '603']
Cluster-342 Total nodes: 2 ['640', '585']
Cluster-343 Total nodes: 2 ['574', '648']
Cluster-344 Total nodes: 2 ['860', '748']
Cluster-345 Total nodes: 2 ['596', '658']
Cluster-346 Total nodes: 2 ['1234', '1256']
Cluster-347 Total nodes: 2 ['618', '586']
Cluster-348 Total nodes: 2 ['661', '580']
Cluster-349 Total nodes: 2 ['828', '851']
Cluster-350 Total nodes: 2 ['519', '520']
Cluster-351 Total nodes: 2 ['631', '544']
Cluster-352 Total nodes: 2 ['589', '491']
Cluster-353 Total nodes: 2 ['609', '581']
Cluster-354 Total nodes: 1 ['1985']
Cluster-355 Total nodes: 1 ['806']
Cluster-356 Total nodes: 1 ['310']
Cluster-357 Total nodes: 1 ['355']
Cluster-358 Total nodes: 1 ['1966']
Cluster-359 Total nodes: 1 ['1915']
Cluster-360 Total nodes: 1 ['1036']
Cluster-361 Total nodes: 1 ['1069']
Cluster-362 Total nodes: 1 ['1078']
Cluster-363 Total nodes: 1 ['1103']
Cluster-364 Total nodes: 1 ['1067']
Cluster-365 Total nodes: 1 ['990']
Cluster-366 Total nodes: 1 ['1331']
Cluster-367 Total nodes: 1 ['1659']
Cluster-368 Total nodes: 1 ['426']
Cluster-369 Total nodes: 1 ['1995']
Cluster-370 Total nodes: 1 ['1968']
Cluster-371 Total nodes: 1 ['1641']
Cluster-372 Total nodes: 1 ['1002']
Cluster-373 Total nodes: 1 ['1540']
Cluster-374 Total nodes: 1 ['1080']
Cluster-375 Total nodes: 1 ['1412']
Cluster-376 Total nodes: 1 ['1094']
Cluster-377 Total nodes: 1 ['1924']
Cluster-378 Total nodes: 1 ['53']
Cluster-379 Total nodes: 1 ['212']
Cluster-380 Total nodes: 1 ['368']
Cluster-381 Total nodes: 1 ['400']
Cluster-382 Total nodes: 1 ['409']
Cluster-383 Total nodes: 1 ['406']
Cluster-384 Total nodes: 1 ['411']
Cluster-385 Total nodes: 1 ['397']
Cluster-386 Total nodes: 1 ['412']
Cluster-387 Total nodes: 1 ['416']
Cluster-388 Total nodes: 1 ['429']
Cluster-389 Total nodes: 1 ['349']
Cluster-390 Total nodes: 1 ['352']
Cluster-391 Total nodes: 1 ['375']
Cluster-392 Total nodes: 1 ['250']
Cluster-393 Total nodes: 1 ['401']
Cluster-394 Total nodes: 1 ['309']
Cluster-395 Total nodes: 1 ['267']
Cluster-396 Total nodes: 1 ['269']
Cluster-397 Total nodes: 1 ['608']
Cluster-398 Total nodes: 1 ['335']
Cluster-399 Total nodes: 1 ['433']
Cluster-400 Total nodes: 1 ['340']
Cluster-401 Total nodes: 1 ['394']
Cluster-402 Total nodes: 1 ['301']
Cluster-403 Total nodes: 1 ['358']
Cluster-404 Total nodes: 1 ['121']
Cluster-405 Total nodes: 1 ['231']
Cluster-406 Total nodes: 1 ['312']
Cluster-407 Total nodes: 1 ['337']
Cluster-408 Total nodes: 1 ['381']
Cluster-409 Total nodes: 1 ['410']
Cluster-410 Total nodes: 1 ['1543']
Cluster-411 Total nodes: 1 ['1546']
Cluster-412 Total nodes: 1 ['1495']
Cluster-413 Total nodes: 1 ['692']
Cluster-414 Total nodes: 1 ['789']
Cluster-415 Total nodes: 1 ['799']
Cluster-416 Total nodes: 1 ['842']
Cluster-417 Total nodes: 1 ['879']
Cluster-418 Total nodes: 1 ['884']
Cluster-419 Total nodes: 1 ['582']
Cluster-420 Total nodes: 1 ['771']
Cluster-421 Total nodes: 1 ['773']
Cluster-422 Total nodes: 1 ['790']
Cluster-423 Total nodes: 1 ['814']
Cluster-424 Total nodes: 1 ['835']
Cluster-425 Total nodes: 1 ['855']
Cluster-426 Total nodes: 1 ['738']
Cluster-427 Total nodes: 1 ['875']
Cluster-428 Total nodes: 1 ['782']
Cluster-429 Total nodes: 1 ['850']
Cluster-430 Total nodes: 1 ['757']
Cluster-431 Total nodes: 1 ['859']
Cluster-432 Total nodes: 1 ['750']
Cluster-433 Total nodes: 1 ['751']
Cluster-434 Total nodes: 1 ['621']
Cluster-435 Total nodes: 1 ['742']
Cluster-436 Total nodes: 1 ['440']
Cluster-437 Total nodes: 1 ['393']
Cluster-438 Total nodes: 1 ['399']
Cluster-439 Total nodes: 1 ['547']
Cluster-440 Total nodes: 1 ['332']
Cluster-441 Total nodes: 1 ['403']
Cluster-442 Total nodes: 1 ['1299']
Cluster-443 Total nodes: 1 ['348']
Cluster-444 Total nodes: 1 ['436']
Cluster-445 Total nodes: 1 ['442']
Cluster-446 Total nodes: 1 ['413']
Cluster-447 Total nodes: 1 ['317']
Cluster-448 Total nodes: 1 ['362']
Cluster-449 Total nodes: 1 ['366']
Cluster-450 Total nodes: 1 ['1978']
Cluster-451 Total nodes: 1 ['1971']
Cluster-452 Total nodes: 1 ['1984']
Cluster-453 Total nodes: 1 ['1871']
Cluster-454 Total nodes: 1 ['1888']
Cluster-455 Total nodes: 1 ['1889']
Cluster-456 Total nodes: 1 ['1898']
Cluster-457 Total nodes: 1 ['1964']
Cluster-458 Total nodes: 1 ['1861']
Cluster-459 Total nodes: 1 ['1914']
Cluster-460 Total nodes: 1 ['1281']
Cluster-461 Total nodes: 1 ['1986']
Cluster-462 Total nodes: 1 ['1835']
Cluster-463 Total nodes: 1 ['1848']
Cluster-464 Total nodes: 1 ['1945']
Cluster-465 Total nodes: 1 ['1987']
Cluster-466 Total nodes: 1 ['1990']
Cluster-467 Total nodes: 1 ['1882']
Cluster-468 Total nodes: 1 ['1897']
Cluster-469 Total nodes: 1 ['1989']
Cluster-470 Total nodes: 1 ['1946']
Cluster-471 Total nodes: 1 ['1955']
Cluster-472 Total nodes: 1 ['1075']
Cluster-473 Total nodes: 1 ['623']
Cluster-474 Total nodes: 1 ['1030']
Cluster-475 Total nodes: 1 ['986']
Cluster-476 Total nodes: 1 ['1043']
Cluster-477 Total nodes: 1 ['1704']
Cluster-478 Total nodes: 1 ['1662']
Cluster-479 Total nodes: 1 ['1033']
Cluster-480 Total nodes: 1 ['1058']
Cluster-481 Total nodes: 1 ['1076']
Cluster-482 Total nodes: 1 ['968']
Cluster-483 Total nodes: 1 ['998']
Cluster-484 Total nodes: 1 ['1015']
Cluster-485 Total nodes: 1 ['1045']
Cluster-486 Total nodes: 1 ['1105']
Cluster-487 Total nodes: 1 ['1090']
Cluster-488 Total nodes: 1 ['1027']
Cluster-489 Total nodes: 1 ['423']
Cluster-490 Total nodes: 1 ['1039']
Cluster-491 Total nodes: 1 ['1070']
Cluster-492 Total nodes: 1 ['1738']
Cluster-493 Total nodes: 1 ['1724']
Cluster-494 Total nodes: 1 ['946']
Cluster-495 Total nodes: 1 ['303']
Cluster-496 Total nodes: 1 ['949']
Cluster-497 Total nodes: 1 ['1006']
Cluster-498 Total nodes: 1 ['598']
Cluster-499 Total nodes: 1 ['1074']
Cluster-500 Total nodes: 1 ['655']
Cluster-501 Total nodes: 1 ['1775']
Cluster-502 Total nodes: 1 ['1697']
Cluster-503 Total nodes: 1 ['1329']
Cluster-504 Total nodes: 1 ['1235']
Cluster-505 Total nodes: 1 ['1734']
Cluster-506 Total nodes: 1 ['1735']
Cluster-507 Total nodes: 1 ['1740']
Cluster-508 Total nodes: 1 ['1741']
Cluster-509 Total nodes: 1 ['1773']
Cluster-510 Total nodes: 1 ['1656']
Cluster-511 Total nodes: 1 ['1672']
Cluster-512 Total nodes: 1 ['1686']
Cluster-513 Total nodes: 1 ['1708']
Cluster-514 Total nodes: 1 ['1742']
Cluster-515 Total nodes: 1 ['1634']
Cluster-516 Total nodes: 1 ['1706']
Cluster-517 Total nodes: 1 ['1729']
Cluster-518 Total nodes: 1 ['1702']
Cluster-519 Total nodes: 1 ['1743']
Cluster-520 Total nodes: 1 ['1630']
Cluster-521 Total nodes: 1 ['1761']
Cluster-522 Total nodes: 1 ['1771']
Cluster-523 Total nodes: 1 ['1754']
Cluster-524 Total nodes: 1 ['1669']
Cluster-525 Total nodes: 1 ['1721']
Cluster-526 Total nodes: 1 ['1859']
Cluster-527 Total nodes: 1 ['1988']
Cluster-528 Total nodes: 1 ['1429']
Cluster-529 Total nodes: 1 ['579']
Cluster-530 Total nodes: 1 ['1469']
Cluster-531 Total nodes: 1 ['1416']
Cluster-532 Total nodes: 1 ['1425']
Cluster-533 Total nodes: 1 ['1467']
Cluster-534 Total nodes: 1 ['1509']
Cluster-535 Total nodes: 1 ['1448']
Cluster-536 Total nodes: 1 ['1470']
Cluster-537 Total nodes: 1 ['1394']
Cluster-538 Total nodes: 1 ['1411']
Cluster-539 Total nodes: 1 ['1414']
Cluster-540 Total nodes: 1 ['1381']
Cluster-541 Total nodes: 1 ['1482']
Cluster-542 Total nodes: 1 ['1418']
Cluster-543 Total nodes: 1 ['1517']
Cluster-544 Total nodes: 1 ['1514']
Cluster-545 Total nodes: 1 ['1317']
Cluster-546 Total nodes: 1 ['1191']
Cluster-547 Total nodes: 1 ['1323']
Cluster-548 Total nodes: 1 ['1330']
Cluster-549 Total nodes: 1 ['1223']
Cluster-550 Total nodes: 1 ['1237']
Cluster-551 Total nodes: 1 ['1263']
Cluster-552 Total nodes: 1 ['1287']
Cluster-553 Total nodes: 1 ['1326']
Cluster-554 Total nodes: 1 ['1239']
Cluster-555 Total nodes: 1 ['1198']
Cluster-556 Total nodes: 1 ['1713']
Cluster-557 Total nodes: 1 ['1208']
Cluster-558 Total nodes: 1 ['1959']
Cluster-559 Total nodes: 1 ['1257']
Cluster-560 Total nodes: 1 ['1169']
Cluster-561 Total nodes: 1 ['1997']
Cluster-562 Total nodes: 1 ['1996']
Cluster-563 Total nodes: 1 ['1225']
Cluster-564 Total nodes: 1 ['1921']
Cluster-565 Total nodes: 1 ['1972']
Cluster-566 Total nodes: 1 ['1894']
Cluster-567 Total nodes: 1 ['1951']
Cluster-568 Total nodes: 1 ['1970']
Cluster-569 Total nodes: 1 ['1862']
Cluster-570 Total nodes: 1 ['1993']
Cluster-571 Total nodes: 1 ['1935']
Cluster-572 Total nodes: 1 ['1939']
Cluster-573 Total nodes: 1 ['645']
Cluster-574 Total nodes: 1 ['1719']
Cluster-575 Total nodes: 1 ['1750']
Cluster-576 Total nodes: 1 ['1068']
Cluster-577 Total nodes: 1 ['1082']
Cluster-578 Total nodes: 1 ['982']
Cluster-579 Total nodes: 1 ['1422']
Cluster-580 Total nodes: 1 ['1443']
Cluster-581 Total nodes: 1 ['1427']
Cluster-582 Total nodes: 1 ['1446']
Cluster-583 Total nodes: 1 ['1466']
Cluster-584 Total nodes: 1 ['1473']
Cluster-585 Total nodes: 1 ['1528']
Cluster-586 Total nodes: 1 ['1501']
Cluster-587 Total nodes: 1 ['1484']
Cluster-588 Total nodes: 1 ['1536']
Cluster-589 Total nodes: 1 ['1510']
Cluster-590 Total nodes: 1 ['207']
Cluster-591 Total nodes: 1 ['539']
Cluster-592 Total nodes: 1 ['566']
Cluster-593 Total nodes: 1 ['205']
Cluster-594 Total nodes: 1 ['151']
Cluster-595 Total nodes: 1 ['105']
Cluster-596 Total nodes: 1 ['97']
Cluster-597 Total nodes: 1 ['203']
Cluster-598 Total nodes: 1 ['220']
Cluster-599 Total nodes: 1 ['215']
Cluster-600 Total nodes: 1 ['175']
Cluster-601 Total nodes: 1 ['125']
Cluster-602 Total nodes: 1 ['194']
Cluster-603 Total nodes: 1 ['150']
Cluster-604 Total nodes: 1 ['561']
Cluster-605 Total nodes: 1 ['475']
Cluster-606 Total nodes: 1 ['91']
Cluster-607 Total nodes: 1 ['600']
Cluster-608 Total nodes: 1 ['154']
Cluster-609 Total nodes: 1 ['187']
Cluster-610 Total nodes: 1 ['142']
Cluster-611 Total nodes: 1 ['55']
Cluster-612 Total nodes: 1 ['95']
Cluster-613 Total nodes: 1 ['163']
Cluster-614 Total nodes: 1 ['106']
Cluster-615 Total nodes: 1 ['157']
Cluster-616 Total nodes: 1 ['1315']
Cluster-617 Total nodes: 1 ['1117']
Cluster-618 Total nodes: 1 ['590']
Cluster-619 Total nodes: 1 ['788']
Cluster-620 Total nodes: 1 ['649']
Cluster-621 Total nodes: 1 ['522']
Cluster-622 Total nodes: 1 ['614']
Cluster-623 Total nodes: 1 ['657']
Cluster-624 Total nodes: 1 ['592']
Cluster-625 Total nodes: 1 ['752']
Cluster-626 Total nodes: 1 ['1258']
Cluster-627 Total nodes: 1 ['650']
Cluster-628 Total nodes: 1 ['622']
Cluster-629 Total nodes: 1 ['578']
Cluster-630 Total nodes: 1 ['1314']
Cluster-631 Total nodes: 1 ['772']
Cluster-632 Total nodes: 1 ['1318']
Cluster-633 Total nodes: 1 ['652']
Cluster-634 Total nodes: 1 ['644']
Cluster-635 Total nodes: 1 ['826']
Cluster-636 Total nodes: 1 ['824']
Cluster-637 Total nodes: 1 ['885']
Cluster-638 Total nodes: 1 ['787']
Cluster-639 Total nodes: 1 ['834']
Cluster-640 Total nodes: 1 ['802']
Cluster-641 Total nodes: 1 ['809']
Cluster-642 Total nodes: 1 ['451']
Cluster-643 Total nodes: 1 ['532']
Cluster-644 Total nodes: 1 ['560']
Cluster-645 Total nodes: 1 ['662']
Cluster-646 Total nodes: 1 ['562']
Cluster-647 Total nodes: 1 ['567']
Cluster-648 Total nodes: 1 ['642']
Cluster-649 Total nodes: 1 ['536']
Cluster-650 Total nodes: 1 ['565']
Cluster-651 Total nodes: 1 ['587']
Cluster-652 Total nodes: 1 ['1249']
Cluster-653 Total nodes: 1 ['1647']
Cluster-654 Total nodes: 1 ['628']
Cluster-655 Total nodes: 1 ['647']

level-2 completes in 63.596862 seconds
Cluster-1 Total nodes: 222 ['33', '130', '152', '165', '43', '44', '139', '196', '79', '100', '123', '6', '10', '11', '12', '14', '25', '30', '34', '18', '1', '8', '15', '32', '35', '3', '38', '67', '37', '40', '52', '57', '83', '17', '24', '13', '23', '70', '64', '68', '0', '20', '16', '19', '39', '2', '26', '21', '45', '4', '59', '36', '50', '22', '157', '106', '163', '95', '55', '154', '150', '194', '125', '175', '215', '220', '203', '97', '105', '151', '205', '207', '121', '212', '53', '148', '108', '180', '210', '85', '28', '56', '29', '219', '84', '140', '204', '94', '172', '62', '197', '104', '120', '60', '171', '176', '113', '131', '174', '146', '153', '99', '213', '181', '65', '98', '111', '117', '143', '190', '218', '122', '192', '200', '195', '69', '164', '101', '119', '206', '160', '116', '211', '188', '134', '221', '217', '77', '155', '166', '183', '9', '71', '202', '127', '126', '144', '54', '112', '90', '51', '88', '73', '209', '170', '208', '124', '191', '161', '48', '86', '138', '80', '31', '214', '7', '128', '147', '5', '42', '49', '75', '27', '76', '156', '159', '168', '89', '78', '114', '136', '137', '41', '186', '63', '103', '46', '47', '189', '132', '158', '177', '82', '110', '102', '72', '96', '129', '109', '145', '216', '107', '169', '201', '92', '58', '167', '182', '178', '185', '93', '133', '173', '61', '66', '74', '179', '81', '184', '135', '87', '142', '187', '91', '115', '118', '193', '199', '149', '198', '162', '141']
Cluster-2 Total nodes: 222 ['1883', '1943', '1777', '1791', '1795', '1809', '1816', '1819', '1842', '1856', '1873', '1818', '1846', '1866', '1844', '1785', '1789', '1790', '1810', '1811', '1815', '1826', '1827', '1786', '1843', '1852', '1813', '1841', '1776', '1787', '1792', '1814', '1796', '1808', '1821', '1829', '1794', '1798', '1812', '1817', '1820', '1780', '1781', '1783', '1788', '1823', '1778', '1822', '1840', '1793', '1801', '1782', '1939', '1862', '1951', '1894', '1972', '1921', '1996', '1988', '1859', '1955', '1946', '1989', '1897', '1882', '1990', '1987', '1945', '1848', '1835', '1986', '1914', '1861', '1964', '1898', '1889', '1871', '1984', '1971', '1978', '1924', '1995', '1915', '1966', '1985', '1886', '1903', '1922', '1885', '1896', '1890', '1884', '1963', '1941', '1824', '1932', '1960', '1902', '1892', '1948', '1849', '1904', '1952', '1983', '1864', '1880', '1911', '1957', '1910', '1923', '1797', '1982', '1956', '1933', '1839', '1832', '1947', '1851', '1900', '1908', '1958', '1930', '1877', '1881', '1899', '1858', '1965', '1872', '1825', '1980', '1863', '1954', '1875', '1991', '1853', '1938', '1994', '1967', '1879', '1934', '1925', '1907', '1784', '1975', '1799', '1979', '1912', '1929', '1950', '1867', '1895', '1973', '1893', '1937', '1977', '1918', '1976', '1804', '1876', '1926', '1917', '1942', '1906', '1868', '1887', '1944', '1833', '1779', '1920', '1806', '1969', '1891', '1803', '1830', '1905', '1800', '1807', '1805', '1869', '1857', '1931', '1901', '1940', '1949', '1992', '1953', '1845', '1802', '1834', '1855', '1847', '1913', '1854', '1828', '1837', '1831', '1961', '1870', '1936', '1874', '1916', '1865', '1968', '1974', '1928', '1909', '1981', '1878', '1836', '1850', '1860', '1838', '1962', '1935', '1993', '1970', '1997', '1959', '1888', '1919', '1927']
Cluster-3 Total nodes: 222 ['1675', '1731', '1586', '1592', '1627', '1572', '1573', '1591', '1559', '1566', '1587', '1593', '1571', '1574', '1575', '1579', '1580', '1582', '1589', '1594', '1596', '1597', '1621', '1642', '1651', '1555', '1557', '1565', '1567', '1568', '1569', '1588', '1607', '1622', '1650', '1614', '1600', '1619', '1576', '1590', '1598', '1612', '1578', '1556', '1605', '1617', '1647', '1719', '1713', '1721', '1754', '1630', '1743', '1702', '1706', '1634', '1686', '1672', '1656', '1773', '1740', '1735', '1734', '1775', '1724', '1738', '1662', '1704', '1641', '1659', '1643', '1772', '1693', '1645', '1692', '1766', '1730', '1639', '1705', '1632', '1623', '1733', '1633', '1625', '1680', '1745', '1767', '1747', '1749', '1649', '1610', '1606', '1737', '1653', '1758', '1584', '1640', '1561', '1679', '1703', '1769', '1744', '1710', '1658', '1667', '1663', '1665', '1711', '1666', '1752', '1563', '1732', '1681', '1628', '1770', '1671', '1668', '1646', '1725', '1648', '1674', '1678', '1755', '1722', '1615', '1709', '1763', '1688', '1727', '1760', '1768', '1577', '1720', '1603', '1604', '1695', '1736', '1717', '1707', '1687', '1652', '1626', '1751', '1560', '1701', '1748', '1629', '1676', '1664', '1609', '1660', '1694', '1638', '1764', '1723', '1661', '1670', '1746', '1756', '1602', '1655', '1677', '1712', '1714', '1739', '1728', '1699', '1608', '1644', '1673', '1691', '1762', '1726', '1716', '1753', '1636', '1689', '1562', '1611', '1690', '1696', '1684', '1570', '1558', '1618', '1698', '1583', '1599', '1616', '1657', '1774', '1585', '1601', '1631', '1718', '1554', '1564', '1620', '1654', '1759', '1635', '1613', '1595', '1682', '1683', '1700', '1581', '1624', '1637', '1750', '1669', '1771', '1761', '1729', '1742', '1708', '1741', '1697', '1685', '1757', '1715', '1765']
Cluster-4 Total nodes: 222 ['864', '697', '721', '774', '677', '678', '680', '703', '714', '725', '733', '681', '683', '684', '685', '686', '687', '688', '693', '695', '698', '699', '700', '701', '702', '705', '711', '718', '724', '730', '732', '734', '666', '667', '669', '670', '674', '704', '708', '722', '731', '716', '809', '834', '787', '885', '824', '826', '772', '751', '757', '782', '738', '855', '835', '790', '879', '789', '806', '828', '851', '860', '748', '813', '815', '837', '844', '706', '853', '779', '823', '854', '865', '746', '794', '717', '755', '810', '876', '744', '784', '798', '832', '881', '743', '847', '800', '690', '727', '729', '804', '867', '808', '713', '780', '672', '825', '740', '737', '783', '869', '862', '843', '753', '805', '820', '776', '848', '785', '796', '866', '852', '707', '764', '874', '812', '795', '838', '845', '873', '817', '803', '856', '781', '689', '696', '816', '792', '811', '712', '770', '675', '833', '786', '723', '830', '863', '807', '878', '880', '886', '836', '840', '872', '765', '821', '671', '709', '728', '822', '839', '668', '691', '758', '759', '756', '819', '868', '829', '797', '778', '827', '861', '887', '747', '883', '763', '767', '736', '754', '775', '846', '726', '791', '849', '882', '871', '877', '841', '801', '818', '858', '777', '762', '735', '769', '857', '676', '679', '682', '710', '673', '694', '719', '741', '749', '720', '745', '715', '802', '752', '788', '742', '750', '859', '850', '875', '814', '773', '771', '884', '842', '799', '692', '739', '831', '760', '793', '766', '870', '761', '768']
Cluster-5 Total nodes: 222 ['1294', '1320', '1124', '1149', '1187', '1196', '1188', '1144', '1120', '1129', '1126', '1143', '1150', '1128', '1145', '1178', '1185', '1112', '1130', '1131', '1123', '1125', '1139', '1122', '1142', '1147', '1159', '1164', '1165', '1174', '1186', '1121', '1127', '1151', '1212', '1180', '1141', '1148', '1132', '1114', '1249', '1258', '1117', '1225', '1169', '1257', '1208', '1198', '1287', '1263', '1223', '1330', '1191', '1329', '1331', '1234', '1256', '1273', '1286', '1216', '1262', '1301', '1282', '1283', '1292', '1291', '1192', '1293', '1296', '1233', '1219', '1253', '1242', '1218', '1268', '1182', '1271', '1134', '1226', '1204', '1236', '1205', '1304', '1308', '1224', '1194', '1245', '1160', '1322', '1214', '1302', '1200', '1306', '1298', '1321', '1280', '1228', '1230', '1154', '1221', '1211', '1238', '1327', '1251', '1274', '1119', '1206', '1203', '1255', '1140', '1181', '1285', '1197', '1195', '1232', '1189', '1183', '1289', '1270', '1313', '1279', '1328', '1220', '1252', '1175', '1222', '1254', '1265', '1241', '1243', '1284', '1135', '1118', '1231', '1166', '1260', '1295', '1272', '1303', '1116', '1267', '1278', '1209', '1309', '1276', '1297', '1162', '1133', '1138', '1137', '1168', '1266', '1305', '1179', '1264', '1199', '1250', '1269', '1152', '1307', '1156', '1259', '1275', '1155', '1190', '1177', '1161', '1288', '1215', '1184', '1300', '1193', '1110', '1113', '1171', '1170', '1173', '1277', '1213', '1217', '1153', '1136', '1319', '1111', '1310', '1240', '1167', '1115', '1157', '1158', '1172', '1227', '1201', '1318', '1314', '1315', '1239', '1326', '1237', '1323', '1317', '1235', '1281', '1299', '1244', '1311', '1246', '1290', '1146', '1202', '1316', '1324', '1248', '1261', '1312', '1210', '1163', '1176', '1247', '1325', '1207', '1229']
Cluster-6 Total nodes: 222 ['1454', '1507', '1468', '1338', '1342', '1375', '1401', '1343', '1346', '1347', '1349', '1352', '1355', '1361', '1344', '1359', '1365', '1369', '1345', '1360', '1367', '1397', '1428', '1404', '1396', '1336', '1332', '1334', '1351', '1353', '1363', '1335', '1383', '1333', '1348', '1354', '1350', '1371', '1510', '1446', '1427', '1443', '1422', '1517', '1418', '1381', '1414', '1394', '1470', '1467', '1425', '1416', '1469', '1495', '1543', '1540', '1523', '1545', '1483', '1493', '1531', '1526', '1410', '1548', '1420', '1512', '1530', '1547', '1521', '1535', '1472', '1498', '1485', '1491', '1511', '1550', '1518', '1544', '1520', '1503', '1434', '1356', '1358', '1542', '1516', '1527', '1439', '1471', '1421', '1456', '1533', '1450', '1459', '1486', '1395', '1413', '1508', '1417', '1376', '1452', '1534', '1400', '1478', '1487', '1442', '1337', '1515', '1390', '1460', '1385', '1522', '1437', '1445', '1490', '1453', '1419', '1407', '1474', '1499', '1552', '1541', '1524', '1551', '1464', '1519', '1447', '1500', '1494', '1549', '1435', '1496', '1461', '1477', '1431', '1481', '1444', '1502', '1458', '1489', '1399', '1488', '1398', '1537', '1480', '1525', '1372', '1433', '1341', '1387', '1389', '1423', '1377', '1370', '1409', '1476', '1415', '1465', '1380', '1441', '1393', '1402', '1479', '1463', '1553', '1362', '1538', '1406', '1539', '1475', '1440', '1366', '1373', '1505', '1506', '1408', '1513', '1436', '1388', '1426', '1462', '1405', '1357', '1368', '1391', '1448', '1392', '1364', '1374', '1438', '1451', '1455', '1449', '1339', '1386', '1430', '1432', '1379', '1492', '1378', '1403', '1340', '1514', '1546', '1536', '1484', '1501', '1528', '1473', '1466', '1482', '1411', '1509', '1429', '1412', '1457', '1529', '1384', '1382', '1424', '1504', '1532', '1497']
Cluster-7 Total nodes: 222 ['363', '419', '384', '225', '234', '254', '361', '236', '237', '238', '244', '259', '227', '232', '255', '258', '280', '233', '263', '261', '262', '235', '242', '257', '265', '240', '246', '223', '224', '226', '230', '239', '260', '286', '366', '362', '436', '403', '399', '410', '401', '250', '375', '352', '349', '429', '416', '397', '368', '364', '374', '314', '379', '437', '357', '402', '427', '405', '370', '380', '294', '281', '228', '275', '371', '307', '304', '297', '333', '330', '342', '344', '404', '277', '247', '252', '389', '373', '273', '264', '292', '331', '425', '327', '256', '378', '272', '279', '305', '346', '365', '295', '431', '390', '282', '328', '285', '322', '291', '407', '354', '336', '353', '302', '313', '315', '435', '369', '398', '266', '283', '321', '243', '284', '249', '319', '347', '388', '300', '318', '434', '386', '289', '288', '299', '359', '298', '422', '274', '415', '377', '229', '420', '417', '268', '338', '270', '271', '276', '296', '421', '248', '251', '428', '324', '311', '383', '350', '293', '287', '396', '325', '376', '387', '408', '443', '329', '385', '391', '439', '320', '343', '414', '360', '430', '241', '278', '339', '351', '222', '316', '372', '290', '308', '395', '432', '306', '438', '345', '367', '382', '253', '245', '303', '423', '317', '413', '442', '348', '332', '393', '440', '381', '337', '312', '231', '358', '301', '394', '340', '433', '335', '269', '267', '309', '412', '411', '406', '409', '400', '426', '355', '310', '418', '334', '392', '326', '424', '323', '341', '356', '441']
Cluster-8 Total nodes: 222 ['1013', '888', '908', '932', '936', '948', '898', '899', '901', '920', '935', '952', '907', '922', '906', '909', '915', '918', '921', '903', '934', '902', '954', '926', '905', '904', '900', '923', '891', '913', '890', '1082', '1074', '949', '946', '998', '968', '1058', '1075', '1067', '1036', '1057', '978', '939', '1106', '941', '1095', '1035', '1046', '1029', '1031', '1054', '1085', '945', '919', '1096', '1091', '916', '951', '991', '1107', '957', '1042', '940', '977', '999', '988', '1102', '1109', '1098', '1092', '979', '929', '985', '928', '965', '1059', '1072', '944', '966', '1012', '983', '950', '981', '1009', '1019', '970', '1101', '931', '897', '1071', '1093', '1028', '1088', '958', '1032', '964', '1089', '1084', '947', '894', '960', '961', '1007', '1050', '1053', '997', '895', '1023', '914', '1048', '992', '1037', '955', '1056', '927', '1047', '993', '889', '963', '967', '989', '987', '1026', '974', '1038', '1066', '984', '1062', '1060', '1000', '1010', '1044', '1001', '1104', '1100', '1081', '938', '942', '925', '996', '893', '1011', '930', '953', '933', '911', '959', '943', '975', '1097', '892', '1073', '980', '956', '971', '937', '910', '912', '917', '896', '924', '982', '1068', '1006', '1070', '1039', '1027', '1090', '1105', '1045', '1015', '1076', '1033', '1043', '986', '1030', '1094', '1080', '1002', '990', '1103', '1078', '1069', '962', '1020', '1004', '1021', '1064', '1024', '1087', '1025', '1049', '1077', '1086', '1099', '1051', '1061', '1034', '1065', '976', '1083', '1017', '1005', '1108', '1008', '1014', '1079', '1016', '1041', '1022', '969', '1040', '995', '994', '972', '1052', '973', '1018', '1063', '1055', '1003']
Cluster-9 Total nodes: 36 ['549', '551', '477', '478', '529', '454', '455', '459', '458', '485', '479', '476', '493', '464', '487', '511', '524', '447', '463', '468', '483', '503', '501', '457', '502', '532', '451', '522', '547', '589', '491', '661', '580', '640', '585', '536']
Cluster-10 Total nodes: 26 ['571', '473', '494', '471', '465', '446', '481', '444', '456', '462', '482', '521', '445', '460', '461', '509', '508', '510', '517', '562', '590', '582', '601', '497', '560', '644']
Cluster-11 Total nodes: 8 ['452', '559', '453', '543', '595', '513', '554', '593']
Cluster-12 Total nodes: 8 ['545', '659', '526', '512', '602', '541', '533', '583']
Cluster-13 Total nodes: 6 ['518', '448', '577', '634', '594', '486']
Cluster-14 Total nodes: 5 ['492', '500', '514', '599', '556']
Cluster-15 Total nodes: 5 ['611', '484', '663', '496', '488']
Cluster-16 Total nodes: 5 ['474', '467', '449', '470', '498']
Cluster-17 Total nodes: 5 ['568', '516', '637', '576', '605']
Cluster-18 Total nodes: 4 ['480', '625', '613', '660']
Cluster-19 Total nodes: 4 ['646', '653', '629', '527']
Cluster-20 Total nodes: 4 ['506', '523', '505', '624']
Cluster-21 Total nodes: 4 ['499', '550', '525', '557']
Cluster-22 Total nodes: 4 ['641', '495', '540', '450']
Cluster-23 Total nodes: 3 ['616', '610', '538']
Cluster-24 Total nodes: 3 ['472', '573', '615']
Cluster-25 Total nodes: 3 ['572', '656', '664']
Cluster-26 Total nodes: 3 ['563', '636', '489']
Cluster-27 Total nodes: 3 ['504', '604', '535']
Cluster-28 Total nodes: 3 ['620', '606', '607']
Cluster-29 Total nodes: 3 ['627', '630', '635']
Cluster-30 Total nodes: 3 ['469', '466', '534']
Cluster-31 Total nodes: 3 ['597', '548', '552']
Cluster-32 Total nodes: 3 ['575', '633', '626']
Cluster-33 Total nodes: 3 ['632', '588', '569']
Cluster-34 Total nodes: 2 ['515', '584']
Cluster-35 Total nodes: 2 ['531', '612']
Cluster-36 Total nodes: 2 ['530', '617']
Cluster-37 Total nodes: 2 ['490', '651']
Cluster-38 Total nodes: 2 ['507', '555']
Cluster-39 Total nodes: 2 ['654', '643']
Cluster-40 Total nodes: 2 ['665', '558']
Cluster-41 Total nodes: 2 ['570', '591']
Cluster-42 Total nodes: 2 ['537', '542']
Cluster-43 Total nodes: 2 ['553', '564']
Cluster-44 Total nodes: 2 ['528', '619']
Cluster-45 Total nodes: 2 ['638', '639']
Cluster-46 Total nodes: 2 ['546', '603']
Cluster-47 Total nodes: 2 ['574', '648']
Cluster-48 Total nodes: 2 ['596', '658']
Cluster-49 Total nodes: 2 ['618', '586']
Cluster-50 Total nodes: 2 ['519', '520']
Cluster-51 Total nodes: 2 ['631', '544']
Cluster-52 Total nodes: 2 ['609', '581']
Cluster-53 Total nodes: 1 ['608']
Cluster-54 Total nodes: 1 ['621']
Cluster-55 Total nodes: 1 ['623']
Cluster-56 Total nodes: 1 ['598']
Cluster-57 Total nodes: 1 ['655']
Cluster-58 Total nodes: 1 ['579']
Cluster-59 Total nodes: 1 ['645']
Cluster-60 Total nodes: 1 ['539']
Cluster-61 Total nodes: 1 ['566']
Cluster-62 Total nodes: 1 ['561']
Cluster-63 Total nodes: 1 ['475']
Cluster-64 Total nodes: 1 ['600']
Cluster-65 Total nodes: 1 ['649']
Cluster-66 Total nodes: 1 ['614']
Cluster-67 Total nodes: 1 ['657']
Cluster-68 Total nodes: 1 ['592']
Cluster-69 Total nodes: 1 ['650']
Cluster-70 Total nodes: 1 ['622']
Cluster-71 Total nodes: 1 ['578']
Cluster-72 Total nodes: 1 ['652']
Cluster-73 Total nodes: 1 ['662']
Cluster-74 Total nodes: 1 ['567']
Cluster-75 Total nodes: 1 ['642']
Cluster-76 Total nodes: 1 ['565']
Cluster-77 Total nodes: 1 ['587']
Cluster-78 Total nodes: 1 ['628']
Cluster-79 Total nodes: 1 ['647']

level-3 completes in 63.639997
Cluster-1 Total nodes: 222 ['33', '130', '152', '165', '43', '44', '139', '196', '79', '100', '123', '6', '10', '11', '12', '14', '25', '30', '34', '18', '1', '8', '15', '32', '35', '3', '38', '67', '37', '40', '52', '57', '83', '17', '24', '13', '23', '70', '64', '68', '0', '20', '16', '19', '39', '2', '26', '21', '45', '4', '59', '36', '50', '22', '157', '106', '163', '95', '55', '154', '150', '194', '125', '175', '215', '220', '203', '97', '105', '151', '205', '207', '121', '212', '53', '148', '108', '180', '210', '85', '28', '56', '29', '219', '84', '140', '204', '94', '172', '62', '197', '104', '120', '60', '171', '176', '113', '131', '174', '146', '153', '99', '213', '181', '65', '98', '111', '117', '143', '190', '218', '122', '192', '200', '195', '69', '164', '101', '119', '206', '160', '116', '211', '188', '134', '221', '217', '77', '155', '166', '183', '9', '71', '202', '127', '126', '144', '54', '112', '90', '51', '88', '73', '209', '170', '208', '124', '191', '161', '48', '86', '138', '80', '31', '214', '7', '128', '147', '5', '42', '49', '75', '27', '76', '156', '159', '168', '89', '78', '114', '136', '137', '41', '186', '63', '103', '46', '47', '189', '132', '158', '177', '82', '110', '102', '72', '96', '129', '109', '145', '216', '107', '169', '201', '92', '58', '167', '182', '178', '185', '93', '133', '173', '61', '66', '74', '179', '81', '184', '135', '87', '142', '187', '91', '115', '118', '193', '199', '149', '198', '162', '141']
Cluster-2 Total nodes: 222 ['1883', '1943', '1777', '1791', '1795', '1809', '1816', '1819', '1842', '1856', '1873', '1818', '1846', '1866', '1844', '1785', '1789', '1790', '1810', '1811', '1815', '1826', '1827', '1786', '1843', '1852', '1813', '1841', '1776', '1787', '1792', '1814', '1796', '1808', '1821', '1829', '1794', '1798', '1812', '1817', '1820', '1780', '1781', '1783', '1788', '1823', '1778', '1822', '1840', '1793', '1801', '1782', '1939', '1862', '1951', '1894', '1972', '1921', '1996', '1988', '1859', '1955', '1946', '1989', '1897', '1882', '1990', '1987', '1945', '1848', '1835', '1986', '1914', '1861', '1964', '1898', '1889', '1871', '1984', '1971', '1978', '1924', '1995', '1915', '1966', '1985', '1886', '1903', '1922', '1885', '1896', '1890', '1884', '1963', '1941', '1824', '1932', '1960', '1902', '1892', '1948', '1849', '1904', '1952', '1983', '1864', '1880', '1911', '1957', '1910', '1923', '1797', '1982', '1956', '1933', '1839', '1832', '1947', '1851', '1900', '1908', '1958', '1930', '1877', '1881', '1899', '1858', '1965', '1872', '1825', '1980', '1863', '1954', '1875', '1991', '1853', '1938', '1994', '1967', '1879', '1934', '1925', '1907', '1784', '1975', '1799', '1979', '1912', '1929', '1950', '1867', '1895', '1973', '1893', '1937', '1977', '1918', '1976', '1804', '1876', '1926', '1917', '1942', '1906', '1868', '1887', '1944', '1833', '1779', '1920', '1806', '1969', '1891', '1803', '1830', '1905', '1800', '1807', '1805', '1869', '1857', '1931', '1901', '1940', '1949', '1992', '1953', '1845', '1802', '1834', '1855', '1847', '1913', '1854', '1828', '1837', '1831', '1961', '1870', '1936', '1874', '1916', '1865', '1968', '1974', '1928', '1909', '1981', '1878', '1836', '1850', '1860', '1838', '1962', '1935', '1993', '1970', '1997', '1959', '1888', '1919', '1927']
Cluster-3 Total nodes: 222 ['1675', '1731', '1586', '1592', '1627', '1572', '1573', '1591', '1559', '1566', '1587', '1593', '1571', '1574', '1575', '1579', '1580', '1582', '1589', '1594', '1596', '1597', '1621', '1642', '1651', '1555', '1557', '1565', '1567', '1568', '1569', '1588', '1607', '1622', '1650', '1614', '1600', '1619', '1576', '1590', '1598', '1612', '1578', '1556', '1605', '1617', '1647', '1719', '1713', '1721', '1754', '1630', '1743', '1702', '1706', '1634', '1686', '1672', '1656', '1773', '1740', '1735', '1734', '1775', '1724', '1738', '1662', '1704', '1641', '1659', '1643', '1772', '1693', '1645', '1692', '1766', '1730', '1639', '1705', '1632', '1623', '1733', '1633', '1625', '1680', '1745', '1767', '1747', '1749', '1649', '1610', '1606', '1737', '1653', '1758', '1584', '1640', '1561', '1679', '1703', '1769', '1744', '1710', '1658', '1667', '1663', '1665', '1711', '1666', '1752', '1563', '1732', '1681', '1628', '1770', '1671', '1668', '1646', '1725', '1648', '1674', '1678', '1755', '1722', '1615', '1709', '1763', '1688', '1727', '1760', '1768', '1577', '1720', '1603', '1604', '1695', '1736', '1717', '1707', '1687', '1652', '1626', '1751', '1560', '1701', '1748', '1629', '1676', '1664', '1609', '1660', '1694', '1638', '1764', '1723', '1661', '1670', '1746', '1756', '1602', '1655', '1677', '1712', '1714', '1739', '1728', '1699', '1608', '1644', '1673', '1691', '1762', '1726', '1716', '1753', '1636', '1689', '1562', '1611', '1690', '1696', '1684', '1570', '1558', '1618', '1698', '1583', '1599', '1616', '1657', '1774', '1585', '1601', '1631', '1718', '1554', '1564', '1620', '1654', '1759', '1635', '1613', '1595', '1682', '1683', '1700', '1581', '1624', '1637', '1750', '1669', '1771', '1761', '1729', '1742', '1708', '1741', '1697', '1685', '1757', '1715', '1765']
Cluster-4 Total nodes: 222 ['864', '697', '721', '774', '677', '678', '680', '703', '714', '725', '733', '681', '683', '684', '685', '686', '687', '688', '693', '695', '698', '699', '700', '701', '702', '705', '711', '718', '724', '730', '732', '734', '666', '667', '669', '670', '674', '704', '708', '722', '731', '716', '809', '834', '787', '885', '824', '826', '772', '751', '757', '782', '738', '855', '835', '790', '879', '789', '806', '828', '851', '860', '748', '813', '815', '837', '844', '706', '853', '779', '823', '854', '865', '746', '794', '717', '755', '810', '876', '744', '784', '798', '832', '881', '743', '847', '800', '690', '727', '729', '804', '867', '808', '713', '780', '672', '825', '740', '737', '783', '869', '862', '843', '753', '805', '820', '776', '848', '785', '796', '866', '852', '707', '764', '874', '812', '795', '838', '845', '873', '817', '803', '856', '781', '689', '696', '816', '792', '811', '712', '770', '675', '833', '786', '723', '830', '863', '807', '878', '880', '886', '836', '840', '872', '765', '821', '671', '709', '728', '822', '839', '668', '691', '758', '759', '756', '819', '868', '829', '797', '778', '827', '861', '887', '747', '883', '763', '767', '736', '754', '775', '846', '726', '791', '849', '882', '871', '877', '841', '801', '818', '858', '777', '762', '735', '769', '857', '676', '679', '682', '710', '673', '694', '719', '741', '749', '720', '745', '715', '802', '752', '788', '742', '750', '859', '850', '875', '814', '773', '771', '884', '842', '799', '692', '739', '831', '760', '793', '766', '870', '761', '768']
Cluster-5 Total nodes: 222 ['1294', '1320', '1124', '1149', '1187', '1196', '1188', '1144', '1120', '1129', '1126', '1143', '1150', '1128', '1145', '1178', '1185', '1112', '1130', '1131', '1123', '1125', '1139', '1122', '1142', '1147', '1159', '1164', '1165', '1174', '1186', '1121', '1127', '1151', '1212', '1180', '1141', '1148', '1132', '1114', '1249', '1258', '1117', '1225', '1169', '1257', '1208', '1198', '1287', '1263', '1223', '1330', '1191', '1329', '1331', '1234', '1256', '1273', '1286', '1216', '1262', '1301', '1282', '1283', '1292', '1291', '1192', '1293', '1296', '1233', '1219', '1253', '1242', '1218', '1268', '1182', '1271', '1134', '1226', '1204', '1236', '1205', '1304', '1308', '1224', '1194', '1245', '1160', '1322', '1214', '1302', '1200', '1306', '1298', '1321', '1280', '1228', '1230', '1154', '1221', '1211', '1238', '1327', '1251', '1274', '1119', '1206', '1203', '1255', '1140', '1181', '1285', '1197', '1195', '1232', '1189', '1183', '1289', '1270', '1313', '1279', '1328', '1220', '1252', '1175', '1222', '1254', '1265', '1241', '1243', '1284', '1135', '1118', '1231', '1166', '1260', '1295', '1272', '1303', '1116', '1267', '1278', '1209', '1309', '1276', '1297', '1162', '1133', '1138', '1137', '1168', '1266', '1305', '1179', '1264', '1199', '1250', '1269', '1152', '1307', '1156', '1259', '1275', '1155', '1190', '1177', '1161', '1288', '1215', '1184', '1300', '1193', '1110', '1113', '1171', '1170', '1173', '1277', '1213', '1217', '1153', '1136', '1319', '1111', '1310', '1240', '1167', '1115', '1157', '1158', '1172', '1227', '1201', '1318', '1314', '1315', '1239', '1326', '1237', '1323', '1317', '1235', '1281', '1299', '1244', '1311', '1246', '1290', '1146', '1202', '1316', '1324', '1248', '1261', '1312', '1210', '1163', '1176', '1247', '1325', '1207', '1229']
Cluster-6 Total nodes: 222 ['1454', '1507', '1468', '1338', '1342', '1375', '1401', '1343', '1346', '1347', '1349', '1352', '1355', '1361', '1344', '1359', '1365', '1369', '1345', '1360', '1367', '1397', '1428', '1404', '1396', '1336', '1332', '1334', '1351', '1353', '1363', '1335', '1383', '1333', '1348', '1354', '1350', '1371', '1510', '1446', '1427', '1443', '1422', '1517', '1418', '1381', '1414', '1394', '1470', '1467', '1425', '1416', '1469', '1495', '1543', '1540', '1523', '1545', '1483', '1493', '1531', '1526', '1410', '1548', '1420', '1512', '1530', '1547', '1521', '1535', '1472', '1498', '1485', '1491', '1511', '1550', '1518', '1544', '1520', '1503', '1434', '1356', '1358', '1542', '1516', '1527', '1439', '1471', '1421', '1456', '1533', '1450', '1459', '1486', '1395', '1413', '1508', '1417', '1376', '1452', '1534', '1400', '1478', '1487', '1442', '1337', '1515', '1390', '1460', '1385', '1522', '1437', '1445', '1490', '1453', '1419', '1407', '1474', '1499', '1552', '1541', '1524', '1551', '1464', '1519', '1447', '1500', '1494', '1549', '1435', '1496', '1461', '1477', '1431', '1481', '1444', '1502', '1458', '1489', '1399', '1488', '1398', '1537', '1480', '1525', '1372', '1433', '1341', '1387', '1389', '1423', '1377', '1370', '1409', '1476', '1415', '1465', '1380', '1441', '1393', '1402', '1479', '1463', '1553', '1362', '1538', '1406', '1539', '1475', '1440', '1366', '1373', '1505', '1506', '1408', '1513', '1436', '1388', '1426', '1462', '1405', '1357', '1368', '1391', '1448', '1392', '1364', '1374', '1438', '1451', '1455', '1449', '1339', '1386', '1430', '1432', '1379', '1492', '1378', '1403', '1340', '1514', '1546', '1536', '1484', '1501', '1528', '1473', '1466', '1482', '1411', '1509', '1429', '1412', '1457', '1529', '1384', '1382', '1424', '1504', '1532', '1497']
Cluster-7 Total nodes: 227 ['363', '419', '384', '225', '234', '254', '361', '236', '237', '238', '244', '259', '227', '232', '255', '258', '280', '233', '263', '261', '262', '235', '242', '257', '265', '240', '246', '223', '224', '226', '230', '239', '260', '286', '366', '362', '436', '403', '399', '410', '401', '250', '375', '352', '349', '429', '416', '397', '368', '364', '374', '314', '379', '437', '357', '402', '427', '405', '370', '380', '294', '281', '228', '275', '371', '307', '304', '297', '333', '330', '342', '344', '404', '277', '247', '252', '389', '373', '273', '264', '292', '331', '425', '327', '256', '378', '272', '279', '305', '346', '365', '295', '431', '390', '282', '328', '285', '322', '291', '407', '354', '336', '353', '302', '313', '315', '435', '369', '398', '266', '283', '321', '243', '284', '249', '319', '347', '388', '300', '318', '434', '386', '289', '288', '299', '359', '298', '422', '274', '415', '377', '229', '420', '417', '268', '338', '270', '271', '276', '296', '421', '248', '251', '428', '324', '311', '383', '350', '293', '287', '396', '325', '376', '387', '408', '443', '329', '385', '391', '439', '320', '343', '414', '360', '430', '241', '278', '339', '351', '222', '316', '372', '290', '308', '395', '432', '306', '438', '345', '367', '382', '253', '245', '303', '423', '317', '413', '442', '348', '332', '393', '440', '381', '337', '312', '231', '358', '301', '394', '340', '433', '335', '269', '267', '309', '412', '411', '406', '409', '400', '426', '355', '310', '418', '334', '392', '326', '424', '323', '341', '356', '441', '592', '657', '620', '606', '607']
Cluster-8 Total nodes: 223 ['1013', '888', '908', '932', '936', '948', '898', '899', '901', '920', '935', '952', '907', '922', '906', '909', '915', '918', '921', '903', '934', '902', '954', '926', '905', '904', '900', '923', '891', '913', '890', '1082', '1074', '949', '946', '998', '968', '1058', '1075', '1067', '1036', '1057', '978', '939', '1106', '941', '1095', '1035', '1046', '1029', '1031', '1054', '1085', '945', '919', '1096', '1091', '916', '951', '991', '1107', '957', '1042', '940', '977', '999', '988', '1102', '1109', '1098', '1092', '979', '929', '985', '928', '965', '1059', '1072', '944', '966', '1012', '983', '950', '981', '1009', '1019', '970', '1101', '931', '897', '1071', '1093', '1028', '1088', '958', '1032', '964', '1089', '1084', '947', '894', '960', '961', '1007', '1050', '1053', '997', '895', '1023', '914', '1048', '992', '1037', '955', '1056', '927', '1047', '993', '889', '963', '967', '989', '987', '1026', '974', '1038', '1066', '984', '1062', '1060', '1000', '1010', '1044', '1001', '1104', '1100', '1081', '938', '942', '925', '996', '893', '1011', '930', '953', '933', '911', '959', '943', '975', '1097', '892', '1073', '980', '956', '971', '937', '910', '912', '917', '896', '924', '982', '1068', '1006', '1070', '1039', '1027', '1090', '1105', '1045', '1015', '1076', '1033', '1043', '986', '1030', '1094', '1080', '1002', '990', '1103', '1078', '1069', '962', '1020', '1004', '1021', '1064', '1024', '1087', '1025', '1049', '1077', '1086', '1099', '1051', '1061', '1034', '1065', '976', '1083', '1017', '1005', '1108', '1008', '1014', '1079', '1016', '1041', '1022', '969', '1040', '995', '994', '972', '1052', '973', '1018', '1063', '1055', '1003', '642']
Cluster-9 Total nodes: 178 ['549', '551', '477', '478', '529', '454', '455', '459', '458', '485', '479', '476', '493', '464', '487', '511', '524', '447', '463', '468', '483', '503', '501', '457', '502', '532', '451', '522', '547', '589', '491', '661', '580', '640', '585', '536', '587', '565', '652', '622', '600', '475', '655', '598', '609', '581', '519', '520', '546', '603', '553', '564', '537', '542', '665', '558', '654', '643', '507', '555', '490', '651', '530', '617', '531', '612', '515', '584', '632', '588', '569', '575', '633', '626', '597', '548', '552', '469', '466', '534', '627', '630', '635', '504', '604', '535', '563', '636', '489', '572', '656', '664', '472', '573', '615', '616', '610', '538', '641', '495', '540', '450', '499', '550', '525', '557', '506', '523', '505', '624', '646', '653', '629', '527', '480', '625', '613', '660', '568', '516', '637', '576', '605', '474', '467', '449', '470', '498', '611', '484', '663', '496', '488', '492', '500', '514', '599', '556', '518', '448', '577', '634', '594', '486', '621', '545', '659', '526', '512', '602', '541', '533', '583', '539', '452', '559', '453', '543', '595', '513', '554', '593', '647', '628', '578', '650', '614', '649', '566', '645', '631', '544', '618', '586', '596', '658', '570', '591']
Cluster-10 Total nodes: 38 ['571', '473', '494', '471', '465', '446', '481', '444', '456', '462', '482', '521', '445', '460', '461', '509', '508', '510', '517', '562', '590', '582', '601', '497', '560', '644', '567', '662', '561', '579', '623', '608', '574', '648', '638', '639', '528', '619']

Total time of execution: 63.639997 seconds
