Total nodes in the system: 2080

level-1 completes in 165.567344 seconds
Cluster-1 Total nodes: 244 ['1912', '1922', '1923', '1935', '1931', '2063', '1939', '1940', '1944', '2074', '1961', '2011', '1820', '1824', '1828', '1834', '1835', '1840', '1844', '1845', '1847', '1848', '1851', '1854', '1855', '1857', '1861', '1867', '1868', '1870', '1884', '1886', '1897', '1903', '1905', '1911', '2050', '2075', '1833', '1836', '1843', '1846', '1849', '1860', '1876', '1877', '1878', '1885', '1901', '1920', '1948', '1950', '1958', '1966', '1971', '2000', '2001', '2027', '2039', '1924', '1926', '1927', '2059', '2052', '1960', '1983', '1985', '1956', '2012', '2022', '1821', '1827', '1853', '1862', '1863', '1871', '1874', '1883', '1909', '1913', '2057', '1930', '1936', '2065', '1949', '1951', '1955', '1965', '1972', '1982', '2007', '1978', '1957', '2018', '2023', '1822', '1829', '1850', '1873', '1875', '1888', '1893', '1899', '1915', '1917', '2056', '1941', '1953', '1996', '1976', '2010', '2002', '1823', '1852', '1866', '1879', '1881', '1889', '1925', '1934', '1933', '1942', '2072', '1987', '1999', '1977', '2020', '2021', '1937', '2029', '2034', '2037', '1830', '1837', '1841', '1864', '1865', '1894', '1898', '1928', '1869', '1907', '1943', '1959', '1981', '2005', '2008', '2053', '2058', '1952', '1964', '1969', '1988', '1995', '1997', '2028', '2046', '1831', '1858', '1859', '1887', '2076', '1963', '1984', '1989', '1998', '2004', '2042', '2043', '1826', '1838', '1896', '1916', '1932', '2077', '2017', '2045', '1832', '1900', '1921', '1954', '1974', '1990', '1993', '2016', '2049', '1979', '1980', '1986', '2033', '2003', '2041', '1825', '1880', '1892', '1967', '1975', '1856', '1891', '1895', '2026', '1910', '1919', '1945', '1962', '1970', '1890', '1929', '2019', '1872', '2035', '2044', '1918', '2070', '1991', '1902', '2069', '2024', '1908', '2038', '2009', '2025', '2036', '2061', '1938', '2060', '2013', '1904', '1906', '1914', '1947', '2030', '2047', '1842', '2055', '1882', '2015', '1973', '1946', '1994', '1992', '2067', '1968', '2054']
Cluster-2 Total nodes: 236 ['1800', '1811', '1812', '1563', '1567', '1575', '1577', '1583', '1589', '1591', '1636', '1646', '1675', '1677', '1688', '1693', '1694', '1697', '1700', '1701', '1702', '1707', '1712', '1725', '1750', '1761', '1767', '1784', '1795', '1674', '1678', '1681', '1682', '1708', '1709', '1720', '1722', '1744', '1618', '1628', '1632', '1633', '1635', '1641', '1642', '1645', '1647', '1651', '1655', '1656', '1785', '1616', '1660', '1661', '1662', '1560', '1562', '1571', '1576', '1585', '1586', '1587', '1588', '1590', '1593', '1595', '1596', '1597', '1598', '1599', '1600', '1601', '1602', '1603', '1604', '1605', '1608', '1610', '1796', '1794', '1732', '1690', '1699', '1738', '1719', '1572', '1574', '1594', '1609', '1613', '1615', '1620', '1621', '1643', '1657', '1658', '1666', '1788', '1564', '1581', '1637', '1689', '1695', '1696', '1704', '1718', '1728', '1729', '1751', '1768', '1805', '1607', '1623', '1639', '1654', '1663', '1691', '1692', '1705', '1724', '1566', '1570', '1631', '1650', '1723', '1736', '1755', '1580', '1706', '1711', '1716', '1721', '1793', '1671', '1672', '1676', '1684', '1791', '1734', '1757', '1714', '1592', '1606', '1804', '1739', '1741', '1614', '1619', '1624', '1627', '1629', '1759', '1653', '1659', '1638', '1769', '1775', '1648', '1717', '1777', '1727', '1679', '1789', '1790', '1668', '1673', '1819', '1743', '1748', '1622', '1626', '1776', '1630', '1771', '1772', '1773', '1747', '1683', '1799', '1801', '1685', '1698', '1703', '1735', '1746', '1752', '1756', '1762', '1644', '1774', '1652', '1713', '1665', '1667', '1680', '1778', '1733', '1765', '1780', '1611', '1617', '1625', '1634', '1640', '1664', '1687', '1731', '1740', '1742', '1753', '1764', '1783', '1798', '1802', '1561', '1565', '1568', '1569', '1578', '1579', '1582', '1584', '1649', '1669', '1573', '1749', '1670', '1710', '1770', '1787', '1715', '1758', '1763', '1726', '1779', '1737']
Cluster-3 Total nodes: 219 ['1056', '1156', '1163', '1112', '1189', '1190', '1065', '1066', '1067', '1068', '1071', '1074', '1079', '1088', '1095', '1227', '1100', '1110', '1111', '1240', '1241', '1119', '1122', '1128', '1257', '1261', '1136', '1141', '1276', '1282', '1158', '1113', '1179', '1109', '1216', '1107', '1114', '1115', '1118', '1126', '1297', '1262', '1263', '1137', '1138', '1278', '1270', '1223', '1142', '1150', '1237', '1041', '1045', '1048', '1053', '1055', '1057', '1069', '1075', '1082', '1083', '1085', '1086', '1087', '1093', '1094', '1101', '1103', '1104', '1152', '1159', '1196', '1290', '1173', '1177', '1186', '1070', '1199', '1072', '1073', '1076', '1207', '1162', '1219', '1220', '1098', '1105', '1236', '1226', '1242', '1244', '1193', '1120', '1125', '1254', '1256', '1129', '1259', '1099', '1268', '1143', '1144', '1145', '1096', '1147', '1132', '1064', '1171', '1191', '1251', '1275', '1117', '1180', '1194', '1252', '1154', '1170', '1080', '1279', '1281', '1246', '1293', '1243', '1081', '1050', '1166', '1214', '1271', '1277', '1187', '1255', '1046', '1062', '1149', '1294', '1089', '1224', '1051', '1060', '1211', '1181', '1192', '1197', '1222', '1286', '1160', '1078', '1135', '1169', '1198', '1202', '1206', '1208', '1247', '1215', '1049', '1059', '1077', '1097', '1188', '1234', '1042', '1044', '1116', '1148', '1052', '1058', '1063', '1090', '1121', '1146', '1151', '1167', '1168', '1233', '1124', '1287', '1203', '1291', '1043', '1092', '1172', '1175', '1185', '1201', '1204', '1213', '1218', '1250', '1047', '1054', '1139', '1140', '1084', '1091', '1102', '1108', '1123', '1130', '1133', '1134', '1157', '1178', '1183', '1061', '1174', '1176', '1184', '1212', '1127', '1153', '1165', '1239', '1253', '1182', '1200', '1155', '1210', '1195']
Cluster-4 Total nodes: 215 ['661', '571', '763', '766', '767', '521', '527', '540', '541', '544', '546', '548', '549', '550', '551', '554', '555', '562', '564', '566', '574', '581', '590', '598', '603', '612', '624', '626', '631', '641', '683', '777', '678', '686', '693', '698', '729', '743', '746', '750', '765', '523', '528', '529', '534', '545', '560', '588', '595', '620', '628', '632', '633', '650', '651', '659', '663', '666', '640', '643', '685', '715', '591', '604', '606', '607', '623', '629', '634', '639', '520', '547', '552', '553', '557', '558', '559', '561', '563', '565', '567', '569', '570', '542', '609', '739', '756', '761', '526', '537', '568', '587', '596', '599', '611', '636', '647', '665', '673', '711', '718', '738', '741', '525', '578', '579', '592', '618', '652', '656', '658', '679', '694', '725', '681', '688', '691', '735', '699', '747', '749', '533', '536', '585', '601', '615', '627', '635', '649', '654', '662', '768', '704', '716', '702', '760', '621', '653', '664', '674', '759', '613', '616', '622', '671', '692', '701', '705', '723', '726', '522', '605', '637', '670', '690', '706', '577', '594', '617', '645', '655', '672', '700', '728', '733', '530', '531', '539', '556', '583', '586', '625', '660', '524', '646', '684', '712', '575', '597', '755', '608', '682', '532', '572', '614', '648', '667', '737', '600', '573', '642', '580', '576', '582', '584', '589', '602', '644', '697', '724', '593', '687', '695', '707', '610', '619', '630', '703', '730', '535', '638', '657', '675', '740', '714']
Cluster-5 Total nodes: 206 ['851', '806', '790', '807', '888', '923', '817', '857', '1039', '815', '1009', '938', '966', '1000', '1017', '897', '900', '902', '920', '929', '943', '959', '887', '853', '861', '881', '866', '872', '874', '880', '936', '883', '1014', '891', '783', '784', '788', '799', '802', '805', '808', '810', '811', '813', '814', '818', '819', '821', '822', '826', '827', '832', '836', '837', '842', '844', '847', '796', '812', '993', '867', '879', '989', '950', '951', '864', '787', '1026', '1030', '1031', '1034', '1035', '1036', '809', '816', '820', '823', '824', '825', '828', '829', '830', '831', '833', '838', '839', '840', '841', '843', '845', '846', '849', '850', '852', '854', '855', '856', '858', '859', '860', '862', '863', '865', '868', '869', '871', '875', '876', '882', '885', '889', '890', '894', '895', '896', '898', '899', '901', '905', '910', '911', '912', '914', '915', '916', '917', '918', '919', '921', '922', '924', '925', '926', '927', '928', '931', '933', '934', '940', '941', '948', '952', '953', '954', '963', '964', '967', '973', '974', '975', '976', '978', '979', '984', '988', '1006', '781', '782', '785', '786', '789', '791', '792', '793', '794', '795', '797', '798', '804', '907', '893', '834', '944', '930', '904', '1023', '909', '935', '884', '958', '835', '848', '870', '873', '877', '903', '908', '939', '942', '971', '995', '780', '932', '946', '886', '892', '906', '878', '937', '945', '957', '913', '1008', '999', '969', '949']
Cluster-6 Total nodes: 204 ['368', '512', '513', '390', '411', '417', '427', '450', '452', '369', '474', '480', '485', '486', '493', '497', '425', '376', '380', '260', '266', '267', '271', '273', '276', '277', '285', '286', '288', '290', '291', '294', '295', '297', '303', '308', '309', '317', '331', '342', '344', '359', '395', '399', '403', '404', '408', '409', '420', '421', '424', '426', '445', '451', '407', '456', '465', '468', '472', '478', '484', '401', '494', '413', '511', '405', '264', '270', '274', '279', '287', '301', '318', '333', '338', '346', '349', '358', '365', '372', '377', '355', '503', '388', '410', '289', '292', '293', '296', '298', '299', '430', '304', '305', '306', '371', '311', '312', '319', '327', '332', '334', '336', '419', '340', '345', '347', '353', '361', '363', '375', '509', '263', '328', '366', '387', '379', '356', '440', '454', '460', '479', '262', '265', '272', '307', '314', '391', '394', '396', '414', '422', '268', '310', '329', '374', '434', '441', '415', '281', '278', '397', '280', '437', '330', '343', '367', '462', '316', '412', '438', '402', '282', '364', '325', '350', '354', '357', '339', '459', '489', '384', '352', '261', '324', '423', '335', '351', '443', '447', '370', '393', '398', '385', '400', '428', '313', '320', '337', '418', '315', '381', '383', '302', '348', '341', '382', '406', '439', '300', '322', '448', '389', '326', '360', '269', '378', '453', '362', '386', '321', '323', '416', '373']
Cluster-7 Total nodes: 190 ['1344', '1457', '1329', '1470', '1518', '1522', '1516', '1409', '1413', '1417', '1424', '1427', '1431', '1433', '1445', '1446', '1436', '1351', '1453', '1462', '1471', '1345', '1346', '1347', '1348', '1349', '1478', '1479', '1352', '1354', '1483', '1485', '1358', '1359', '1489', '1443', '1364', '1365', '1370', '1487', '1440', '1373', '1502', '1375', '1377', '1378', '1379', '1381', '1382', '1384', '1388', '1390', '1521', '1477', '1407', '1406', '1301', '1302', '1306', '1307', '1308', '1309', '1310', '1311', '1312', '1314', '1315', '1316', '1319', '1325', '1326', '1327', '1332', '1333', '1338', '1339', '1341', '1545', '1553', '1476', '1507', '1519', '1300', '1313', '1330', '1357', '1366', '1369', '1376', '1389', '1394', '1429', '1432', '1448', '1454', '1334', '1404', '1449', '1559', '1444', '1517', '1535', '1415', '1331', '1335', '1336', '1337', '1340', '1342', '1343', '1350', '1353', '1355', '1356', '1361', '1362', '1367', '1368', '1371', '1372', '1380', '1385', '1386', '1391', '1393', '1395', '1398', '1399', '1403', '1405', '1408', '1410', '1416', '1425', '1428', '1437', '1438', '1441', '1451', '1452', '1455', '1459', '1460', '1468', '1475', '1482', '1484', '1303', '1304', '1305', '1317', '1318', '1328', '1421', '1442', '1397', '1466', '1537', '1439', '1419', '1426', '1430', '1434', '1392', '1396', '1401', '1447', '1360', '1458', '1472', '1490', '1494', '1374', '1387', '1530', '1420', '1450', '1461', '1504', '1435', '1363', '1414', '1473', '1492', '1464', '1505', '1486', '1400', '1411', '1402']
Cluster-8 Total nodes: 133 ['214', '235', '3', '5', '25', '28', '34', '39', '41', '43', '46', '50', '68', '69', '79', '83', '84', '94', '98', '127', '128', '139', '146', '148', '179', '181', '204', '169', '177', '213', '136', '107', '171', '13', '141', '247', '167', '142', '175', '212', '36', '44', '154', '185', '89', '61', '138', '91', '103', '47', '203', '9', '149', '54', '72', '109', '129', '75', '112', '165', '133', '7', '52', '77', '123', '126', '31', '80', '51', '70', '30', '74', '67', '95', '56', '106', '132', '82', '131', '2', '26', '29', '32', '48', '55', '57', '81', '150', '197', '27', '33', '37', '58', '64', '135', '137', '38', '42', '49', '59', '60', '66', '71', '62', '78', '35', '40', '88', '145', '45', '53', '63', '65', '73', '76', '85', '102', '130', '143', '152', '0', '1', '4', '6', '8', '11', '12', '17', '18', '86', '105', '134', '108']
Cluster-9 Total nodes: 38 ['232', '118', '90', '101', '104', '121', '125', '156', '159', '166', '182', '199', '201', '223', '225', '256', '110', '114', '116', '124', '144', '147', '162', '186', '192', '202', '207', '218', '16', '22', '92', '140', '170', '173', '164', '219', '251', '158']
Cluster-10 Total nodes: 33 ['1106', '1040', '1296', '1221', '1258', '1260', '1264', '1205', '1231', '1232', '1249', '1280', '1225', '1229', '1235', '1288', '1161', '1131', '1273', '1238', '1298', '1289', '1245', '1267', '1209', '1272', '1230', '1248', '1292', '1283', '1299', '1217', '1266']
Cluster-11 Total nodes: 27 ['1028', '1020', '961', '1010', '968', '972', '1016', '960', '980', '987', '990', '1005', '1022', '1027', '965', '982', '986', '1024', '955', '994', '996', '1019', '1015', '985', '977', '998', '981']
Cluster-12 Total nodes: 26 ['392', '495', '471', '435', '500', '464', '517', '432', '516', '505', '455', '508', '284', '476', '470', '504', '436', '475', '463', '446', '473', '431', '444', '458', '466', '483']
Cluster-13 Total nodes: 25 ['669', '668', '696', '676', '762', '689', '727', '710', '752', '717', '722', '732', '778', '708', '680', '779', '770', '742', '734', '745', '748', '719', '736', '769', '721']
Cluster-14 Total nodes: 22 ['10', '180', '153', '157', '122', '221', '196', '174', '93', '97', '238', '111', '87', '100', '217', '239', '99', '252', '23', '215', '245', '228']
Cluster-15 Total nodes: 20 ['1538', '1541', '1556', '1481', '1493', '1496', '1534', '1323', '1465', '1528', '1423', '1543', '1469', '1513', '1456', '1510', '1515', '1539', '1552', '1511']
Cluster-16 Total nodes: 11 ['1612', '1815', '1809', '1818', '1766', '1806', '1781', '1760', '1730', '1782', '1792']
Cluster-17 Total nodes: 10 ['1501', '1526', '1503', '1542', '1544', '1491', '1512', '1495', '1480', '1499']
Cluster-18 Total nodes: 10 ['211', '191', '210', '198', '184', '187', '151', '259', '117', '246']
Cluster-19 Total nodes: 7 ['1037', '1038', '1002', '1004', '1011', '1012', '983']
Cluster-20 Total nodes: 7 ['947', '956', '970', '800', '801', '1025', '1007']
Cluster-21 Total nodes: 7 ['96', '113', '19', '163', '115', '14', '229']
Cluster-22 Total nodes: 6 ['1514', '1547', '1412', '1509', '1488', '1550']
Cluster-23 Total nodes: 5 ['1324', '1383', '1322', '1520', '1321']
Cluster-24 Total nodes: 4 ['1536', '1533', '1524', '1497']
Cluster-25 Total nodes: 4 ['1029', '997', '803', '1013']
Cluster-26 Total nodes: 4 ['216', '155', '200', '195']
Cluster-27 Total nodes: 3 ['1686', '1803', '1786']
Cluster-28 Total nodes: 3 ['275', '477', '442']
Cluster-29 Total nodes: 3 ['429', '491', '469']
Cluster-30 Total nodes: 3 ['515', '482', '461']
Cluster-31 Total nodes: 3 ['492', '283', '507']
Cluster-32 Total nodes: 3 ['518', '457', '496']
Cluster-33 Total nodes: 3 ['120', '15', '20']
Cluster-34 Total nodes: 3 ['1558', '1557', '1422']
Cluster-35 Total nodes: 2 ['1808', '1807']
Cluster-36 Total nodes: 2 ['713', '751']
Cluster-37 Total nodes: 2 ['764', '775']
Cluster-38 Total nodes: 2 ['1531', '1498']
Cluster-39 Total nodes: 2 ['514', '499']
Cluster-40 Total nodes: 2 ['242', '190']
Cluster-41 Total nodes: 2 ['1745', '1797']
Cluster-42 Total nodes: 2 ['227', '183']
Cluster-43 Total nodes: 2 ['1551', '1320']
Cluster-44 Total nodes: 2 ['160', '258']
Cluster-45 Total nodes: 2 ['2062', '2040']
Cluster-46 Total nodes: 2 ['2071', '2006']
Cluster-47 Total nodes: 2 ['1463', '1549']
Cluster-48 Total nodes: 2 ['2078', '1839']
Cluster-49 Total nodes: 2 ['237', '21']
Cluster-50 Total nodes: 2 ['194', '243']
Cluster-51 Total nodes: 2 ['771', '720']
Cluster-52 Total nodes: 2 ['731', '758']
Cluster-53 Total nodes: 2 ['193', '206']
Cluster-54 Total nodes: 2 ['487', '519']
Cluster-55 Total nodes: 2 ['209', '224']
Cluster-56 Total nodes: 2 ['241', '255']
Cluster-57 Total nodes: 1 ['2051']
Cluster-58 Total nodes: 1 ['754']
Cluster-59 Total nodes: 1 ['776']
Cluster-60 Total nodes: 1 ['709']
Cluster-61 Total nodes: 1 ['677']
Cluster-62 Total nodes: 1 ['744']
Cluster-63 Total nodes: 1 ['1164']
Cluster-64 Total nodes: 1 ['220']
Cluster-65 Total nodes: 1 ['543']
Cluster-66 Total nodes: 1 ['1546']
Cluster-67 Total nodes: 1 ['1527']
Cluster-68 Total nodes: 1 ['481']
Cluster-69 Total nodes: 1 ['502']
Cluster-70 Total nodes: 1 ['1033']
Cluster-71 Total nodes: 1 ['1555']
Cluster-72 Total nodes: 1 ['1532']
Cluster-73 Total nodes: 1 ['1508']
Cluster-74 Total nodes: 1 ['1525']
Cluster-75 Total nodes: 1 ['1032']
Cluster-76 Total nodes: 1 ['1003']
Cluster-77 Total nodes: 1 ['1021']
Cluster-78 Total nodes: 1 ['1814']
Cluster-79 Total nodes: 1 ['1228']
Cluster-80 Total nodes: 1 ['1813']
Cluster-81 Total nodes: 1 ['1817']
Cluster-82 Total nodes: 1 ['1810']
Cluster-83 Total nodes: 1 ['1816']
Cluster-84 Total nodes: 1 ['1754']
Cluster-85 Total nodes: 1 ['176']
Cluster-86 Total nodes: 1 ['234']
Cluster-87 Total nodes: 1 ['1274']
Cluster-88 Total nodes: 1 ['1295']
Cluster-89 Total nodes: 1 ['168']
Cluster-90 Total nodes: 1 ['233']
Cluster-91 Total nodes: 1 ['254']
Cluster-92 Total nodes: 1 ['2064']
Cluster-93 Total nodes: 1 ['2068']
Cluster-94 Total nodes: 1 ['189']
Cluster-95 Total nodes: 1 ['2031']
Cluster-96 Total nodes: 1 ['2066']
Cluster-97 Total nodes: 1 ['2079']
Cluster-98 Total nodes: 1 ['2014']
Cluster-99 Total nodes: 1 ['1548']
Cluster-100 Total nodes: 1 ['1554']
Cluster-101 Total nodes: 1 ['1418']
Cluster-102 Total nodes: 1 ['1467']
Cluster-103 Total nodes: 1 ['2032']
Cluster-104 Total nodes: 1 ['2073']
Cluster-105 Total nodes: 1 ['1540']
Cluster-106 Total nodes: 1 ['2048']
Cluster-107 Total nodes: 1 ['119']
Cluster-108 Total nodes: 1 ['1529']
Cluster-109 Total nodes: 1 ['753']
Cluster-110 Total nodes: 1 ['205']
Cluster-111 Total nodes: 1 ['253']
Cluster-112 Total nodes: 1 ['772']
Cluster-113 Total nodes: 1 ['774']
Cluster-114 Total nodes: 1 ['757']
Cluster-115 Total nodes: 1 ['172']
Cluster-116 Total nodes: 1 ['773']
Cluster-117 Total nodes: 1 ['991']
Cluster-118 Total nodes: 1 ['222']
Cluster-119 Total nodes: 1 ['249']
Cluster-120 Total nodes: 1 ['498']
Cluster-121 Total nodes: 1 ['433']
Cluster-122 Total nodes: 1 ['250']
Cluster-123 Total nodes: 1 ['244']
Cluster-124 Total nodes: 1 ['538']
Cluster-125 Total nodes: 1 ['1474']
Cluster-126 Total nodes: 1 ['1523']
Cluster-127 Total nodes: 1 ['510']
Cluster-128 Total nodes: 1 ['226']
Cluster-129 Total nodes: 1 ['161']
Cluster-130 Total nodes: 1 ['188']
Cluster-131 Total nodes: 1 ['208']
Cluster-132 Total nodes: 1 ['1265']
Cluster-133 Total nodes: 1 ['178']
Cluster-134 Total nodes: 1 ['230']
Cluster-135 Total nodes: 1 ['240']
Cluster-136 Total nodes: 1 ['24']
Cluster-137 Total nodes: 1 ['248']
Cluster-138 Total nodes: 1 ['257']
Cluster-139 Total nodes: 1 ['1285']
Cluster-140 Total nodes: 1 ['231']
Cluster-141 Total nodes: 1 ['236']
Cluster-142 Total nodes: 1 ['1269']
Cluster-143 Total nodes: 1 ['1284']
Cluster-144 Total nodes: 1 ['962']
Cluster-145 Total nodes: 1 ['992']
Cluster-146 Total nodes: 1 ['1001']
Cluster-147 Total nodes: 1 ['1018']
Cluster-148 Total nodes: 1 ['467']
Cluster-149 Total nodes: 1 ['1500']
Cluster-150 Total nodes: 1 ['1506']
Cluster-151 Total nodes: 1 ['506']
Cluster-152 Total nodes: 1 ['488']
Cluster-153 Total nodes: 1 ['449']
Cluster-154 Total nodes: 1 ['490']
Cluster-155 Total nodes: 1 ['501']

level-2 completes in 165.734284 seconds
Cluster-1 Total nodes: 260 ['1912', '1922', '1923', '1935', '1931', '2063', '1939', '1940', '1944', '2074', '1961', '2011', '1820', '1824', '1828', '1834', '1835', '1840', '1844', '1845', '1847', '1848', '1851', '1854', '1855', '1857', '1861', '1867', '1868', '1870', '1884', '1886', '1897', '1903', '1905', '1911', '2050', '2075', '1833', '1836', '1843', '1846', '1849', '1860', '1876', '1877', '1878', '1885', '1901', '1920', '1948', '1950', '1958', '1966', '1971', '2000', '2001', '2027', '2039', '1924', '1926', '1927', '2059', '2052', '1960', '1983', '1985', '1956', '2012', '2022', '1821', '1827', '1853', '1862', '1863', '1871', '1874', '1883', '1909', '1913', '2057', '1930', '1936', '2065', '1949', '1951', '1955', '1965', '1972', '1982', '2007', '1978', '1957', '2018', '2023', '1822', '1829', '1850', '1873', '1875', '1888', '1893', '1899', '1915', '1917', '2056', '1941', '1953', '1996', '1976', '2010', '2002', '1823', '1852', '1866', '1879', '1881', '1889', '1925', '1934', '1933', '1942', '2072', '1987', '1999', '1977', '2020', '2021', '1937', '2029', '2034', '2037', '1830', '1837', '1841', '1864', '1865', '1894', '1898', '1928', '1869', '1907', '1943', '1959', '1981', '2005', '2008', '2053', '2058', '1952', '1964', '1969', '1988', '1995', '1997', '2028', '2046', '1831', '1858', '1859', '1887', '2076', '1963', '1984', '1989', '1998', '2004', '2042', '2043', '1826', '1838', '1896', '1916', '1932', '2077', '2017', '2045', '1832', '1900', '1921', '1954', '1974', '1990', '1993', '2016', '2049', '1979', '1980', '1986', '2033', '2003', '2041', '1825', '1880', '1892', '1967', '1975', '1856', '1891', '1895', '2026', '1910', '1919', '1945', '1962', '1970', '1890', '1929', '2019', '1872', '2035', '2044', '1918', '2070', '1991', '1902', '2069', '2024', '1908', '2038', '2009', '2025', '2036', '2061', '1938', '2060', '2013', '1904', '1906', '1914', '1947', '2030', '2047', '1842', '2055', '1882', '2015', '1973', '1946', '1994', '1992', '2067', '1968', '2054', '2048', '2073', '2032', '2014', '2079', '2066', '2031', '2068', '2064', '2051', '2078', '1839', '2071', '2006', '2062', '2040']
Cluster-2 Total nodes: 260 ['1800', '1811', '1812', '1563', '1567', '1575', '1577', '1583', '1589', '1591', '1636', '1646', '1675', '1677', '1688', '1693', '1694', '1697', '1700', '1701', '1702', '1707', '1712', '1725', '1750', '1761', '1767', '1784', '1795', '1674', '1678', '1681', '1682', '1708', '1709', '1720', '1722', '1744', '1618', '1628', '1632', '1633', '1635', '1641', '1642', '1645', '1647', '1651', '1655', '1656', '1785', '1616', '1660', '1661', '1662', '1560', '1562', '1571', '1576', '1585', '1586', '1587', '1588', '1590', '1593', '1595', '1596', '1597', '1598', '1599', '1600', '1601', '1602', '1603', '1604', '1605', '1608', '1610', '1796', '1794', '1732', '1690', '1699', '1738', '1719', '1572', '1574', '1594', '1609', '1613', '1615', '1620', '1621', '1643', '1657', '1658', '1666', '1788', '1564', '1581', '1637', '1689', '1695', '1696', '1704', '1718', '1728', '1729', '1751', '1768', '1805', '1607', '1623', '1639', '1654', '1663', '1691', '1692', '1705', '1724', '1566', '1570', '1631', '1650', '1723', '1736', '1755', '1580', '1706', '1711', '1716', '1721', '1793', '1671', '1672', '1676', '1684', '1791', '1734', '1757', '1714', '1592', '1606', '1804', '1739', '1741', '1614', '1619', '1624', '1627', '1629', '1759', '1653', '1659', '1638', '1769', '1775', '1648', '1717', '1777', '1727', '1679', '1789', '1790', '1668', '1673', '1819', '1743', '1748', '1622', '1626', '1776', '1630', '1771', '1772', '1773', '1747', '1683', '1799', '1801', '1685', '1698', '1703', '1735', '1746', '1752', '1756', '1762', '1644', '1774', '1652', '1713', '1665', '1667', '1680', '1778', '1733', '1765', '1780', '1611', '1617', '1625', '1634', '1640', '1664', '1687', '1731', '1740', '1742', '1753', '1764', '1783', '1798', '1802', '1561', '1565', '1568', '1569', '1578', '1579', '1582', '1584', '1649', '1669', '1573', '1749', '1670', '1710', '1770', '1787', '1715', '1758', '1763', '1726', '1779', '1737', '1754', '1816', '1810', '1817', '1813', '1814', '1745', '1797', '1808', '1807', '1686', '1803', '1786', '1612', '1815', '1809', '1818', '1766', '1806', '1781', '1760', '1730', '1782', '1792']
Cluster-3 Total nodes: 260 ['1056', '1156', '1163', '1112', '1189', '1190', '1065', '1066', '1067', '1068', '1071', '1074', '1079', '1088', '1095', '1227', '1100', '1110', '1111', '1240', '1241', '1119', '1122', '1128', '1257', '1261', '1136', '1141', '1276', '1282', '1158', '1113', '1179', '1109', '1216', '1107', '1114', '1115', '1118', '1126', '1297', '1262', '1263', '1137', '1138', '1278', '1270', '1223', '1142', '1150', '1237', '1041', '1045', '1048', '1053', '1055', '1057', '1069', '1075', '1082', '1083', '1085', '1086', '1087', '1093', '1094', '1101', '1103', '1104', '1152', '1159', '1196', '1290', '1173', '1177', '1186', '1070', '1199', '1072', '1073', '1076', '1207', '1162', '1219', '1220', '1098', '1105', '1236', '1226', '1242', '1244', '1193', '1120', '1125', '1254', '1256', '1129', '1259', '1099', '1268', '1143', '1144', '1145', '1096', '1147', '1132', '1064', '1171', '1191', '1251', '1275', '1117', '1180', '1194', '1252', '1154', '1170', '1080', '1279', '1281', '1246', '1293', '1243', '1081', '1050', '1166', '1214', '1271', '1277', '1187', '1255', '1046', '1062', '1149', '1294', '1089', '1224', '1051', '1060', '1211', '1181', '1192', '1197', '1222', '1286', '1160', '1078', '1135', '1169', '1198', '1202', '1206', '1208', '1247', '1215', '1049', '1059', '1077', '1097', '1188', '1234', '1042', '1044', '1116', '1148', '1052', '1058', '1063', '1090', '1121', '1146', '1151', '1167', '1168', '1233', '1124', '1287', '1203', '1291', '1043', '1092', '1172', '1175', '1185', '1201', '1204', '1213', '1218', '1250', '1047', '1054', '1139', '1140', '1084', '1091', '1102', '1108', '1123', '1130', '1133', '1134', '1157', '1178', '1183', '1061', '1174', '1176', '1184', '1212', '1127', '1153', '1165', '1239', '1253', '1182', '1200', '1155', '1210', '1195', '1284', '1269', '1285', '1265', '1295', '1274', '1228', '1164', '1106', '1040', '1296', '1221', '1258', '1260', '1264', '1205', '1231', '1232', '1249', '1280', '1225', '1229', '1235', '1288', '1161', '1131', '1273', '1238', '1298', '1289', '1245', '1267', '1209', '1272', '1230', '1248', '1292', '1283', '1299', '1217', '1266']
Cluster-4 Total nodes: 260 ['661', '571', '763', '766', '767', '521', '527', '540', '541', '544', '546', '548', '549', '550', '551', '554', '555', '562', '564', '566', '574', '581', '590', '598', '603', '612', '624', '626', '631', '641', '683', '777', '678', '686', '693', '698', '729', '743', '746', '750', '765', '523', '528', '529', '534', '545', '560', '588', '595', '620', '628', '632', '633', '650', '651', '659', '663', '666', '640', '643', '685', '715', '591', '604', '606', '607', '623', '629', '634', '639', '520', '547', '552', '553', '557', '558', '559', '561', '563', '565', '567', '569', '570', '542', '609', '739', '756', '761', '526', '537', '568', '587', '596', '599', '611', '636', '647', '665', '673', '711', '718', '738', '741', '525', '578', '579', '592', '618', '652', '656', '658', '679', '694', '725', '681', '688', '691', '735', '699', '747', '749', '533', '536', '585', '601', '615', '627', '635', '649', '654', '662', '768', '704', '716', '702', '760', '621', '653', '664', '674', '759', '613', '616', '622', '671', '692', '701', '705', '723', '726', '522', '605', '637', '670', '690', '706', '577', '594', '617', '645', '655', '672', '700', '728', '733', '530', '531', '539', '556', '583', '586', '625', '660', '524', '646', '684', '712', '575', '597', '755', '608', '682', '532', '572', '614', '648', '667', '737', '600', '573', '642', '580', '576', '582', '584', '589', '602', '644', '697', '724', '593', '687', '695', '707', '610', '619', '630', '703', '730', '535', '638', '657', '675', '740', '714', '538', '773', '757', '774', '772', '753', '543', '744', '677', '709', '776', '754', '731', '758', '771', '720', '764', '775', '713', '751', '669', '668', '696', '676', '762', '689', '727', '710', '752', '717', '722', '732', '778', '708', '680', '779', '770', '742', '734', '745', '748', '719', '736', '769', '721']
Cluster-5 Total nodes: 260 ['851', '806', '790', '807', '888', '923', '817', '857', '1039', '815', '1009', '938', '966', '1000', '1017', '897', '900', '902', '920', '929', '943', '959', '887', '853', '861', '881', '866', '872', '874', '880', '936', '883', '1014', '891', '783', '784', '788', '799', '802', '805', '808', '810', '811', '813', '814', '818', '819', '821', '822', '826', '827', '832', '836', '837', '842', '844', '847', '796', '812', '993', '867', '879', '989', '950', '951', '864', '787', '1026', '1030', '1031', '1034', '1035', '1036', '809', '816', '820', '823', '824', '825', '828', '829', '830', '831', '833', '838', '839', '840', '841', '843', '845', '846', '849', '850', '852', '854', '855', '856', '858', '859', '860', '862', '863', '865', '868', '869', '871', '875', '876', '882', '885', '889', '890', '894', '895', '896', '898', '899', '901', '905', '910', '911', '912', '914', '915', '916', '917', '918', '919', '921', '922', '924', '925', '926', '927', '928', '931', '933', '934', '940', '941', '948', '952', '953', '954', '963', '964', '967', '973', '974', '975', '976', '978', '979', '984', '988', '1006', '781', '782', '785', '786', '789', '791', '792', '793', '794', '795', '797', '798', '804', '907', '893', '834', '944', '930', '904', '1023', '909', '935', '884', '958', '835', '848', '870', '873', '877', '903', '908', '939', '942', '971', '995', '780', '932', '946', '886', '892', '906', '878', '937', '945', '957', '913', '1008', '999', '969', '949', '1018', '1001', '992', '962', '991', '1021', '1003', '1032', '1033', '1029', '997', '803', '1013', '947', '956', '970', '800', '801', '1025', '1007', '1037', '1038', '1002', '1004', '1011', '1012', '983', '1028', '1020', '961', '1010', '968', '972', '1016', '960', '980', '987', '990', '1005', '1022', '1027', '965', '982', '986', '1024', '955', '994', '996', '1019', '1015', '985', '977', '998', '981']
Cluster-6 Total nodes: 260 ['368', '512', '513', '390', '411', '417', '427', '450', '452', '369', '474', '480', '485', '486', '493', '497', '425', '376', '380', '260', '266', '267', '271', '273', '276', '277', '285', '286', '288', '290', '291', '294', '295', '297', '303', '308', '309', '317', '331', '342', '344', '359', '395', '399', '403', '404', '408', '409', '420', '421', '424', '426', '445', '451', '407', '456', '465', '468', '472', '478', '484', '401', '494', '413', '511', '405', '264', '270', '274', '279', '287', '301', '318', '333', '338', '346', '349', '358', '365', '372', '377', '355', '503', '388', '410', '289', '292', '293', '296', '298', '299', '430', '304', '305', '306', '371', '311', '312', '319', '327', '332', '334', '336', '419', '340', '345', '347', '353', '361', '363', '375', '509', '263', '328', '366', '387', '379', '356', '440', '454', '460', '479', '262', '265', '272', '307', '314', '391', '394', '396', '414', '422', '268', '310', '329', '374', '434', '441', '415', '281', '278', '397', '280', '437', '330', '343', '367', '462', '316', '412', '438', '402', '282', '364', '325', '350', '354', '357', '339', '459', '489', '384', '352', '261', '324', '423', '335', '351', '443', '447', '370', '393', '398', '385', '400', '428', '313', '320', '337', '418', '315', '381', '383', '302', '348', '341', '382', '406', '439', '300', '322', '448', '389', '326', '360', '269', '378', '453', '362', '386', '321', '323', '416', '373', '501', '490', '449', '488', '506', '467', '510', '433', '498', '502', '481', '487', '519', '514', '499', '518', '457', '496', '492', '283', '507', '515', '482', '461', '429', '491', '469', '275', '477', '442', '392', '495', '471', '435', '500', '464', '517', '432', '516', '505', '455', '508', '284', '476', '470', '504', '436', '475', '463', '446', '473', '431', '444', '458', '466', '483']
Cluster-7 Total nodes: 260 ['1344', '1457', '1329', '1470', '1518', '1522', '1516', '1409', '1413', '1417', '1424', '1427', '1431', '1433', '1445', '1446', '1436', '1351', '1453', '1462', '1471', '1345', '1346', '1347', '1348', '1349', '1478', '1479', '1352', '1354', '1483', '1485', '1358', '1359', '1489', '1443', '1364', '1365', '1370', '1487', '1440', '1373', '1502', '1375', '1377', '1378', '1379', '1381', '1382', '1384', '1388', '1390', '1521', '1477', '1407', '1406', '1301', '1302', '1306', '1307', '1308', '1309', '1310', '1311', '1312', '1314', '1315', '1316', '1319', '1325', '1326', '1327', '1332', '1333', '1338', '1339', '1341', '1545', '1553', '1476', '1507', '1519', '1300', '1313', '1330', '1357', '1366', '1369', '1376', '1389', '1394', '1429', '1432', '1448', '1454', '1334', '1404', '1449', '1559', '1444', '1517', '1535', '1415', '1331', '1335', '1336', '1337', '1340', '1342', '1343', '1350', '1353', '1355', '1356', '1361', '1362', '1367', '1368', '1371', '1372', '1380', '1385', '1386', '1391', '1393', '1395', '1398', '1399', '1403', '1405', '1408', '1410', '1416', '1425', '1428', '1437', '1438', '1441', '1451', '1452', '1455', '1459', '1460', '1468', '1475', '1482', '1484', '1303', '1304', '1305', '1317', '1318', '1328', '1421', '1442', '1397', '1466', '1537', '1439', '1419', '1426', '1430', '1434', '1392', '1396', '1401', '1447', '1360', '1458', '1472', '1490', '1494', '1374', '1387', '1530', '1420', '1450', '1461', '1504', '1435', '1363', '1414', '1473', '1492', '1464', '1505', '1486', '1400', '1411', '1402', '1506', '1500', '1523', '1474', '1529', '1540', '1467', '1418', '1554', '1548', '1525', '1508', '1532', '1555', '1527', '1546', '1463', '1549', '1551', '1320', '1531', '1498', '1558', '1557', '1422', '1536', '1533', '1524', '1497', '1324', '1383', '1322', '1520', '1321', '1514', '1547', '1412', '1509', '1488', '1550', '1501', '1526', '1503', '1542', '1544', '1491', '1512', '1495', '1480', '1499', '1538', '1541', '1556', '1481', '1493', '1496', '1534', '1323', '1465', '1528', '1423', '1543', '1469', '1513', '1456', '1510', '1515', '1539', '1552', '1511']
Cluster-8 Total nodes: 260 ['214', '235', '3', '5', '25', '28', '34', '39', '41', '43', '46', '50', '68', '69', '79', '83', '84', '94', '98', '127', '128', '139', '146', '148', '179', '181', '204', '169', '177', '213', '136', '107', '171', '13', '141', '247', '167', '142', '175', '212', '36', '44', '154', '185', '89', '61', '138', '91', '103', '47', '203', '9', '149', '54', '72', '109', '129', '75', '112', '165', '133', '7', '52', '77', '123', '126', '31', '80', '51', '70', '30', '74', '67', '95', '56', '106', '132', '82', '131', '2', '26', '29', '32', '48', '55', '57', '81', '150', '197', '27', '33', '37', '58', '64', '135', '137', '38', '42', '49', '59', '60', '66', '71', '62', '78', '35', '40', '88', '145', '45', '53', '63', '65', '73', '76', '85', '102', '130', '143', '152', '0', '1', '4', '6', '8', '11', '12', '17', '18', '86', '105', '134', '108', '236', '231', '257', '248', '24', '240', '230', '178', '208', '188', '161', '226', '244', '250', '249', '222', '172', '253', '205', '119', '189', '254', '233', '168', '234', '176', '220', '241', '255', '209', '224', '193', '206', '194', '243', '237', '21', '160', '258', '227', '183', '242', '190', '120', '15', '20', '216', '155', '200', '195', '96', '113', '19', '163', '115', '14', '229', '211', '191', '210', '198', '184', '187', '151', '259', '117', '246', '10', '180', '153', '157', '122', '221', '196', '174', '93', '97', '238', '111', '87', '100', '217', '239', '99', '252', '23', '215', '245', '228', '232', '118', '90', '101', '104', '121', '125', '156', '159', '166', '182', '199', '201', '223', '225', '256', '110', '114', '116', '124', '144', '147', '162', '186', '192', '202', '207', '218', '16', '22', '92', '140', '170', '173', '164', '219', '251', '158']

level-3 completes in 165.73576
Cluster-1 Total nodes: 260 ['1912', '1922', '1923', '1935', '1931', '2063', '1939', '1940', '1944', '2074', '1961', '2011', '1820', '1824', '1828', '1834', '1835', '1840', '1844', '1845', '1847', '1848', '1851', '1854', '1855', '1857', '1861', '1867', '1868', '1870', '1884', '1886', '1897', '1903', '1905', '1911', '2050', '2075', '1833', '1836', '1843', '1846', '1849', '1860', '1876', '1877', '1878', '1885', '1901', '1920', '1948', '1950', '1958', '1966', '1971', '2000', '2001', '2027', '2039', '1924', '1926', '1927', '2059', '2052', '1960', '1983', '1985', '1956', '2012', '2022', '1821', '1827', '1853', '1862', '1863', '1871', '1874', '1883', '1909', '1913', '2057', '1930', '1936', '2065', '1949', '1951', '1955', '1965', '1972', '1982', '2007', '1978', '1957', '2018', '2023', '1822', '1829', '1850', '1873', '1875', '1888', '1893', '1899', '1915', '1917', '2056', '1941', '1953', '1996', '1976', '2010', '2002', '1823', '1852', '1866', '1879', '1881', '1889', '1925', '1934', '1933', '1942', '2072', '1987', '1999', '1977', '2020', '2021', '1937', '2029', '2034', '2037', '1830', '1837', '1841', '1864', '1865', '1894', '1898', '1928', '1869', '1907', '1943', '1959', '1981', '2005', '2008', '2053', '2058', '1952', '1964', '1969', '1988', '1995', '1997', '2028', '2046', '1831', '1858', '1859', '1887', '2076', '1963', '1984', '1989', '1998', '2004', '2042', '2043', '1826', '1838', '1896', '1916', '1932', '2077', '2017', '2045', '1832', '1900', '1921', '1954', '1974', '1990', '1993', '2016', '2049', '1979', '1980', '1986', '2033', '2003', '2041', '1825', '1880', '1892', '1967', '1975', '1856', '1891', '1895', '2026', '1910', '1919', '1945', '1962', '1970', '1890', '1929', '2019', '1872', '2035', '2044', '1918', '2070', '1991', '1902', '2069', '2024', '1908', '2038', '2009', '2025', '2036', '2061', '1938', '2060', '2013', '1904', '1906', '1914', '1947', '2030', '2047', '1842', '2055', '1882', '2015', '1973', '1946', '1994', '1992', '2067', '1968', '2054', '2048', '2073', '2032', '2014', '2079', '2066', '2031', '2068', '2064', '2051', '2078', '1839', '2071', '2006', '2062', '2040']
Cluster-2 Total nodes: 260 ['1800', '1811', '1812', '1563', '1567', '1575', '1577', '1583', '1589', '1591', '1636', '1646', '1675', '1677', '1688', '1693', '1694', '1697', '1700', '1701', '1702', '1707', '1712', '1725', '1750', '1761', '1767', '1784', '1795', '1674', '1678', '1681', '1682', '1708', '1709', '1720', '1722', '1744', '1618', '1628', '1632', '1633', '1635', '1641', '1642', '1645', '1647', '1651', '1655', '1656', '1785', '1616', '1660', '1661', '1662', '1560', '1562', '1571', '1576', '1585', '1586', '1587', '1588', '1590', '1593', '1595', '1596', '1597', '1598', '1599', '1600', '1601', '1602', '1603', '1604', '1605', '1608', '1610', '1796', '1794', '1732', '1690', '1699', '1738', '1719', '1572', '1574', '1594', '1609', '1613', '1615', '1620', '1621', '1643', '1657', '1658', '1666', '1788', '1564', '1581', '1637', '1689', '1695', '1696', '1704', '1718', '1728', '1729', '1751', '1768', '1805', '1607', '1623', '1639', '1654', '1663', '1691', '1692', '1705', '1724', '1566', '1570', '1631', '1650', '1723', '1736', '1755', '1580', '1706', '1711', '1716', '1721', '1793', '1671', '1672', '1676', '1684', '1791', '1734', '1757', '1714', '1592', '1606', '1804', '1739', '1741', '1614', '1619', '1624', '1627', '1629', '1759', '1653', '1659', '1638', '1769', '1775', '1648', '1717', '1777', '1727', '1679', '1789', '1790', '1668', '1673', '1819', '1743', '1748', '1622', '1626', '1776', '1630', '1771', '1772', '1773', '1747', '1683', '1799', '1801', '1685', '1698', '1703', '1735', '1746', '1752', '1756', '1762', '1644', '1774', '1652', '1713', '1665', '1667', '1680', '1778', '1733', '1765', '1780', '1611', '1617', '1625', '1634', '1640', '1664', '1687', '1731', '1740', '1742', '1753', '1764', '1783', '1798', '1802', '1561', '1565', '1568', '1569', '1578', '1579', '1582', '1584', '1649', '1669', '1573', '1749', '1670', '1710', '1770', '1787', '1715', '1758', '1763', '1726', '1779', '1737', '1754', '1816', '1810', '1817', '1813', '1814', '1745', '1797', '1808', '1807', '1686', '1803', '1786', '1612', '1815', '1809', '1818', '1766', '1806', '1781', '1760', '1730', '1782', '1792']
Cluster-3 Total nodes: 260 ['1056', '1156', '1163', '1112', '1189', '1190', '1065', '1066', '1067', '1068', '1071', '1074', '1079', '1088', '1095', '1227', '1100', '1110', '1111', '1240', '1241', '1119', '1122', '1128', '1257', '1261', '1136', '1141', '1276', '1282', '1158', '1113', '1179', '1109', '1216', '1107', '1114', '1115', '1118', '1126', '1297', '1262', '1263', '1137', '1138', '1278', '1270', '1223', '1142', '1150', '1237', '1041', '1045', '1048', '1053', '1055', '1057', '1069', '1075', '1082', '1083', '1085', '1086', '1087', '1093', '1094', '1101', '1103', '1104', '1152', '1159', '1196', '1290', '1173', '1177', '1186', '1070', '1199', '1072', '1073', '1076', '1207', '1162', '1219', '1220', '1098', '1105', '1236', '1226', '1242', '1244', '1193', '1120', '1125', '1254', '1256', '1129', '1259', '1099', '1268', '1143', '1144', '1145', '1096', '1147', '1132', '1064', '1171', '1191', '1251', '1275', '1117', '1180', '1194', '1252', '1154', '1170', '1080', '1279', '1281', '1246', '1293', '1243', '1081', '1050', '1166', '1214', '1271', '1277', '1187', '1255', '1046', '1062', '1149', '1294', '1089', '1224', '1051', '1060', '1211', '1181', '1192', '1197', '1222', '1286', '1160', '1078', '1135', '1169', '1198', '1202', '1206', '1208', '1247', '1215', '1049', '1059', '1077', '1097', '1188', '1234', '1042', '1044', '1116', '1148', '1052', '1058', '1063', '1090', '1121', '1146', '1151', '1167', '1168', '1233', '1124', '1287', '1203', '1291', '1043', '1092', '1172', '1175', '1185', '1201', '1204', '1213', '1218', '1250', '1047', '1054', '1139', '1140', '1084', '1091', '1102', '1108', '1123', '1130', '1133', '1134', '1157', '1178', '1183', '1061', '1174', '1176', '1184', '1212', '1127', '1153', '1165', '1239', '1253', '1182', '1200', '1155', '1210', '1195', '1284', '1269', '1285', '1265', '1295', '1274', '1228', '1164', '1106', '1040', '1296', '1221', '1258', '1260', '1264', '1205', '1231', '1232', '1249', '1280', '1225', '1229', '1235', '1288', '1161', '1131', '1273', '1238', '1298', '1289', '1245', '1267', '1209', '1272', '1230', '1248', '1292', '1283', '1299', '1217', '1266']
Cluster-4 Total nodes: 260 ['661', '571', '763', '766', '767', '521', '527', '540', '541', '544', '546', '548', '549', '550', '551', '554', '555', '562', '564', '566', '574', '581', '590', '598', '603', '612', '624', '626', '631', '641', '683', '777', '678', '686', '693', '698', '729', '743', '746', '750', '765', '523', '528', '529', '534', '545', '560', '588', '595', '620', '628', '632', '633', '650', '651', '659', '663', '666', '640', '643', '685', '715', '591', '604', '606', '607', '623', '629', '634', '639', '520', '547', '552', '553', '557', '558', '559', '561', '563', '565', '567', '569', '570', '542', '609', '739', '756', '761', '526', '537', '568', '587', '596', '599', '611', '636', '647', '665', '673', '711', '718', '738', '741', '525', '578', '579', '592', '618', '652', '656', '658', '679', '694', '725', '681', '688', '691', '735', '699', '747', '749', '533', '536', '585', '601', '615', '627', '635', '649', '654', '662', '768', '704', '716', '702', '760', '621', '653', '664', '674', '759', '613', '616', '622', '671', '692', '701', '705', '723', '726', '522', '605', '637', '670', '690', '706', '577', '594', '617', '645', '655', '672', '700', '728', '733', '530', '531', '539', '556', '583', '586', '625', '660', '524', '646', '684', '712', '575', '597', '755', '608', '682', '532', '572', '614', '648', '667', '737', '600', '573', '642', '580', '576', '582', '584', '589', '602', '644', '697', '724', '593', '687', '695', '707', '610', '619', '630', '703', '730', '535', '638', '657', '675', '740', '714', '538', '773', '757', '774', '772', '753', '543', '744', '677', '709', '776', '754', '731', '758', '771', '720', '764', '775', '713', '751', '669', '668', '696', '676', '762', '689', '727', '710', '752', '717', '722', '732', '778', '708', '680', '779', '770', '742', '734', '745', '748', '719', '736', '769', '721']
Cluster-5 Total nodes: 260 ['851', '806', '790', '807', '888', '923', '817', '857', '1039', '815', '1009', '938', '966', '1000', '1017', '897', '900', '902', '920', '929', '943', '959', '887', '853', '861', '881', '866', '872', '874', '880', '936', '883', '1014', '891', '783', '784', '788', '799', '802', '805', '808', '810', '811', '813', '814', '818', '819', '821', '822', '826', '827', '832', '836', '837', '842', '844', '847', '796', '812', '993', '867', '879', '989', '950', '951', '864', '787', '1026', '1030', '1031', '1034', '1035', '1036', '809', '816', '820', '823', '824', '825', '828', '829', '830', '831', '833', '838', '839', '840', '841', '843', '845', '846', '849', '850', '852', '854', '855', '856', '858', '859', '860', '862', '863', '865', '868', '869', '871', '875', '876', '882', '885', '889', '890', '894', '895', '896', '898', '899', '901', '905', '910', '911', '912', '914', '915', '916', '917', '918', '919', '921', '922', '924', '925', '926', '927', '928', '931', '933', '934', '940', '941', '948', '952', '953', '954', '963', '964', '967', '973', '974', '975', '976', '978', '979', '984', '988', '1006', '781', '782', '785', '786', '789', '791', '792', '793', '794', '795', '797', '798', '804', '907', '893', '834', '944', '930', '904', '1023', '909', '935', '884', '958', '835', '848', '870', '873', '877', '903', '908', '939', '942', '971', '995', '780', '932', '946', '886', '892', '906', '878', '937', '945', '957', '913', '1008', '999', '969', '949', '1018', '1001', '992', '962', '991', '1021', '1003', '1032', '1033', '1029', '997', '803', '1013', '947', '956', '970', '800', '801', '1025', '1007', '1037', '1038', '1002', '1004', '1011', '1012', '983', '1028', '1020', '961', '1010', '968', '972', '1016', '960', '980', '987', '990', '1005', '1022', '1027', '965', '982', '986', '1024', '955', '994', '996', '1019', '1015', '985', '977', '998', '981']
Cluster-6 Total nodes: 260 ['368', '512', '513', '390', '411', '417', '427', '450', '452', '369', '474', '480', '485', '486', '493', '497', '425', '376', '380', '260', '266', '267', '271', '273', '276', '277', '285', '286', '288', '290', '291', '294', '295', '297', '303', '308', '309', '317', '331', '342', '344', '359', '395', '399', '403', '404', '408', '409', '420', '421', '424', '426', '445', '451', '407', '456', '465', '468', '472', '478', '484', '401', '494', '413', '511', '405', '264', '270', '274', '279', '287', '301', '318', '333', '338', '346', '349', '358', '365', '372', '377', '355', '503', '388', '410', '289', '292', '293', '296', '298', '299', '430', '304', '305', '306', '371', '311', '312', '319', '327', '332', '334', '336', '419', '340', '345', '347', '353', '361', '363', '375', '509', '263', '328', '366', '387', '379', '356', '440', '454', '460', '479', '262', '265', '272', '307', '314', '391', '394', '396', '414', '422', '268', '310', '329', '374', '434', '441', '415', '281', '278', '397', '280', '437', '330', '343', '367', '462', '316', '412', '438', '402', '282', '364', '325', '350', '354', '357', '339', '459', '489', '384', '352', '261', '324', '423', '335', '351', '443', '447', '370', '393', '398', '385', '400', '428', '313', '320', '337', '418', '315', '381', '383', '302', '348', '341', '382', '406', '439', '300', '322', '448', '389', '326', '360', '269', '378', '453', '362', '386', '321', '323', '416', '373', '501', '490', '449', '488', '506', '467', '510', '433', '498', '502', '481', '487', '519', '514', '499', '518', '457', '496', '492', '283', '507', '515', '482', '461', '429', '491', '469', '275', '477', '442', '392', '495', '471', '435', '500', '464', '517', '432', '516', '505', '455', '508', '284', '476', '470', '504', '436', '475', '463', '446', '473', '431', '444', '458', '466', '483']
Cluster-7 Total nodes: 260 ['1344', '1457', '1329', '1470', '1518', '1522', '1516', '1409', '1413', '1417', '1424', '1427', '1431', '1433', '1445', '1446', '1436', '1351', '1453', '1462', '1471', '1345', '1346', '1347', '1348', '1349', '1478', '1479', '1352', '1354', '1483', '1485', '1358', '1359', '1489', '1443', '1364', '1365', '1370', '1487', '1440', '1373', '1502', '1375', '1377', '1378', '1379', '1381', '1382', '1384', '1388', '1390', '1521', '1477', '1407', '1406', '1301', '1302', '1306', '1307', '1308', '1309', '1310', '1311', '1312', '1314', '1315', '1316', '1319', '1325', '1326', '1327', '1332', '1333', '1338', '1339', '1341', '1545', '1553', '1476', '1507', '1519', '1300', '1313', '1330', '1357', '1366', '1369', '1376', '1389', '1394', '1429', '1432', '1448', '1454', '1334', '1404', '1449', '1559', '1444', '1517', '1535', '1415', '1331', '1335', '1336', '1337', '1340', '1342', '1343', '1350', '1353', '1355', '1356', '1361', '1362', '1367', '1368', '1371', '1372', '1380', '1385', '1386', '1391', '1393', '1395', '1398', '1399', '1403', '1405', '1408', '1410', '1416', '1425', '1428', '1437', '1438', '1441', '1451', '1452', '1455', '1459', '1460', '1468', '1475', '1482', '1484', '1303', '1304', '1305', '1317', '1318', '1328', '1421', '1442', '1397', '1466', '1537', '1439', '1419', '1426', '1430', '1434', '1392', '1396', '1401', '1447', '1360', '1458', '1472', '1490', '1494', '1374', '1387', '1530', '1420', '1450', '1461', '1504', '1435', '1363', '1414', '1473', '1492', '1464', '1505', '1486', '1400', '1411', '1402', '1506', '1500', '1523', '1474', '1529', '1540', '1467', '1418', '1554', '1548', '1525', '1508', '1532', '1555', '1527', '1546', '1463', '1549', '1551', '1320', '1531', '1498', '1558', '1557', '1422', '1536', '1533', '1524', '1497', '1324', '1383', '1322', '1520', '1321', '1514', '1547', '1412', '1509', '1488', '1550', '1501', '1526', '1503', '1542', '1544', '1491', '1512', '1495', '1480', '1499', '1538', '1541', '1556', '1481', '1493', '1496', '1534', '1323', '1465', '1528', '1423', '1543', '1469', '1513', '1456', '1510', '1515', '1539', '1552', '1511']
Cluster-8 Total nodes: 260 ['214', '235', '3', '5', '25', '28', '34', '39', '41', '43', '46', '50', '68', '69', '79', '83', '84', '94', '98', '127', '128', '139', '146', '148', '179', '181', '204', '169', '177', '213', '136', '107', '171', '13', '141', '247', '167', '142', '175', '212', '36', '44', '154', '185', '89', '61', '138', '91', '103', '47', '203', '9', '149', '54', '72', '109', '129', '75', '112', '165', '133', '7', '52', '77', '123', '126', '31', '80', '51', '70', '30', '74', '67', '95', '56', '106', '132', '82', '131', '2', '26', '29', '32', '48', '55', '57', '81', '150', '197', '27', '33', '37', '58', '64', '135', '137', '38', '42', '49', '59', '60', '66', '71', '62', '78', '35', '40', '88', '145', '45', '53', '63', '65', '73', '76', '85', '102', '130', '143', '152', '0', '1', '4', '6', '8', '11', '12', '17', '18', '86', '105', '134', '108', '236', '231', '257', '248', '24', '240', '230', '178', '208', '188', '161', '226', '244', '250', '249', '222', '172', '253', '205', '119', '189', '254', '233', '168', '234', '176', '220', '241', '255', '209', '224', '193', '206', '194', '243', '237', '21', '160', '258', '227', '183', '242', '190', '120', '15', '20', '216', '155', '200', '195', '96', '113', '19', '163', '115', '14', '229', '211', '191', '210', '198', '184', '187', '151', '259', '117', '246', '10', '180', '153', '157', '122', '221', '196', '174', '93', '97', '238', '111', '87', '100', '217', '239', '99', '252', '23', '215', '245', '228', '232', '118', '90', '101', '104', '121', '125', '156', '159', '166', '182', '199', '201', '223', '225', '256', '110', '114', '116', '124', '144', '147', '162', '186', '192', '202', '207', '218', '16', '22', '92', '140', '170', '173', '164', '219', '251', '158']

Total time of execution: 165.73576 seconds
