This is pdfTeX, Version 3.1415926-2.5-1.40.14 (TeX Live 2013) (format=pdflatex 2013.5.30)  4 MAY 2014 16:42
entering extended mode
 restricted \write18 enabled.
 %&-line parsing enabled.
**Report.tex
(./Report.tex
LaTeX2e <2011/06/27>
Babel <3.9f> and hyphenation patterns for 78 languages loaded.
(/usr/local/texlive/2013/texmf-dist/tex/latex/base/article.cls
Document Class: article 2007/10/19 v1.4h Standard LaTeX document class
(/usr/local/texlive/2013/texmf-dist/tex/latex/base/size11.clo
File: size11.clo 2007/10/19 v1.4h Standard LaTeX file (size option)
)
\c@part=\count79
\c@section=\count80
\c@subsection=\count81
\c@subsubsection=\count82
\c@paragraph=\count83
\c@subparagraph=\count84
\c@figure=\count85
\c@table=\count86
\abovecaptionskip=\skip41
\belowcaptionskip=\skip42
\bibindent=\dimen102
) (./latex8.sty
IEEE 8.5 x 11-Inch Proceedings Style `latex8.sty'.
\@ctmp=\skip43
\@figindent=\skip44
) (/usr/local/texlive/2013/texmf-dist/tex/latex/graphics/graphicx.sty
Package: graphicx 1999/02/16 v1.0f Enhanced LaTeX Graphics (DPC,SPQR)

(/usr/local/texlive/2013/texmf-dist/tex/latex/graphics/keyval.sty
Package: keyval 1999/03/16 v1.13 key=value parser (DPC)
\KV@toks@=\toks14
)
(/usr/local/texlive/2013/texmf-dist/tex/latex/graphics/graphics.sty
Package: graphics 2009/02/05 v1.0o Standard LaTeX Graphics (DPC,SPQR)

(/usr/local/texlive/2013/texmf-dist/tex/latex/graphics/trig.sty
Package: trig 1999/03/16 v1.09 sin cos tan (DPC)
)
(/usr/local/texlive/2013/texmf-dist/tex/latex/latexconfig/graphics.cfg
File: graphics.cfg 2010/04/23 v1.9 graphics configuration of TeX Live
)
Package graphics Info: Driver file: pdftex.def on input line 91.

(/usr/local/texlive/2013/texmf-dist/tex/latex/pdftex-def/pdftex.def
File: pdftex.def 2011/05/27 v0.06d Graphics/color for pdfTeX

(/usr/local/texlive/2013/texmf-dist/tex/generic/oberdiek/infwarerr.sty
Package: infwarerr 2010/04/08 v1.3 Providing info/warning/error messages (HO)
)
(/usr/local/texlive/2013/texmf-dist/tex/generic/oberdiek/ltxcmds.sty
Package: ltxcmds 2011/11/09 v1.22 LaTeX kernel commands for general use (HO)
)
\Gread@gobject=\count87
))
\Gin@req@height=\dimen103
\Gin@req@width=\dimen104
)
(/usr/local/texlive/2013/texmf-dist/tex/latex/geometry/geometry.sty
Package: geometry 2010/09/12 v5.6 Page Geometry

(/usr/local/texlive/2013/texmf-dist/tex/generic/oberdiek/ifpdf.sty
Package: ifpdf 2011/01/30 v2.3 Provides the ifpdf switch (HO)
Package ifpdf Info: pdfTeX in PDF mode is detected.
)
(/usr/local/texlive/2013/texmf-dist/tex/generic/oberdiek/ifvtex.sty
Package: ifvtex 2010/03/01 v1.5 Detect VTeX and its facilities (HO)
Package ifvtex Info: VTeX not detected.
)
(/usr/local/texlive/2013/texmf-dist/tex/generic/ifxetex/ifxetex.sty
Package: ifxetex 2010/09/12 v0.6 Provides ifxetex conditional
)
\Gm@cnth=\count88
\Gm@cntv=\count89
\c@Gm@tempcnt=\count90
\Gm@bindingoffset=\dimen105
\Gm@wd@mp=\dimen106
\Gm@odd@mp=\dimen107
\Gm@even@mp=\dimen108
\Gm@layoutwidth=\dimen109
\Gm@layoutheight=\dimen110
\Gm@layouthoffset=\dimen111
\Gm@layoutvoffset=\dimen112
\Gm@dimlist=\toks15
)
(/usr/local/texlive/2013/texmf-dist/tex/latex/caption/caption.sty
Package: caption 2013/05/02 v3.3-89 Customizing captions (AR)

(/usr/local/texlive/2013/texmf-dist/tex/latex/caption/caption3.sty
Package: caption3 2013/05/02 v1.6-88 caption3 kernel (AR)
Package caption3 Info: TeX engine: e-TeX on input line 57.
\captionmargin=\dimen113
\captionmargin@=\dimen114
\captionwidth=\dimen115
\caption@tempdima=\dimen116
\caption@indent=\dimen117
\caption@parindent=\dimen118
\caption@hangindent=\dimen119
Package caption Info: Unknown document class (or package),
(caption)             standard defaults will be used.
)

Package caption Warning: Unsupported document class (or package) detected,
(caption)                usage of the caption package is not recommended.
See the caption package documentation for explanation.

Package caption Info: \@makecaption = \long macro:#1#2-> \vskip 10pt \setbox \@
tempboxa \hbox {\tenhv \noindent #1.~#2} \setlength {\@ctmp }{\hsize } \addtole
ngth {\@ctmp }{-\@figindent }\addtolength {\@ctmp }{-\@figindent } \ifdim \wd \
@tempboxa >\@ctmp \begin {list}{}{\leftmargin \@figindent \rightmargin \leftmar
gin } \item []\tenhv #1.~#2\par \end {list} \else \hbox to\hsize {\hfil \box \@
tempboxa \hfil } \fi .
\c@ContinuedFloat=\count91
) (/usr/local/texlive/2013/texmf-dist/tex/latex/caption/subcaption.sty
Package: subcaption 2013/02/03 v1.1-62 Sub-captions (AR)
\c@subfigure=\count92
\c@subtable=\count93
)
(./Report.aux)
\openout1 = `Report.aux'.

LaTeX Font Info:    Checking defaults for OML/cmm/m/it on input line 11.
LaTeX Font Info:    ... okay on input line 11.
LaTeX Font Info:    Checking defaults for T1/cmr/m/n on input line 11.
LaTeX Font Info:    ... okay on input line 11.
LaTeX Font Info:    Checking defaults for OT1/cmr/m/n on input line 11.
LaTeX Font Info:    ... okay on input line 11.
LaTeX Font Info:    Checking defaults for OMS/cmsy/m/n on input line 11.
LaTeX Font Info:    ... okay on input line 11.
LaTeX Font Info:    Checking defaults for OMX/cmex/m/n on input line 11.
LaTeX Font Info:    ... okay on input line 11.
LaTeX Font Info:    Checking defaults for U/cmr/m/n on input line 11.
LaTeX Font Info:    ... okay on input line 11.

(/usr/local/texlive/2013/texmf-dist/tex/context/base/supp-pdf.mkii
[Loading MPS to PDF converter (version 2006.09.02).]
\scratchcounter=\count94
\scratchdimen=\dimen120
\scratchbox=\box26
\nofMPsegments=\count95
\nofMParguments=\count96
\everyMPshowfont=\toks16
\MPscratchCnt=\count97
\MPscratchDim=\dimen121
\MPnumerator=\count98
\makeMPintoPDFobject=\count99
\everyMPtoPDFconversion=\toks17
) (/usr/local/texlive/2013/texmf-dist/tex/generic/oberdiek/pdftexcmds.sty
Package: pdftexcmds 2011/11/29 v0.20 Utility functions of pdfTeX for LuaTeX (HO
)

(/usr/local/texlive/2013/texmf-dist/tex/generic/oberdiek/ifluatex.sty
Package: ifluatex 2010/03/01 v1.3 Provides the ifluatex switch (HO)
Package ifluatex Info: LuaTeX not detected.
)
Package pdftexcmds Info: LuaTeX not detected.
Package pdftexcmds Info: \pdf@primitive is available.
Package pdftexcmds Info: \pdf@ifprimitive is available.
Package pdftexcmds Info: \pdfdraftmode found.
)
(/usr/local/texlive/2013/texmf-dist/tex/latex/oberdiek/epstopdf-base.sty
Package: epstopdf-base 2010/02/09 v2.5 Base part for package epstopdf

(/usr/local/texlive/2013/texmf-dist/tex/latex/oberdiek/grfext.sty
Package: grfext 2010/08/19 v1.1 Manage graphics extensions (HO)

(/usr/local/texlive/2013/texmf-dist/tex/generic/oberdiek/kvdefinekeys.sty
Package: kvdefinekeys 2011/04/07 v1.3 Define keys (HO)
))
(/usr/local/texlive/2013/texmf-dist/tex/latex/oberdiek/kvoptions.sty
Package: kvoptions 2011/06/30 v3.11 Key value format for package options (HO)

(/usr/local/texlive/2013/texmf-dist/tex/generic/oberdiek/kvsetkeys.sty
Package: kvsetkeys 2012/04/25 v1.16 Key value parser (HO)

(/usr/local/texlive/2013/texmf-dist/tex/generic/oberdiek/etexcmds.sty
Package: etexcmds 2011/02/16 v1.5 Avoid name clashes with e-TeX commands (HO)
Package etexcmds Info: Could not find \expanded.
(etexcmds)             That can mean that you are not using pdfTeX 1.50 or
(etexcmds)             that some package has redefined \expanded.
(etexcmds)             In the latter case, load this package earlier.
)))
Package grfext Info: Graphics extension search list:
(grfext)             [.png,.pdf,.jpg,.mps,.jpeg,.jbig2,.jb2,.PNG,.PDF,.JPG,.JPE
G,.JBIG2,.JB2,.eps]
(grfext)             \AppendGraphicsExtensions on input line 452.

(/usr/local/texlive/2013/texmf-dist/tex/latex/latexconfig/epstopdf-sys.cfg
File: epstopdf-sys.cfg 2010/07/13 v1.3 Configuration of (r)epstopdf for TeX Liv
e
))
*geometry* driver: auto-detecting
*geometry* detected driver: pdftex
*geometry* verbose mode - [ preamble ] result:
* driver: pdftex
* paper: <default>
* layout: <same size as paper>
* layoutoffset:(h,v)=(0.0pt,0.0pt)
* modes: 
* h-part:(L,W,R)=(85.35826pt, 443.57848pt, 85.35826pt)
* v-part:(T,H,B)=(71.13188pt, 652.70622pt, 71.13188pt)
* \paperwidth=614.295pt
* \paperheight=794.96999pt
* \textwidth=443.57848pt
* \textheight=652.70622pt
* \oddsidemargin=13.08827pt
* \evensidemargin=13.08827pt
* \topmargin=-1.1381pt
* \headheight=0.0pt
* \headsep=0.0pt
* \topskip=11.0pt
* \footskip=30.0pt
* \marginparwidth=59.0pt
* \marginparsep=10.0pt
* \columnsep=22.58437pt
* \skip\footins=10.0pt plus 4.0pt minus 2.0pt
* \hoffset=0.0pt
* \voffset=0.0pt
* \mag=1000
* \@twocolumnfalse
* \@twosidefalse
* \@mparswitchfalse
* \@reversemarginfalse
* (1in=72.27pt=25.4mm, 1cm=28.453pt)

Package caption Info: Begin \AtBeginDocument code.
Package caption Info: End \AtBeginDocument code.
LaTeX Font Info:    External font `cmex10' loaded for size
(Font)              <12> on input line 39.
LaTeX Font Info:    External font `cmex10' loaded for size
(Font)              <8> on input line 39.
LaTeX Font Info:    External font `cmex10' loaded for size
(Font)              <6> on input line 39.
Missing character: There is no √ in font cmr10!
Missing character: There is no Ø in font cmr10!

Underfull \hbox (badness 10000) in paragraph at lines 49--54

 []


Underfull \hbox (badness 10000) in paragraph at lines 49--54

 []

[1

{/usr/local/texlive/2013/texmf-var/fonts/map/pdftex/updmap/pdftex.map}]
Missing character: There is no ‚ in font cmr10!
Missing character: There is no Ä in font cmr10!
Missing character: There is no ô in font cmr10!
LaTeX Font Info:    Try loading font information for OMS+cmr on input line 65.

(/usr/local/texlive/2013/texmf-dist/tex/latex/base/omscmr.fd
File: omscmr.fd 1999/05/25 v2.5h Standard LaTeX font definitions
)
LaTeX Font Info:    Font shape `OMS/cmr/m/n' in size <10.95> not available
(Font)              Font shape `OMS/cmsy/m/n' tried instead on input line 65.

(./DataGeneration.tex
Overfull \hbox (4.7689pt too wide) in paragraph at lines 3--4
[]\OT1/cmr/m/n/10.95 Social net-work datasets are gen-er-ated syn-thet-i-cally 
with vary-ing spar-sity and size. \OT1/cmtt/m/n/10.95 Networkx\OT1/cmr/m/n/10.9
5 ,
 []

[2]
Overfull \hbox (20.21829pt too wide) in paragraph at lines 6--7
\OT1/cmr/m/n/10.95 edges with a given tri-an-gle for-ma-tion prob-a-bil-ity us-
ing \OT1/cmtt/m/n/10.95 netwotkx\OT1/cmr/m/n/10.95 's \OT1/cmtt/m/n/10.95 power
law[]cluster[]graph
 []


Underfull \hbox (badness 10000) in paragraph at lines 6--7

 []

<Images/datasetgen1.pdf, id=16, 794.97pt x 614.295pt>
File: Images/datasetgen1.pdf Graphic file (type pdf)

<use Images/datasetgen1.pdf>
Package pdftex.def Info: Images/datasetgen1.pdf used on input line 8.
(pdftex.def)             Requested size: 174.89394pt x 135.14531pt.

<Images/datasetgen2.pdf, id=17, 794.97pt x 614.295pt>
File: Images/datasetgen2.pdf Graphic file (type pdf)

<use Images/datasetgen2.pdf>
Package pdftex.def Info: Images/datasetgen2.pdf used on input line 9.
(pdftex.def)             Requested size: 174.89394pt x 135.14531pt.

<Images/datasetgen3.pdf, id=18, 794.97pt x 614.295pt>
File: Images/datasetgen3.pdf Graphic file (type pdf)

<use Images/datasetgen3.pdf>
Package pdftex.def Info: Images/datasetgen3.pdf used on input line 14.
(pdftex.def)             Requested size: 174.89394pt x 135.14531pt.

<Images/datasetgen4.pdf, id=19, 794.97pt x 614.295pt>
File: Images/datasetgen4.pdf Graphic file (type pdf)

<use Images/datasetgen4.pdf>
Package pdftex.def Info: Images/datasetgen4.pdf used on input line 15.
(pdftex.def)             Requested size: 174.89394pt x 135.14531pt.
) (./ClusteringAlgorithm.tex [3 <./Images/datasetgen1.pdf> <./Images/datasetgen
2.pdf> <./Images/datasetgen3.pdf> <./Images/datasetgen4.pdf>]
LaTeX Font Info:    External font `cmex10' loaded for size
(Font)              <10.95> on input line 5.


LaTeX Font Warning: Command \large invalid in math mode on input line 7.


LaTeX Font Warning: Command \large invalid in math mode on input line 16.

[4]
Overfull \hbox (10.29475pt too wide) in paragraph at lines 31--31
 []\OT1/cmtt/m/n/10.95 START b = node:community('id:given\_node') MATCH b-[:KNO
WS]-a return a[] 
 []

) (./Evaluation.tex
Underfull \hbox (badness 10000) in paragraph at lines 4--22

 []


LaTeX Warning: `h' float specifier changed to `ht'.

[5]) (./Results.tex
Underfull \hbox (badness 10000) in paragraph at lines 4--7

 []

<dense-edges.pdf, id=98, 391.4625pt x 240.9pt>
File: dense-edges.pdf Graphic file (type pdf)
 <use dense-edges.pdf>
Package pdftex.def Info: dense-edges.pdf used on input line 12.
(pdftex.def)             Requested size: 195.73076pt x 120.44969pt.

<sparse-edges.pdf, id=99, 391.4625pt x 240.9pt>
File: sparse-edges.pdf Graphic file (type pdf)
 <use sparse-edges.pdf>
Package pdftex.def Info: sparse-edges.pdf used on input line 17.
(pdftex.def)             Requested size: 195.73076pt x 120.44969pt.

Overfull \hbox (2.43332pt too wide) in paragraph at lines 10--20
[]$[]$ $[]$ 
 []

<dense-nodes.pdf, id=100, 391.4625pt x 240.9pt>
File: dense-nodes.pdf Graphic file (type pdf)
 <use dense-nodes.pdf>
Package pdftex.def Info: dense-nodes.pdf used on input line 26.
(pdftex.def)             Requested size: 195.73076pt x 120.44969pt.

<sparse-nodes.pdf, id=101, 391.4625pt x 240.9pt>
File: sparse-nodes.pdf Graphic file (type pdf)
 <use sparse-nodes.pdf>
Package pdftex.def Info: sparse-nodes.pdf used on input line 31.
(pdftex.def)             Requested size: 195.73076pt x 120.44969pt.

Overfull \hbox (2.43332pt too wide) in paragraph at lines 24--34
[]$[]$ $[]$ 
 []

<neo4j-sparse-dense.pdf, id=102, 391.4625pt x 240.9pt>
File: neo4j-sparse-dense.pdf Graphic file (type pdf)

<use neo4j-sparse-dense.pdf>
Package pdftex.def Info: neo4j-sparse-dense.pdf used on input line 39.
(pdftex.def)             Requested size: 195.73076pt x 120.44969pt.

<graphlab-sparse-dense.pdf, id=103, 391.4625pt x 240.9pt>
File: graphlab-sparse-dense.pdf Graphic file (type pdf)

<use graphlab-sparse-dense.pdf>
Package pdftex.def Info: graphlab-sparse-dense.pdf used on input line 44.
(pdftex.def)             Requested size: 195.73076pt x 120.44969pt.

Overfull \hbox (2.43332pt too wide) in paragraph at lines 37--47
[]$[]$ $[]$ 
 []

) [6 <./dense-edges.pdf> <./sparse-edges.pdf>]
Missing character: There is no ‚ in font cmr10!
Missing character: There is no Ä in font cmr10!
Missing character: There is no ú in font cmr10!
Missing character: There is no ‚ in font cmr10!
Missing character: There is no Ä in font cmr10!
Missing character: There is no ù in font cmr10!
Missing character: There is no ‚ in font cmr10!
Missing character: There is no Ä in font cmr10!
Missing character: There is no ú in font cmr10!
Missing character: There is no ‚ in font cmr10!
Missing character: There is no Ä in font cmr10!
Missing character: There is no ù in font cmr10!
 [7 <./dense-nodes.pdf> <./sparse-nodes.pdf> <./neo4j-sparse-dense.pdf> <./grap
hlab-sparse-dense.pdf>]
(./Report.aux) ) 
Here is how much of TeX's memory you used:
 3183 strings out of 493315
 50345 string characters out of 6137904
 119731 words of memory out of 5000000
 6595 multiletter control sequences out of 15000+600000
 10571 words of font info for 35 fonts, out of 8000000 for 9000
 957 hyphenation exceptions out of 8191
 38i,9n,38p,863b,379s stack positions out of 5000i,500n,10000p,200000b,80000s
</usr/local/texlive/2013/texmf-dist/fonts/type1/public/amsfonts
/cm/cmbx10.pfb></usr/local/texlive/2013/texmf-dist/fonts/type1/public/amsfonts/
cm/cmbx12.pfb></usr/local/texlive/2013/texmf-dist/fonts/type1/public/amsfonts/c
m/cmex10.pfb></usr/local/texlive/2013/texmf-dist/fonts/type1/public/amsfonts/cm
/cmmi10.pfb></usr/local/texlive/2013/texmf-dist/fonts/type1/public/amsfonts/cm/
cmmi8.pfb></usr/local/texlive/2013/texmf-dist/fonts/type1/public/amsfonts/cm/cm
r10.pfb></usr/local/texlive/2013/texmf-dist/fonts/type1/public/amsfonts/cm/cmr1
2.pfb></usr/local/texlive/2013/texmf-dist/fonts/type1/public/amsfonts/cm/cmr8.p
fb></usr/local/texlive/2013/texmf-dist/fonts/type1/public/amsfonts/cm/cmsy10.pf
b></usr/local/texlive/2013/texmf-dist/fonts/type1/public/amsfonts/cm/cmsy8.pfb>
</usr/local/texlive/2013/texmf-dist/fonts/type1/public/amsfonts/cm/cmti10.pfb><
/usr/local/texlive/2013/texmf-dist/fonts/type1/public/amsfonts/cm/cmti12.pfb></
usr/local/texlive/2013/texmf-dist/fonts/type1/public/amsfonts/cm/cmtt10.pfb>
Output written on Report.pdf (7 pages, 4197113 bytes).
PDF statistics:
 160 PDF objects out of 1000 (max. 8388607)
 115 compressed objects within 2 object streams
 0 named destinations out of 1000 (max. 500000)
 51 words of extra memory for PDF output out of 10000 (max. 10000000)

