Total nodes in the system: 2080

level-1 completes in 110.691491 seconds
Cluster-1 Total nodes: 158 ['2079', '1862', '2073', '1892', '1856', '1846', '1826', '1873', '1956', '1854', '1957', '1898', '1964', '1848', '1909', '2046', '1943', '1866', '1861', '1954', '1830', '1961', '2025', '1849', '1972', '1834', '1853', '1836', '1983', '1890', '1884', '1855', '1900', '1874', '1871', '1933', '1852', '1988', '1939', '2016', '1979', '1904', '1886', '1975', '1944', '1912', '1927', '1820', '1864', '1882', '2007', '1827', '2004', '1999', '1971', '1949', '1880', '2027', '1967', '1942', '1907', '2026', '1981', '1821', '1935', '2024', '1875', '1870', '1823', '1824', '1863', '1923', '1847', '1922', '1879', '1885', '1888', '1895', '1925', '1924', '1822', '1914', '1955', '1851', '1859', '1926', '1857', '1860', '1960', '1896', '1867', '1978', '1910', '1899', '1881', '1921', '1891', '1845', '1913', '1893', '1963', '1858', '1965', '1958', '1829', '1850', '1865', '1948', '1940', '1876', '1877', '1952', '1825', '1908', '1930', '1951', '1931', '1917', '1934', '1889', '1973', '1868', '1928', '1869', '1835', '1994', '1936', '1985', '1959', '1938', '1932', '1950', '1962', '1831', '1968', '1878', '1832', '1902', '1966', '1976', '1918', '1833', '1894', '1947', '1953', '1897', '1843', '1919', '1828', '1838', '1837', '1872', '1841', '1915', '1901', '1970', '1887', '1905']
Cluster-2 Total nodes: 149 ['1682', '1586', '1589', '1622', '1658', '1661', '1569', '1721', '1719', '1642', '1602', '1612', '1561', '1668', '1626', '1655', '1617', '1566', '1591', '1590', '1794', '1730', '1699', '1639', '1585', '1618', '1701', '1640', '1594', '1700', '1560', '1660', '1571', '1673', '1718', '1702', '1598', '1778', '1790', '1576', '1621', '1674', '1608', '1596', '1638', '1628', '1715', '1710', '1630', '1567', '1605', '1632', '1614', '1629', '1675', '1694', '1752', '1735', '1671', '1707', '1611', '1711', '1723', '1634', '1615', '1693', '1641', '1652', '1647', '1609', '1610', '1763', '1687', '1574', '1724', '1706', '1690', '1606', '1587', '1705', '1601', '1650', '1625', '1689', '1579', '1568', '1620', '1691', '1603', '1695', '1708', '1575', '1563', '1736', '1623', '1665', '1580', '1592', '1613', '1581', '1599', '1607', '1627', '1664', '1619', '1636', '1597', '1712', '1572', '1657', '1662', '1646', '1600', '1656', '1670', '1562', '1570', '1654', '1649', '1604', '1595', '1643', '1564', '1709', '1593', '1582', '1697', '1677', '1732', '1698', '1635', '1667', '1631', '1588', '1616', '1696', '1565', '1666', '1648', '1637', '1688', '1663', '1676', '1624', '1692', '1645', '1728', '1749', '1720']
Cluster-3 Total nodes: 135 ['699', '529', '539', '527', '644', '569', '548', '640', '673', '547', '771', '654', '666', '703', '655', '659', '658', '528', '611', '582', '664', '568', '648', '561', '612', '524', '657', '607', '555', '651', '662', '650', '600', '581', '702', '615', '667', '545', '653', '558', '549', '592', '605', '661', '643', '526', '674', '677', '564', '587', '613', '601', '681', '562', '540', '530', '665', '531', '599', '551', '559', '656', '560', '602', '541', '652', '631', '563', '574', '608', '580', '614', '534', '634', '618', '557', '523', '565', '579', '532', '571', '641', '554', '573', '597', '632', '646', '550', '586', '604', '620', '629', '669', '567', '570', '578', '593', '594', '521', '670', '525', '576', '522', '588', '663', '520', '590', '598', '621', '533', '552', '566', '575', '595', '628', '536', '606', '616', '649', '596', '591', '639', '577', '609', '585', '696', '584', '642', '583', '626', '660', '603', '617', '645', '698']
Cluster-4 Total nodes: 126 ['295', '308', '307', '355', '260', '292', '341', '332', '305', '306', '282', '424', '266', '368', '316', '311', '314', '463', '325', '293', '415', '287', '329', '298', '382', '383', '361', '408', '378', '288', '351', '273', '337', '336', '331', '291', '381', '388', '277', '321', '303', '444', '285', '330', '268', '345', '296', '297', '301', '309', '289', '384', '264', '379', '356', '359', '294', '312', '400', '380', '333', '300', '265', '262', '398', '261', '310', '313', '290', '402', '399', '344', '324', '302', '286', '391', '334', '447', '349', '263', '360', '317', '299', '304', '414', '392', '338', '358', '354', '340', '272', '315', '275', '270', '389', '320', '342', '390', '413', '396', '328', '394', '369', '279', '393', '385', '357', '364', '377', '319', '267', '318', '347', '269', '405', '326', '323', '335', '346', '353', '327', '397', '367', '352', '401', '406']
Cluster-5 Total nodes: 120 ['1241', '1082', '1183', '1071', '1073', '1147', '1068', '1067', '1175', '1191', '1117', '1174', '1093', '1050', '1179', '1171', '1229', '1045', '1080', '1167', '1066', '1173', '1176', '1187', '1157', '1128', '1158', '1043', '1069', '1055', '1169', '1103', '1146', '1233', '1204', '1113', '1099', '1089', '1150', '1095', '1076', '1170', '1172', '1108', '1190', '1144', '1207', '1111', '1042', '1210', '1049', '1138', '1148', '1065', '1072', '1181', '1060', '1162', '1177', '1178', '1105', '1198', '1129', '1104', '1143', '1106', '1051', '1195', '1078', '1081', '1040', '1194', '1098', '1136', '1152', '1079', '1085', '1180', '1077', '1074', '1046', '1086', '1090', '1096', '1107', '1140', '1124', '1115', '1114', '1044', '1101', '1088', '1123', '1087', '1084', '1122', '1109', '1168', '1053', '1135', '1125', '1133', '1097', '1182', '1083', '1119', '1075', '1048', '1091', '1188', '1184', '1092', '1110', '1137', '1047', '1070', '1100', '1094', '1052', '1160']
Cluster-6 Total nodes: 117 ['1376', '1451', '1348', '1364', '1329', '1391', '1401', '1377', '1331', '1315', '1330', '1360', '1458', '1300', '1483', '1346', '1325', '1339', '1357', '1334', '1467', '1313', '1326', '1327', '1350', '1384', '1341', '1333', '1425', '1457', '1311', '1332', '1335', '1354', '1380', '1340', '1438', '1347', '1393', '1359', '1435', '1301', '1484', '1312', '1338', '1388', '1343', '1407', '1454', '1448', '1369', '1368', '1305', '1378', '1431', '1344', '1449', '1410', '1443', '1400', '1307', '1440', '1429', '1428', '1437', '1461', '1336', '1389', '1337', '1342', '1382', '1434', '1349', '1394', '1328', '1436', '1351', '1405', '1345', '1372', '1371', '1370', '1361', '1310', '1381', '1441', '1408', '1433', '1352', '1398', '1309', '1365', '1318', '1306', '1303', '1358', '1430', '1356', '1366', '1304', '1439', '1379', '1355', '1385', '1432', '1421', '1353', '1445', '1392', '1362', '1395', '1367', '1375', '1302', '1363', '1308', '1396']
Cluster-7 Total nodes: 111 ['958', '805', '814', '933', '842', '808', '807', '901', '847', '889', '815', '890', '809', '806', '863', '874', '849', '813', '916', '969', '879', '819', '902', '972', '886', '880', '840', '928', '857', '873', '944', '909', '860', '784', '971', '797', '791', '914', '788', '781', '978', '820', '829', '782', '852', '821', '877', '783', '828', '855', '893', '837', '862', '915', '835', '817', '812', '875', '818', '859', '827', '816', '832', '843', '892', '833', '854', '826', '836', '834', '866', '850', '825', '869', '878', '908', '839', '794', '897', '882', '911', '867', '921', '796', '793', '920', '845', '795', '888', '894', '848', '838', '912', '798', '918', '913', '871', '919', '853', '881', '841', '923', '823', '831', '917', '872', '864', '925', '943', '887', '883']
Cluster-8 Total nodes: 81 ['76', '30', '13', '143', '79', '142', '128', '147', '44', '29', '43', '99', '47', '17', '26', '126', '139', '46', '53', '25', '55', '146', '108', '73', '27', '28', '1', '32', '12', '85', '31', '8', '50', '72', '4', '39', '75', '56', '49', '98', '87', '59', '48', '102', '0', '6', '38', '150', '137', '3', '34', '37', '77', '65', '5', '51', '45', '42', '86', '41', '131', '58', '54', '7', '88', '33', '11', '40', '66', '36', '57', '35', '62', '67', '132', '69', '135', '141', '133', '52', '61']
Cluster-9 Total nodes: 57 ['802', '977', '810', '904', '960', '811', '934', '787', '995', '830', '931', '929', '1037', '792', '922', '947', '865', '846', '856', '786', '785', '932', '790', '824', '967', '861', '844', '900', '851', '868', '935', '950', '903', '804', '905', '789', '885', '870', '942', '984', '939', '949', '953', '954', '951', '906', '975', '895', '926', '993', '891', '858', '884', '876', '780', '964', '898']
Cluster-10 Total nodes: 43 ['1126', '1132', '1041', '1259', '1211', '1156', '1288', '1149', '1252', '1062', '1223', '1059', '1186', '1155', '1202', '1121', '1201', '1273', '1154', '1063', '1226', '1189', '1139', '1231', '1220', '1130', '1102', '1116', '1112', '1142', '1120', '1203', '1145', '1064', '1245', '1164', '1127', '1193', '1134', '1054', '1185', '1209', '1199']
Cluster-11 Total nodes: 40 ['546', '691', '668', '572', '688', '671', '610', '556', '766', '553', '736', '779', '625', '731', '713', '619', '687', '706', '635', '686', '694', '535', '589', '729', '717', '623', '624', '676', '692', '679', '761', '636', '637', '725', '627', '633', '690', '638', '622', '685']
Cluster-12 Total nodes: 36 ['439', '403', '426', '446', '404', '471', '370', '441', '348', '339', '436', '271', '456', '475', '374', '376', '418', '470', '274', '411', '373', '284', '407', '483', '430', '514', '431', '416', '449', '516', '496', '500', '464', '433', '513', '494']
Cluster-13 Total nodes: 26 ['1776', '1584', '1659', '1684', '1741', '1813', '1806', '1644', '1653', '1633', '1775', '1578', '1764', '1769', '1680', '1771', '1683', '1758', '1759', '1748', '1726', '1716', '1773', '1755', '1817', '1750']
Cluster-14 Total nodes: 24 ['822', '924', '936', '910', '799', '979', '1018', '965', '1028', '981', '996', '948', '938', '980', '1012', '1016', '994', '983', '973', '899', '959', '1000', '957', '1019']
Cluster-15 Total nodes: 23 ['1883', '1929', '2019', '2065', '1987', '1906', '1916', '1991', '1969', '1920', '1945', '1946', '1941', '1903', '1842', '2053', '2051', '2039', '2003', '2015', '2021', '2029', '2047']
Cluster-16 Total nodes: 21 ['217', '23', '124', '97', '105', '157', '114', '70', '64', '96', '83', '125', '116', '145', '202', '149', '60', '103', '90', '121', '94']
Cluster-17 Total nodes: 17 ['675', '538', '710', '719', '738', '737', '682', '672', '730', '630', '745', '726', '724', '704', '714', '684', '774']
Cluster-18 Total nodes: 17 ['1409', '1513', '1417', '1390', '1485', '1558', '1415', '1493', '1453', '1406', '1404', '1531', '1510', '1419', '1426', '1413', '1414']
Cluster-19 Total nodes: 17 ['1481', '1547', '1402', '1424', '1506', '1386', '1456', '1397', '1316', '1527', '1373', '1495', '1557', '1538', '1475', '1490', '1518']
Cluster-20 Total nodes: 13 ['115', '15', '9', '122', '140', '80', '179', '148', '152', '228', '153', '82', '119']
Cluster-21 Total nodes: 12 ['518', '457', '428', '371', '417', '442', '480', '276', '476', '386', '455', '490']
Cluster-22 Total nodes: 11 ['930', '976', '1017', '955', '968', '952', '1032', '1010', '1020', '937', '1030']
Cluster-23 Total nodes: 11 ['1322', '1465', '1317', '1548', '1319', '1446', '1479', '1455', '1324', '1480', '1520']
Cluster-24 Total nodes: 10 ['1444', '1427', '1515', '1552', '1374', '1471', '1387', '1399', '1383', '1488']
Cluster-25 Total nodes: 10 ['1058', '1141', '1061', '1159', '1118', '1151', '1165', '1298', '1161', '1212']
Cluster-26 Total nodes: 9 ['197', '187', '134', '93', '63', '216', '2', '118', '112']
Cluster-27 Total nodes: 9 ['1974', '2010', '2032', '1998', '2030', '2059', '2071', '2000', '2063']
Cluster-28 Total nodes: 9 ['1219', '1260', '1166', '1131', '1238', '1216', '1297', '1283', '1264']
Cluster-29 Total nodes: 7 ['19', '24', '22', '18', '110', '91', '95']
Cluster-30 Total nodes: 7 ['1805', '1733', '1779', '1727', '1809', '1815', '1704']
Cluster-31 Total nodes: 6 ['1550', '1487', '1447', '1545', '1517', '1526']
Cluster-32 Total nodes: 6 ['89', '92', '78', '84', '81', '14']
Cluster-33 Total nodes: 6 ['1681', '1766', '1573', '1762', '1729', '1669']
Cluster-34 Total nodes: 6 ['1679', '1672', '1757', '1767', '1761', '1782']
Cluster-35 Total nodes: 5 ['1323', '1468', '1418', '1512', '1499']
Cluster-36 Total nodes: 5 ['1459', '1442', '1472', '1466', '1491']
Cluster-37 Total nodes: 5 ['245', '223', '259', '196', '238']
Cluster-38 Total nodes: 5 ['100', '101', '156', '176', '225']
Cluster-39 Total nodes: 4 ['280', '466', '362', '462']
Cluster-40 Total nodes: 4 ['432', '423', '487', '498']
Cluster-41 Total nodes: 4 ['20', '252', '247', '213']
Cluster-42 Total nodes: 4 ['1035', '941', '963', '1021']
Cluster-43 Total nodes: 4 ['1844', '2074', '2062', '1990']
Cluster-44 Total nodes: 4 ['1056', '1276', '1261', '1163']
Cluster-45 Total nodes: 4 ['1788', '1703', '1577', '1800']
Cluster-46 Total nodes: 4 ['2009', '1839', '2078', '2033']
Cluster-47 Total nodes: 3 ['927', '1027', '940']
Cluster-48 Total nodes: 3 ['510', '322', '343']
Cluster-49 Total nodes: 3 ['1450', '1519', '1532']
Cluster-50 Total nodes: 3 ['395', '281', '420']
Cluster-51 Total nodes: 3 ['544', '537', '754']
Cluster-52 Total nodes: 3 ['363', '505', '485']
Cluster-53 Total nodes: 3 ['158', '104', '224']
Cluster-54 Total nodes: 3 ['171', '155', '200']
Cluster-55 Total nodes: 3 ['1497', '1536', '1533']
Cluster-56 Total nodes: 3 ['372', '451', '478']
Cluster-57 Total nodes: 3 ['2035', '2040', '1986']
Cluster-58 Total nodes: 3 ['1411', '1403', '1463']
Cluster-59 Total nodes: 3 ['144', '230', '218']
Cluster-60 Total nodes: 3 ['229', '130', '242']
Cluster-61 Total nodes: 3 ['1025', '800', '970']
Cluster-62 Total nodes: 3 ['1029', '803', '1008']
Cluster-63 Total nodes: 3 ['1462', '1496', '1476']
Cluster-64 Total nodes: 3 ['21', '159', '165']
Cluster-65 Total nodes: 3 ['1197', '1224', '1289']
Cluster-66 Total nodes: 3 ['1240', '1196', '1279']
Cluster-67 Total nodes: 3 ['1772', '1770', '1742']
Cluster-68 Total nodes: 3 ['1801', '1787', '1807']
Cluster-69 Total nodes: 3 ['2043', '2076', '2002']
Cluster-70 Total nodes: 3 ['1814', '1802', '1792']
Cluster-71 Total nodes: 3 ['2028', '1984', '2005']
Cluster-72 Total nodes: 3 ['1811', '1812', '1808']
Cluster-73 Total nodes: 3 ['1760', '1738', '1713']
Cluster-74 Total nodes: 3 ['1225', '1235', '1244']
Cluster-75 Total nodes: 2 ['437', '410']
Cluster-76 Total nodes: 2 ['1038', '1002']
Cluster-77 Total nodes: 2 ['680', '748']
Cluster-78 Total nodes: 2 ['1215', '1230']
Cluster-79 Total nodes: 2 ['435', '512']
Cluster-80 Total nodes: 2 ['438', '515']
Cluster-81 Total nodes: 2 ['278', '491']
Cluster-82 Total nodes: 2 ['486', '472']
Cluster-83 Total nodes: 2 ['350', '375']
Cluster-84 Total nodes: 2 ['474', '452']
Cluster-85 Total nodes: 2 ['482', '469']
Cluster-86 Total nodes: 2 ['419', '509']
Cluster-87 Total nodes: 2 ['283', '492']
Cluster-88 Total nodes: 2 ['705', '542']
Cluster-89 Total nodes: 2 ['734', '740']
Cluster-90 Total nodes: 2 ['701', '708']
Cluster-91 Total nodes: 2 ['467', '453']
Cluster-92 Total nodes: 2 ['109', '68']
Cluster-93 Total nodes: 2 ['164', '136']
Cluster-94 Total nodes: 2 ['1469', '1464']
Cluster-95 Total nodes: 2 ['1422', '1507']
Cluster-96 Total nodes: 2 ['1516', '1477']
Cluster-97 Total nodes: 2 ['235', '243']
Cluster-98 Total nodes: 2 ['219', '170']
Cluster-99 Total nodes: 2 ['1200', '1217']
Cluster-100 Total nodes: 2 ['180', '10']
Cluster-101 Total nodes: 2 ['160', '221']
Cluster-102 Total nodes: 2 ['16', '207']
Cluster-103 Total nodes: 2 ['206', '154']
Cluster-104 Total nodes: 2 ['1026', '985']
Cluster-105 Total nodes: 2 ['997', '1011']
Cluster-106 Total nodes: 2 ['987', '1015']
Cluster-107 Total nodes: 2 ['990', '801']
Cluster-108 Total nodes: 2 ['1249', '1257']
Cluster-109 Total nodes: 2 ['409', '445']
Cluster-110 Total nodes: 2 ['769', '752']
Cluster-111 Total nodes: 2 ['768', '712']
Cluster-112 Total nodes: 2 ['1255', '1286']
Cluster-113 Total nodes: 2 ['1452', '1478']
Cluster-114 Total nodes: 2 ['450', '459']
Cluster-115 Total nodes: 2 ['1793', '1765']
Cluster-116 Total nodes: 2 ['1420', '1539']
Cluster-117 Total nodes: 2 ['1799', '1651']
Cluster-118 Total nodes: 2 ['1248', '1153']
Cluster-119 Total nodes: 2 ['2008', '2077']
Cluster-120 Total nodes: 2 ['2020', '2017']
Cluster-121 Total nodes: 2 ['1744', '1583']
Cluster-122 Total nodes: 2 ['1751', '1739']
Cluster-123 Total nodes: 2 ['2075', '1993']
Cluster-124 Total nodes: 2 ['2045', '1977']
Cluster-125 Total nodes: 2 ['1995', '2048']
Cluster-126 Total nodes: 2 ['1747', '1768']
Cluster-127 Total nodes: 2 ['1816', '1795']
Cluster-128 Total nodes: 2 ['1992', '2049']
Cluster-129 Total nodes: 1 ['429']
Cluster-130 Total nodes: 1 ['1521']
Cluster-131 Total nodes: 1 ['1314']
Cluster-132 Total nodes: 1 ['1023']
Cluster-133 Total nodes: 1 ['982']
Cluster-134 Total nodes: 1 ['718']
Cluster-135 Total nodes: 1 ['750']
Cluster-136 Total nodes: 1 ['747']
Cluster-137 Total nodes: 1 ['733']
Cluster-138 Total nodes: 1 ['753']
Cluster-139 Total nodes: 1 ['739']
Cluster-140 Total nodes: 1 ['777']
Cluster-141 Total nodes: 1 ['257']
Cluster-142 Total nodes: 1 ['387']
Cluster-143 Total nodes: 1 ['434']
Cluster-144 Total nodes: 1 ['461']
Cluster-145 Total nodes: 1 ['517']
Cluster-146 Total nodes: 1 ['488']
Cluster-147 Total nodes: 1 ['507']
Cluster-148 Total nodes: 1 ['501']
Cluster-149 Total nodes: 1 ['365']
Cluster-150 Total nodes: 1 ['758']
Cluster-151 Total nodes: 1 ['751']
Cluster-152 Total nodes: 1 ['746']
Cluster-153 Total nodes: 1 ['767']
Cluster-154 Total nodes: 1 ['727']
Cluster-155 Total nodes: 1 ['776']
Cluster-156 Total nodes: 1 ['723']
Cluster-157 Total nodes: 1 ['689']
Cluster-158 Total nodes: 1 ['760']
Cluster-159 Total nodes: 1 ['765']
Cluster-160 Total nodes: 1 ['543']
Cluster-161 Total nodes: 1 ['715']
Cluster-162 Total nodes: 1 ['756']
Cluster-163 Total nodes: 1 ['707']
Cluster-164 Total nodes: 1 ['683']
Cluster-165 Total nodes: 1 ['678']
Cluster-166 Total nodes: 1 ['693']
Cluster-167 Total nodes: 1 ['759']
Cluster-168 Total nodes: 1 ['460']
Cluster-169 Total nodes: 1 ['458']
Cluster-170 Total nodes: 1 ['448']
Cluster-171 Total nodes: 1 ['425']
Cluster-172 Total nodes: 1 ['251']
Cluster-173 Total nodes: 1 ['191']
Cluster-174 Total nodes: 1 ['212']
Cluster-175 Total nodes: 1 ['249']
Cluster-176 Total nodes: 1 ['770']
Cluster-177 Total nodes: 1 ['1528']
Cluster-178 Total nodes: 1 ['1511']
Cluster-179 Total nodes: 1 ['896']
Cluster-180 Total nodes: 1 ['907']
Cluster-181 Total nodes: 1 ['1003']
Cluster-182 Total nodes: 1 ['468']
Cluster-183 Total nodes: 1 ['1034']
Cluster-184 Total nodes: 1 ['412']
Cluster-185 Total nodes: 1 ['1460']
Cluster-186 Total nodes: 1 ['1489']
Cluster-187 Total nodes: 1 ['1474']
Cluster-188 Total nodes: 1 ['1740']
Cluster-189 Total nodes: 1 ['1714']
Cluster-190 Total nodes: 1 ['1482']
Cluster-191 Total nodes: 1 ['422']
Cluster-192 Total nodes: 1 ['479']
Cluster-193 Total nodes: 1 ['497']
Cluster-194 Total nodes: 1 ['427']
Cluster-195 Total nodes: 1 ['454']
Cluster-196 Total nodes: 1 ['1535']
Cluster-197 Total nodes: 1 ['440']
Cluster-198 Total nodes: 1 ['1554']
Cluster-199 Total nodes: 1 ['1996']
Cluster-200 Total nodes: 1 ['1412']
Cluster-201 Total nodes: 1 ['1503']
Cluster-202 Total nodes: 1 ['2068']
Cluster-203 Total nodes: 1 ['2056']
Cluster-204 Total nodes: 1 ['193']
Cluster-205 Total nodes: 1 ['255']
Cluster-206 Total nodes: 1 ['211']
Cluster-207 Total nodes: 1 ['129']
Cluster-208 Total nodes: 1 ['189']
Cluster-209 Total nodes: 1 ['123']
Cluster-210 Total nodes: 1 ['111']
Cluster-211 Total nodes: 1 ['71']
Cluster-212 Total nodes: 1 ['169']
Cluster-213 Total nodes: 1 ['192']
Cluster-214 Total nodes: 1 ['172']
Cluster-215 Total nodes: 1 ['198']
Cluster-216 Total nodes: 1 ['163']
Cluster-217 Total nodes: 1 ['167']
Cluster-218 Total nodes: 1 ['233']
Cluster-219 Total nodes: 1 ['1265']
Cluster-220 Total nodes: 1 ['113']
Cluster-221 Total nodes: 1 ['74']
Cluster-222 Total nodes: 1 ['199']
Cluster-223 Total nodes: 1 ['215']
Cluster-224 Total nodes: 1 ['236']
Cluster-225 Total nodes: 1 ['178']
Cluster-226 Total nodes: 1 ['1006']
Cluster-227 Total nodes: 1 ['998']
Cluster-228 Total nodes: 1 ['962']
Cluster-229 Total nodes: 1 ['1290']
Cluster-230 Total nodes: 1 ['1282']
Cluster-231 Total nodes: 1 ['1281']
Cluster-232 Total nodes: 1 ['1292']
Cluster-233 Total nodes: 1 ['986']
Cluster-234 Total nodes: 1 ['999']
Cluster-235 Total nodes: 1 ['2054']
Cluster-236 Total nodes: 1 ['1486']
Cluster-237 Total nodes: 1 ['1543']
Cluster-238 Total nodes: 1 ['2036']
Cluster-239 Total nodes: 1 ['503']
Cluster-240 Total nodes: 1 ['946']
Cluster-241 Total nodes: 1 ['1036']
Cluster-242 Total nodes: 1 ['749']
Cluster-243 Total nodes: 1 ['1236']
Cluster-244 Total nodes: 1 ['1007']
Cluster-245 Total nodes: 1 ['1004']
Cluster-246 Total nodes: 1 ['1033']
Cluster-247 Total nodes: 1 ['991']
Cluster-248 Total nodes: 1 ['945']
Cluster-249 Total nodes: 1 ['1039']
Cluster-250 Total nodes: 1 ['988']
Cluster-251 Total nodes: 1 ['956']
Cluster-252 Total nodes: 1 ['989']
Cluster-253 Total nodes: 1 ['1001']
Cluster-254 Total nodes: 1 ['961']
Cluster-255 Total nodes: 1 ['1291']
Cluster-256 Total nodes: 1 ['700']
Cluster-257 Total nodes: 1 ['1005']
Cluster-258 Total nodes: 1 ['1031']
Cluster-259 Total nodes: 1 ['974']
Cluster-260 Total nodes: 1 ['1009']
Cluster-261 Total nodes: 1 ['1024']
Cluster-262 Total nodes: 1 ['1013']
Cluster-263 Total nodes: 1 ['711']
Cluster-264 Total nodes: 1 ['1227']
Cluster-265 Total nodes: 1 ['1022']
Cluster-266 Total nodes: 1 ['106']
Cluster-267 Total nodes: 1 ['735']
Cluster-268 Total nodes: 1 ['1014']
Cluster-269 Total nodes: 1 ['966']
Cluster-270 Total nodes: 1 ['489']
Cluster-271 Total nodes: 1 ['443']
Cluster-272 Total nodes: 1 ['173']
Cluster-273 Total nodes: 1 ['992']
Cluster-274 Total nodes: 1 ['473']
Cluster-275 Total nodes: 1 ['1239']
Cluster-276 Total nodes: 1 ['208']
Cluster-277 Total nodes: 1 ['1299']
Cluster-278 Total nodes: 1 ['209']
Cluster-279 Total nodes: 1 ['190']
Cluster-280 Total nodes: 1 ['1205']
Cluster-281 Total nodes: 1 ['185']
Cluster-282 Total nodes: 1 ['183']
Cluster-283 Total nodes: 1 ['182']
Cluster-284 Total nodes: 1 ['203']
Cluster-285 Total nodes: 1 ['720']
Cluster-286 Total nodes: 1 ['695']
Cluster-287 Total nodes: 1 ['421']
Cluster-288 Total nodes: 1 ['493']
Cluster-289 Total nodes: 1 ['194']
Cluster-290 Total nodes: 1 ['757']
Cluster-291 Total nodes: 1 ['744']
Cluster-292 Total nodes: 1 ['709']
Cluster-293 Total nodes: 1 ['763']
Cluster-294 Total nodes: 1 ['728']
Cluster-295 Total nodes: 1 ['764']
Cluster-296 Total nodes: 1 ['168']
Cluster-297 Total nodes: 1 ['742']
Cluster-298 Total nodes: 1 ['246']
Cluster-299 Total nodes: 1 ['647']
Cluster-300 Total nodes: 1 ['697']
Cluster-301 Total nodes: 1 ['722']
Cluster-302 Total nodes: 1 ['174']
Cluster-303 Total nodes: 1 ['222']
Cluster-304 Total nodes: 1 ['755']
Cluster-305 Total nodes: 1 ['504']
Cluster-306 Total nodes: 1 ['743']
Cluster-307 Total nodes: 1 ['716']
Cluster-308 Total nodes: 1 ['778']
Cluster-309 Total nodes: 1 ['732']
Cluster-310 Total nodes: 1 ['477']
Cluster-311 Total nodes: 1 ['502']
Cluster-312 Total nodes: 1 ['741']
Cluster-313 Total nodes: 1 ['175']
Cluster-314 Total nodes: 1 ['772']
Cluster-315 Total nodes: 1 ['773']
Cluster-316 Total nodes: 1 ['244']
Cluster-317 Total nodes: 1 ['205']
Cluster-318 Total nodes: 1 ['127']
Cluster-319 Total nodes: 1 ['762']
Cluster-320 Total nodes: 1 ['151']
Cluster-321 Total nodes: 1 ['107']
Cluster-322 Total nodes: 1 ['721']
Cluster-323 Total nodes: 1 ['775']
Cluster-324 Total nodes: 1 ['499']
Cluster-325 Total nodes: 1 ['254']
Cluster-326 Total nodes: 1 ['227']
Cluster-327 Total nodes: 1 ['232']
Cluster-328 Total nodes: 1 ['1237']
Cluster-329 Total nodes: 1 ['1254']
Cluster-330 Total nodes: 1 ['253']
Cluster-331 Total nodes: 1 ['1256']
Cluster-332 Total nodes: 1 ['1294']
Cluster-333 Total nodes: 1 ['495']
Cluster-334 Total nodes: 1 ['177']
Cluster-335 Total nodes: 1 ['258']
Cluster-336 Total nodes: 1 ['220']
Cluster-337 Total nodes: 1 ['250']
Cluster-338 Total nodes: 1 ['161']
Cluster-339 Total nodes: 1 ['1222']
Cluster-340 Total nodes: 1 ['1251']
Cluster-341 Total nodes: 1 ['1284']
Cluster-342 Total nodes: 1 ['248']
Cluster-343 Total nodes: 1 ['519']
Cluster-344 Total nodes: 1 ['511']
Cluster-345 Total nodes: 1 ['1756']
Cluster-346 Total nodes: 1 ['1492']
Cluster-347 Total nodes: 1 ['508']
Cluster-348 Total nodes: 1 ['231']
Cluster-349 Total nodes: 1 ['481']
Cluster-350 Total nodes: 1 ['465']
Cluster-351 Total nodes: 1 ['1416']
Cluster-352 Total nodes: 1 ['506']
Cluster-353 Total nodes: 1 ['1470']
Cluster-354 Total nodes: 1 ['1546']
Cluster-355 Total nodes: 1 ['366']
Cluster-356 Total nodes: 1 ['256']
Cluster-357 Total nodes: 1 ['1551']
Cluster-358 Total nodes: 1 ['1500']
Cluster-359 Total nodes: 1 ['484']
Cluster-360 Total nodes: 1 ['1423']
Cluster-361 Total nodes: 1 ['1559']
Cluster-362 Total nodes: 1 ['1320']
Cluster-363 Total nodes: 1 ['1494']
Cluster-364 Total nodes: 1 ['1549']
Cluster-365 Total nodes: 1 ['1473']
Cluster-366 Total nodes: 1 ['204']
Cluster-367 Total nodes: 1 ['181']
Cluster-368 Total nodes: 1 ['201']
Cluster-369 Total nodes: 1 ['1271']
Cluster-370 Total nodes: 1 ['162']
Cluster-371 Total nodes: 1 ['1505']
Cluster-372 Total nodes: 1 ['1522']
Cluster-373 Total nodes: 1 ['241']
Cluster-374 Total nodes: 1 ['195']
Cluster-375 Total nodes: 1 ['210']
Cluster-376 Total nodes: 1 ['1537']
Cluster-377 Total nodes: 1 ['186']
Cluster-378 Total nodes: 1 ['1267']
Cluster-379 Total nodes: 1 ['214']
Cluster-380 Total nodes: 1 ['1243']
Cluster-381 Total nodes: 1 ['138']
Cluster-382 Total nodes: 1 ['117']
Cluster-383 Total nodes: 1 ['1556']
Cluster-384 Total nodes: 1 ['1228']
Cluster-385 Total nodes: 1 ['237']
Cluster-386 Total nodes: 1 ['234']
Cluster-387 Total nodes: 1 ['1218']
Cluster-388 Total nodes: 1 ['226']
Cluster-389 Total nodes: 1 ['240']
Cluster-390 Total nodes: 1 ['1784']
Cluster-391 Total nodes: 1 ['166']
Cluster-392 Total nodes: 1 ['120']
Cluster-393 Total nodes: 1 ['239']
Cluster-394 Total nodes: 1 ['1796']
Cluster-395 Total nodes: 1 ['184']
Cluster-396 Total nodes: 1 ['1553']
Cluster-397 Total nodes: 1 ['1791']
Cluster-398 Total nodes: 1 ['1057']
Cluster-399 Total nodes: 1 ['1523']
Cluster-400 Total nodes: 1 ['1242']
Cluster-401 Total nodes: 1 ['1530']
Cluster-402 Total nodes: 1 ['1293']
Cluster-403 Total nodes: 1 ['188']
Cluster-404 Total nodes: 1 ['1743']
Cluster-405 Total nodes: 1 ['1540']
Cluster-406 Total nodes: 1 ['1685']
Cluster-407 Total nodes: 1 ['1277']
Cluster-408 Total nodes: 1 ['1774']
Cluster-409 Total nodes: 1 ['1789']
Cluster-410 Total nodes: 1 ['1514']
Cluster-411 Total nodes: 1 ['1504']
Cluster-412 Total nodes: 1 ['1263']
Cluster-413 Total nodes: 1 ['1840']
Cluster-414 Total nodes: 1 ['1192']
Cluster-415 Total nodes: 1 ['2055']
Cluster-416 Total nodes: 1 ['1525']
Cluster-417 Total nodes: 1 ['1502']
Cluster-418 Total nodes: 1 ['1555']
Cluster-419 Total nodes: 1 ['1524']
Cluster-420 Total nodes: 1 ['1541']
Cluster-421 Total nodes: 1 ['1544']
Cluster-422 Total nodes: 1 ['1534']
Cluster-423 Total nodes: 1 ['1509']
Cluster-424 Total nodes: 1 ['1501']
Cluster-425 Total nodes: 1 ['1508']
Cluster-426 Total nodes: 1 ['1321']
Cluster-427 Total nodes: 1 ['1498']
Cluster-428 Total nodes: 1 ['1980']
Cluster-429 Total nodes: 1 ['1529']
Cluster-430 Total nodes: 1 ['2034']
Cluster-431 Total nodes: 1 ['1819']
Cluster-432 Total nodes: 1 ['1542']
Cluster-433 Total nodes: 1 ['1734']
Cluster-434 Total nodes: 1 ['1731']
Cluster-435 Total nodes: 1 ['2057']
Cluster-436 Total nodes: 1 ['1746']
Cluster-437 Total nodes: 1 ['1234']
Cluster-438 Total nodes: 1 ['1804']
Cluster-439 Total nodes: 1 ['1781']
Cluster-440 Total nodes: 1 ['1722']
Cluster-441 Total nodes: 1 ['1295']
Cluster-442 Total nodes: 1 ['1803']
Cluster-443 Total nodes: 1 ['1737']
Cluster-444 Total nodes: 1 ['1777']
Cluster-445 Total nodes: 1 ['1678']
Cluster-446 Total nodes: 1 ['1783']
Cluster-447 Total nodes: 1 ['1982']
Cluster-448 Total nodes: 1 ['2041']
Cluster-449 Total nodes: 1 ['2023']
Cluster-450 Total nodes: 1 ['1686']
Cluster-451 Total nodes: 1 ['1937']
Cluster-452 Total nodes: 1 ['2031']
Cluster-453 Total nodes: 1 ['2011']
Cluster-454 Total nodes: 1 ['2001']
Cluster-455 Total nodes: 1 ['2052']
Cluster-456 Total nodes: 1 ['2067']
Cluster-457 Total nodes: 1 ['2069']
Cluster-458 Total nodes: 1 ['2042']
Cluster-459 Total nodes: 1 ['2022']
Cluster-460 Total nodes: 1 ['2060']
Cluster-461 Total nodes: 1 ['2037']
Cluster-462 Total nodes: 1 ['2070']
Cluster-463 Total nodes: 1 ['1786']
Cluster-464 Total nodes: 1 ['1818']
Cluster-465 Total nodes: 1 ['1798']
Cluster-466 Total nodes: 1 ['1780']
Cluster-467 Total nodes: 1 ['1717']
Cluster-468 Total nodes: 1 ['1725']
Cluster-469 Total nodes: 1 ['1797']
Cluster-470 Total nodes: 1 ['1753']
Cluster-471 Total nodes: 1 ['1785']
Cluster-472 Total nodes: 1 ['1268']
Cluster-473 Total nodes: 1 ['1810']
Cluster-474 Total nodes: 1 ['1754']
Cluster-475 Total nodes: 1 ['1745']
Cluster-476 Total nodes: 1 ['1274']
Cluster-477 Total nodes: 1 ['2013']
Cluster-478 Total nodes: 1 ['2058']
Cluster-479 Total nodes: 1 ['2072']
Cluster-480 Total nodes: 1 ['2006']
Cluster-481 Total nodes: 1 ['1911']
Cluster-482 Total nodes: 1 ['2061']
Cluster-483 Total nodes: 1 ['1989']
Cluster-484 Total nodes: 1 ['1997']
Cluster-485 Total nodes: 1 ['2018']
Cluster-486 Total nodes: 1 ['2012']
Cluster-487 Total nodes: 1 ['2044']
Cluster-488 Total nodes: 1 ['2050']
Cluster-489 Total nodes: 1 ['2014']
Cluster-490 Total nodes: 1 ['2038']
Cluster-491 Total nodes: 1 ['2066']
Cluster-492 Total nodes: 1 ['2064']
Cluster-493 Total nodes: 1 ['1285']
Cluster-494 Total nodes: 1 ['1253']
Cluster-495 Total nodes: 1 ['1214']
Cluster-496 Total nodes: 1 ['1278']
Cluster-497 Total nodes: 1 ['1272']
Cluster-498 Total nodes: 1 ['1275']
Cluster-499 Total nodes: 1 ['1208']
Cluster-500 Total nodes: 1 ['1246']
Cluster-501 Total nodes: 1 ['1247']
Cluster-502 Total nodes: 1 ['1296']
Cluster-503 Total nodes: 1 ['1213']
Cluster-504 Total nodes: 1 ['1266']
Cluster-505 Total nodes: 1 ['1232']
Cluster-506 Total nodes: 1 ['1250']
Cluster-507 Total nodes: 1 ['1262']
Cluster-508 Total nodes: 1 ['1206']
Cluster-509 Total nodes: 1 ['1280']
Cluster-510 Total nodes: 1 ['1270']
Cluster-511 Total nodes: 1 ['1258']
Cluster-512 Total nodes: 1 ['1269']
Cluster-513 Total nodes: 1 ['1287']
Cluster-514 Total nodes: 1 ['1221']

level-2 completes in 110.907017 seconds
Cluster-1 Total nodes: 260 ['2079', '1862', '2073', '1892', '1856', '1846', '1826', '1873', '1956', '1854', '1957', '1898', '1964', '1848', '1909', '2046', '1943', '1866', '1861', '1954', '1830', '1961', '2025', '1849', '1972', '1834', '1853', '1836', '1983', '1890', '1884', '1855', '1900', '1874', '1871', '1933', '1852', '1988', '1939', '2016', '1979', '1904', '1886', '1975', '1944', '1912', '1927', '1820', '1864', '1882', '2007', '1827', '2004', '1999', '1971', '1949', '1880', '2027', '1967', '1942', '1907', '2026', '1981', '1821', '1935', '2024', '1875', '1870', '1823', '1824', '1863', '1923', '1847', '1922', '1879', '1885', '1888', '1895', '1925', '1924', '1822', '1914', '1955', '1851', '1859', '1926', '1857', '1860', '1960', '1896', '1867', '1978', '1910', '1899', '1881', '1921', '1891', '1845', '1913', '1893', '1963', '1858', '1965', '1958', '1829', '1850', '1865', '1948', '1940', '1876', '1877', '1952', '1825', '1908', '1930', '1951', '1931', '1917', '1934', '1889', '1973', '1868', '1928', '1869', '1835', '1994', '1936', '1985', '1959', '1938', '1932', '1950', '1962', '1831', '1968', '1878', '1832', '1902', '1966', '1976', '1918', '1833', '1894', '1947', '1953', '1897', '1843', '1919', '1828', '1838', '1837', '1872', '1841', '1915', '1901', '1970', '1887', '1905', '2064', '2066', '2038', '2014', '2050', '2044', '2012', '2018', '1997', '1989', '2061', '1911', '2006', '2072', '2058', '2013', '2070', '2037', '2060', '2022', '2042', '2069', '2067', '2052', '2001', '2011', '2031', '1937', '2023', '2041', '1982', '2057', '2034', '1980', '2055', '1840', '2036', '2054', '2056', '2068', '1996', '1992', '2049', '1995', '2048', '2045', '1977', '2075', '1993', '2020', '2017', '2008', '2077', '2028', '1984', '2005', '2043', '2076', '2002', '2035', '2040', '1986', '2009', '1839', '2078', '2033', '1844', '2074', '2062', '1990', '1974', '2010', '2032', '1998', '2030', '2059', '2071', '2000', '2063', '1883', '1929', '2019', '2065', '1987', '1906', '1916', '1991', '1969', '1920', '1945', '1946', '1941', '1903', '1842', '2053', '2051', '2039', '2003', '2015', '2021', '2029', '2047']
Cluster-2 Total nodes: 260 ['1682', '1586', '1589', '1622', '1658', '1661', '1569', '1721', '1719', '1642', '1602', '1612', '1561', '1668', '1626', '1655', '1617', '1566', '1591', '1590', '1794', '1730', '1699', '1639', '1585', '1618', '1701', '1640', '1594', '1700', '1560', '1660', '1571', '1673', '1718', '1702', '1598', '1778', '1790', '1576', '1621', '1674', '1608', '1596', '1638', '1628', '1715', '1710', '1630', '1567', '1605', '1632', '1614', '1629', '1675', '1694', '1752', '1735', '1671', '1707', '1611', '1711', '1723', '1634', '1615', '1693', '1641', '1652', '1647', '1609', '1610', '1763', '1687', '1574', '1724', '1706', '1690', '1606', '1587', '1705', '1601', '1650', '1625', '1689', '1579', '1568', '1620', '1691', '1603', '1695', '1708', '1575', '1563', '1736', '1623', '1665', '1580', '1592', '1613', '1581', '1599', '1607', '1627', '1664', '1619', '1636', '1597', '1712', '1572', '1657', '1662', '1646', '1600', '1656', '1670', '1562', '1570', '1654', '1649', '1604', '1595', '1643', '1564', '1709', '1593', '1582', '1697', '1677', '1732', '1698', '1635', '1667', '1631', '1588', '1616', '1696', '1565', '1666', '1648', '1637', '1688', '1663', '1676', '1624', '1692', '1645', '1728', '1749', '1720', '1745', '1754', '1810', '1785', '1753', '1797', '1725', '1717', '1780', '1798', '1818', '1786', '1686', '1783', '1678', '1777', '1737', '1803', '1722', '1781', '1804', '1746', '1731', '1734', '1819', '1789', '1774', '1685', '1743', '1791', '1796', '1784', '1756', '1714', '1740', '1816', '1795', '1747', '1768', '1751', '1739', '1744', '1583', '1799', '1651', '1793', '1765', '1760', '1738', '1713', '1811', '1812', '1808', '1814', '1802', '1792', '1801', '1787', '1807', '1772', '1770', '1742', '1788', '1703', '1577', '1800', '1679', '1672', '1757', '1767', '1761', '1782', '1681', '1766', '1573', '1762', '1729', '1669', '1805', '1733', '1779', '1727', '1809', '1815', '1704', '1776', '1584', '1659', '1684', '1741', '1813', '1806', '1644', '1653', '1633', '1775', '1578', '1764', '1769', '1680', '1771', '1683', '1758', '1759', '1748', '1726', '1716', '1773', '1755', '1817', '1750']
Cluster-3 Total nodes: 260 ['699', '529', '539', '527', '644', '569', '548', '640', '673', '547', '771', '654', '666', '703', '655', '659', '658', '528', '611', '582', '664', '568', '648', '561', '612', '524', '657', '607', '555', '651', '662', '650', '600', '581', '702', '615', '667', '545', '653', '558', '549', '592', '605', '661', '643', '526', '674', '677', '564', '587', '613', '601', '681', '562', '540', '530', '665', '531', '599', '551', '559', '656', '560', '602', '541', '652', '631', '563', '574', '608', '580', '614', '534', '634', '618', '557', '523', '565', '579', '532', '571', '641', '554', '573', '597', '632', '646', '550', '586', '604', '620', '629', '669', '567', '570', '578', '593', '594', '521', '670', '525', '576', '522', '588', '663', '520', '590', '598', '621', '533', '552', '566', '575', '595', '628', '536', '606', '616', '649', '596', '591', '639', '577', '609', '585', '696', '584', '642', '583', '626', '660', '603', '617', '645', '698', '775', '721', '762', '773', '772', '741', '732', '778', '716', '743', '755', '722', '697', '647', '742', '764', '728', '763', '709', '744', '757', '695', '720', '735', '711', '700', '749', '770', '759', '693', '678', '683', '707', '756', '715', '543', '765', '760', '689', '723', '776', '727', '767', '746', '751', '758', '777', '739', '753', '733', '747', '750', '718', '768', '712', '769', '752', '701', '708', '734', '740', '705', '542', '680', '748', '544', '537', '754', '675', '538', '710', '719', '738', '737', '682', '672', '730', '630', '745', '726', '724', '704', '714', '684', '774', '546', '691', '668', '572', '688', '671', '610', '556', '766', '553', '736', '779', '625', '731', '713', '619', '687', '706', '635', '686', '694', '535', '589', '729', '717', '623', '624', '676', '692', '679', '761', '636', '637', '725', '627', '633', '690', '638', '622', '685']
Cluster-4 Total nodes: 260 ['295', '308', '307', '355', '260', '292', '341', '332', '305', '306', '282', '424', '266', '368', '316', '311', '314', '463', '325', '293', '415', '287', '329', '298', '382', '383', '361', '408', '378', '288', '351', '273', '337', '336', '331', '291', '381', '388', '277', '321', '303', '444', '285', '330', '268', '345', '296', '297', '301', '309', '289', '384', '264', '379', '356', '359', '294', '312', '400', '380', '333', '300', '265', '262', '398', '261', '310', '313', '290', '402', '399', '344', '324', '302', '286', '391', '334', '447', '349', '263', '360', '317', '299', '304', '414', '392', '338', '358', '354', '340', '272', '315', '275', '270', '389', '320', '342', '390', '413', '396', '328', '394', '369', '279', '393', '385', '357', '364', '377', '319', '267', '318', '347', '269', '405', '326', '323', '335', '346', '353', '327', '397', '367', '352', '401', '406', '484', '366', '506', '465', '481', '508', '511', '519', '495', '499', '502', '477', '504', '493', '421', '473', '443', '489', '503', '440', '454', '427', '497', '479', '422', '412', '468', '425', '448', '458', '460', '365', '501', '507', '488', '517', '461', '434', '387', '429', '450', '459', '409', '445', '467', '453', '283', '492', '419', '509', '482', '469', '474', '452', '350', '375', '486', '472', '278', '491', '438', '515', '435', '512', '437', '410', '372', '451', '478', '363', '505', '485', '395', '281', '420', '510', '322', '343', '432', '423', '487', '498', '280', '466', '362', '462', '518', '457', '428', '371', '417', '442', '480', '276', '476', '386', '455', '490', '439', '403', '426', '446', '404', '471', '370', '441', '348', '339', '436', '271', '456', '475', '374', '376', '418', '470', '274', '411', '373', '284', '407', '483', '430', '514', '431', '416', '449', '516', '496', '500', '464', '433', '513', '494']
Cluster-5 Total nodes: 260 ['1241', '1082', '1183', '1071', '1073', '1147', '1068', '1067', '1175', '1191', '1117', '1174', '1093', '1050', '1179', '1171', '1229', '1045', '1080', '1167', '1066', '1173', '1176', '1187', '1157', '1128', '1158', '1043', '1069', '1055', '1169', '1103', '1146', '1233', '1204', '1113', '1099', '1089', '1150', '1095', '1076', '1170', '1172', '1108', '1190', '1144', '1207', '1111', '1042', '1210', '1049', '1138', '1148', '1065', '1072', '1181', '1060', '1162', '1177', '1178', '1105', '1198', '1129', '1104', '1143', '1106', '1051', '1195', '1078', '1081', '1040', '1194', '1098', '1136', '1152', '1079', '1085', '1180', '1077', '1074', '1046', '1086', '1090', '1096', '1107', '1140', '1124', '1115', '1114', '1044', '1101', '1088', '1123', '1087', '1084', '1122', '1109', '1168', '1053', '1135', '1125', '1133', '1097', '1182', '1083', '1119', '1075', '1048', '1091', '1188', '1184', '1092', '1110', '1137', '1047', '1070', '1100', '1094', '1052', '1160', '1221', '1287', '1269', '1258', '1270', '1280', '1206', '1262', '1250', '1232', '1266', '1213', '1296', '1247', '1246', '1208', '1275', '1272', '1278', '1214', '1253', '1285', '1274', '1268', '1295', '1234', '1192', '1263', '1277', '1293', '1242', '1057', '1218', '1228', '1243', '1267', '1271', '1284', '1251', '1222', '1294', '1256', '1254', '1237', '1205', '1299', '1239', '1227', '1291', '1236', '1292', '1281', '1282', '1290', '1265', '1248', '1153', '1255', '1286', '1249', '1257', '1200', '1217', '1215', '1230', '1225', '1235', '1244', '1240', '1196', '1279', '1197', '1224', '1289', '1056', '1276', '1261', '1163', '1219', '1260', '1166', '1131', '1238', '1216', '1297', '1283', '1264', '1058', '1141', '1061', '1159', '1118', '1151', '1165', '1298', '1161', '1212', '1126', '1132', '1041', '1259', '1211', '1156', '1288', '1149', '1252', '1062', '1223', '1059', '1186', '1155', '1202', '1121', '1201', '1273', '1154', '1063', '1226', '1189', '1139', '1231', '1220', '1130', '1102', '1116', '1112', '1142', '1120', '1203', '1145', '1064', '1245', '1164', '1127', '1193', '1134', '1054', '1185', '1209', '1199']
Cluster-6 Total nodes: 260 ['1376', '1451', '1348', '1364', '1329', '1391', '1401', '1377', '1331', '1315', '1330', '1360', '1458', '1300', '1483', '1346', '1325', '1339', '1357', '1334', '1467', '1313', '1326', '1327', '1350', '1384', '1341', '1333', '1425', '1457', '1311', '1332', '1335', '1354', '1380', '1340', '1438', '1347', '1393', '1359', '1435', '1301', '1484', '1312', '1338', '1388', '1343', '1407', '1454', '1448', '1369', '1368', '1305', '1378', '1431', '1344', '1449', '1410', '1443', '1400', '1307', '1440', '1429', '1428', '1437', '1461', '1336', '1389', '1337', '1342', '1382', '1434', '1349', '1394', '1328', '1436', '1351', '1405', '1345', '1372', '1371', '1370', '1361', '1310', '1381', '1441', '1408', '1433', '1352', '1398', '1309', '1365', '1318', '1306', '1303', '1358', '1430', '1356', '1366', '1304', '1439', '1379', '1355', '1385', '1432', '1421', '1353', '1445', '1392', '1362', '1395', '1367', '1375', '1302', '1363', '1308', '1396', '1542', '1529', '1498', '1321', '1508', '1501', '1509', '1534', '1544', '1541', '1524', '1555', '1502', '1525', '1504', '1514', '1540', '1530', '1523', '1553', '1556', '1537', '1522', '1505', '1473', '1549', '1494', '1320', '1559', '1423', '1500', '1551', '1546', '1470', '1416', '1492', '1543', '1486', '1503', '1412', '1554', '1535', '1482', '1474', '1489', '1460', '1511', '1528', '1314', '1521', '1420', '1539', '1452', '1478', '1516', '1477', '1422', '1507', '1469', '1464', '1462', '1496', '1476', '1411', '1403', '1463', '1497', '1536', '1533', '1450', '1519', '1532', '1459', '1442', '1472', '1466', '1491', '1323', '1468', '1418', '1512', '1499', '1550', '1487', '1447', '1545', '1517', '1526', '1444', '1427', '1515', '1552', '1374', '1471', '1387', '1399', '1383', '1488', '1322', '1465', '1317', '1548', '1319', '1446', '1479', '1455', '1324', '1480', '1520', '1481', '1547', '1402', '1424', '1506', '1386', '1456', '1397', '1316', '1527', '1373', '1495', '1557', '1538', '1475', '1490', '1518', '1409', '1513', '1417', '1390', '1485', '1558', '1415', '1493', '1453', '1406', '1404', '1531', '1510', '1419', '1426', '1413', '1414']
Cluster-7 Total nodes: 260 ['958', '805', '814', '933', '842', '808', '807', '901', '847', '889', '815', '890', '809', '806', '863', '874', '849', '813', '916', '969', '879', '819', '902', '972', '886', '880', '840', '928', '857', '873', '944', '909', '860', '784', '971', '797', '791', '914', '788', '781', '978', '820', '829', '782', '852', '821', '877', '783', '828', '855', '893', '837', '862', '915', '835', '817', '812', '875', '818', '859', '827', '816', '832', '843', '892', '833', '854', '826', '836', '834', '866', '850', '825', '869', '878', '908', '839', '794', '897', '882', '911', '867', '921', '796', '793', '920', '845', '795', '888', '894', '848', '838', '912', '798', '918', '913', '871', '919', '853', '881', '841', '923', '823', '831', '917', '872', '864', '925', '943', '887', '883', '992', '966', '1014', '1022', '1013', '1024', '1009', '974', '1031', '1005', '961', '1001', '989', '956', '988', '1039', '945', '991', '1033', '1004', '1007', '1036', '946', '999', '986', '962', '998', '1006', '1034', '1003', '907', '896', '982', '1023', '990', '801', '987', '1015', '997', '1011', '1026', '985', '1038', '1002', '1029', '803', '1008', '1025', '800', '970', '927', '1027', '940', '1035', '941', '963', '1021', '930', '976', '1017', '955', '968', '952', '1032', '1010', '1020', '937', '1030', '822', '924', '936', '910', '799', '979', '1018', '965', '1028', '981', '996', '948', '938', '980', '1012', '1016', '994', '983', '973', '899', '959', '1000', '957', '1019', '802', '977', '810', '904', '960', '811', '934', '787', '995', '830', '931', '929', '1037', '792', '922', '947', '865', '846', '856', '786', '785', '932', '790', '824', '967', '861', '844', '900', '851', '868', '935', '950', '903', '804', '905', '789', '885', '870', '942', '984', '939', '949', '953', '954', '951', '906', '975', '895', '926', '993', '891', '858', '884', '876', '780', '964', '898']
Cluster-8 Total nodes: 260 ['76', '30', '13', '143', '79', '142', '128', '147', '44', '29', '43', '99', '47', '17', '26', '126', '139', '46', '53', '25', '55', '146', '108', '73', '27', '28', '1', '32', '12', '85', '31', '8', '50', '72', '4', '39', '75', '56', '49', '98', '87', '59', '48', '102', '0', '6', '38', '150', '137', '3', '34', '37', '77', '65', '5', '51', '45', '42', '86', '41', '131', '58', '54', '7', '88', '33', '11', '40', '66', '36', '57', '35', '62', '67', '132', '69', '135', '141', '133', '52', '61', '188', '184', '239', '120', '166', '240', '234', '237', '117', '138', '214', '186', '210', '195', '241', '162', '181', '204', '256', '231', '248', '161', '250', '220', '258', '232', '227', '107', '151', '127', '205', '244', '175', '222', '174', '246', '168', '194', '203', '182', '183', '185', '190', '209', '208', '173', '106', '178', '236', '215', '199', '74', '113', '233', '167', '163', '198', '172', '192', '169', '71', '111', '123', '189', '129', '211', '255', '193', '249', '212', '191', '251', '257', '206', '154', '16', '207', '160', '221', '180', '10', '219', '170', '235', '243', '164', '136', '109', '68', '21', '159', '165', '229', '130', '242', '144', '230', '218', '171', '155', '200', '158', '104', '224', '20', '252', '247', '213', '100', '101', '156', '176', '225', '245', '223', '259', '196', '238', '89', '92', '78', '84', '81', '14', '19', '24', '22', '18', '110', '91', '95', '197', '187', '134', '93', '63', '216', '2', '118', '112', '115', '15', '9', '122', '140', '80', '179', '148', '152', '228', '153', '82', '119', '217', '23', '124', '97', '105', '157', '114', '70', '64', '96', '83', '125', '116', '145', '202', '149', '60', '103', '90', '121', '94', '226', '201', '177', '253', '254']

level-3 completes in 110.908535
Cluster-1 Total nodes: 260 ['2079', '1862', '2073', '1892', '1856', '1846', '1826', '1873', '1956', '1854', '1957', '1898', '1964', '1848', '1909', '2046', '1943', '1866', '1861', '1954', '1830', '1961', '2025', '1849', '1972', '1834', '1853', '1836', '1983', '1890', '1884', '1855', '1900', '1874', '1871', '1933', '1852', '1988', '1939', '2016', '1979', '1904', '1886', '1975', '1944', '1912', '1927', '1820', '1864', '1882', '2007', '1827', '2004', '1999', '1971', '1949', '1880', '2027', '1967', '1942', '1907', '2026', '1981', '1821', '1935', '2024', '1875', '1870', '1823', '1824', '1863', '1923', '1847', '1922', '1879', '1885', '1888', '1895', '1925', '1924', '1822', '1914', '1955', '1851', '1859', '1926', '1857', '1860', '1960', '1896', '1867', '1978', '1910', '1899', '1881', '1921', '1891', '1845', '1913', '1893', '1963', '1858', '1965', '1958', '1829', '1850', '1865', '1948', '1940', '1876', '1877', '1952', '1825', '1908', '1930', '1951', '1931', '1917', '1934', '1889', '1973', '1868', '1928', '1869', '1835', '1994', '1936', '1985', '1959', '1938', '1932', '1950', '1962', '1831', '1968', '1878', '1832', '1902', '1966', '1976', '1918', '1833', '1894', '1947', '1953', '1897', '1843', '1919', '1828', '1838', '1837', '1872', '1841', '1915', '1901', '1970', '1887', '1905', '2064', '2066', '2038', '2014', '2050', '2044', '2012', '2018', '1997', '1989', '2061', '1911', '2006', '2072', '2058', '2013', '2070', '2037', '2060', '2022', '2042', '2069', '2067', '2052', '2001', '2011', '2031', '1937', '2023', '2041', '1982', '2057', '2034', '1980', '2055', '1840', '2036', '2054', '2056', '2068', '1996', '1992', '2049', '1995', '2048', '2045', '1977', '2075', '1993', '2020', '2017', '2008', '2077', '2028', '1984', '2005', '2043', '2076', '2002', '2035', '2040', '1986', '2009', '1839', '2078', '2033', '1844', '2074', '2062', '1990', '1974', '2010', '2032', '1998', '2030', '2059', '2071', '2000', '2063', '1883', '1929', '2019', '2065', '1987', '1906', '1916', '1991', '1969', '1920', '1945', '1946', '1941', '1903', '1842', '2053', '2051', '2039', '2003', '2015', '2021', '2029', '2047']
Cluster-2 Total nodes: 260 ['1682', '1586', '1589', '1622', '1658', '1661', '1569', '1721', '1719', '1642', '1602', '1612', '1561', '1668', '1626', '1655', '1617', '1566', '1591', '1590', '1794', '1730', '1699', '1639', '1585', '1618', '1701', '1640', '1594', '1700', '1560', '1660', '1571', '1673', '1718', '1702', '1598', '1778', '1790', '1576', '1621', '1674', '1608', '1596', '1638', '1628', '1715', '1710', '1630', '1567', '1605', '1632', '1614', '1629', '1675', '1694', '1752', '1735', '1671', '1707', '1611', '1711', '1723', '1634', '1615', '1693', '1641', '1652', '1647', '1609', '1610', '1763', '1687', '1574', '1724', '1706', '1690', '1606', '1587', '1705', '1601', '1650', '1625', '1689', '1579', '1568', '1620', '1691', '1603', '1695', '1708', '1575', '1563', '1736', '1623', '1665', '1580', '1592', '1613', '1581', '1599', '1607', '1627', '1664', '1619', '1636', '1597', '1712', '1572', '1657', '1662', '1646', '1600', '1656', '1670', '1562', '1570', '1654', '1649', '1604', '1595', '1643', '1564', '1709', '1593', '1582', '1697', '1677', '1732', '1698', '1635', '1667', '1631', '1588', '1616', '1696', '1565', '1666', '1648', '1637', '1688', '1663', '1676', '1624', '1692', '1645', '1728', '1749', '1720', '1745', '1754', '1810', '1785', '1753', '1797', '1725', '1717', '1780', '1798', '1818', '1786', '1686', '1783', '1678', '1777', '1737', '1803', '1722', '1781', '1804', '1746', '1731', '1734', '1819', '1789', '1774', '1685', '1743', '1791', '1796', '1784', '1756', '1714', '1740', '1816', '1795', '1747', '1768', '1751', '1739', '1744', '1583', '1799', '1651', '1793', '1765', '1760', '1738', '1713', '1811', '1812', '1808', '1814', '1802', '1792', '1801', '1787', '1807', '1772', '1770', '1742', '1788', '1703', '1577', '1800', '1679', '1672', '1757', '1767', '1761', '1782', '1681', '1766', '1573', '1762', '1729', '1669', '1805', '1733', '1779', '1727', '1809', '1815', '1704', '1776', '1584', '1659', '1684', '1741', '1813', '1806', '1644', '1653', '1633', '1775', '1578', '1764', '1769', '1680', '1771', '1683', '1758', '1759', '1748', '1726', '1716', '1773', '1755', '1817', '1750']
Cluster-3 Total nodes: 260 ['699', '529', '539', '527', '644', '569', '548', '640', '673', '547', '771', '654', '666', '703', '655', '659', '658', '528', '611', '582', '664', '568', '648', '561', '612', '524', '657', '607', '555', '651', '662', '650', '600', '581', '702', '615', '667', '545', '653', '558', '549', '592', '605', '661', '643', '526', '674', '677', '564', '587', '613', '601', '681', '562', '540', '530', '665', '531', '599', '551', '559', '656', '560', '602', '541', '652', '631', '563', '574', '608', '580', '614', '534', '634', '618', '557', '523', '565', '579', '532', '571', '641', '554', '573', '597', '632', '646', '550', '586', '604', '620', '629', '669', '567', '570', '578', '593', '594', '521', '670', '525', '576', '522', '588', '663', '520', '590', '598', '621', '533', '552', '566', '575', '595', '628', '536', '606', '616', '649', '596', '591', '639', '577', '609', '585', '696', '584', '642', '583', '626', '660', '603', '617', '645', '698', '775', '721', '762', '773', '772', '741', '732', '778', '716', '743', '755', '722', '697', '647', '742', '764', '728', '763', '709', '744', '757', '695', '720', '735', '711', '700', '749', '770', '759', '693', '678', '683', '707', '756', '715', '543', '765', '760', '689', '723', '776', '727', '767', '746', '751', '758', '777', '739', '753', '733', '747', '750', '718', '768', '712', '769', '752', '701', '708', '734', '740', '705', '542', '680', '748', '544', '537', '754', '675', '538', '710', '719', '738', '737', '682', '672', '730', '630', '745', '726', '724', '704', '714', '684', '774', '546', '691', '668', '572', '688', '671', '610', '556', '766', '553', '736', '779', '625', '731', '713', '619', '687', '706', '635', '686', '694', '535', '589', '729', '717', '623', '624', '676', '692', '679', '761', '636', '637', '725', '627', '633', '690', '638', '622', '685']
Cluster-4 Total nodes: 260 ['295', '308', '307', '355', '260', '292', '341', '332', '305', '306', '282', '424', '266', '368', '316', '311', '314', '463', '325', '293', '415', '287', '329', '298', '382', '383', '361', '408', '378', '288', '351', '273', '337', '336', '331', '291', '381', '388', '277', '321', '303', '444', '285', '330', '268', '345', '296', '297', '301', '309', '289', '384', '264', '379', '356', '359', '294', '312', '400', '380', '333', '300', '265', '262', '398', '261', '310', '313', '290', '402', '399', '344', '324', '302', '286', '391', '334', '447', '349', '263', '360', '317', '299', '304', '414', '392', '338', '358', '354', '340', '272', '315', '275', '270', '389', '320', '342', '390', '413', '396', '328', '394', '369', '279', '393', '385', '357', '364', '377', '319', '267', '318', '347', '269', '405', '326', '323', '335', '346', '353', '327', '397', '367', '352', '401', '406', '484', '366', '506', '465', '481', '508', '511', '519', '495', '499', '502', '477', '504', '493', '421', '473', '443', '489', '503', '440', '454', '427', '497', '479', '422', '412', '468', '425', '448', '458', '460', '365', '501', '507', '488', '517', '461', '434', '387', '429', '450', '459', '409', '445', '467', '453', '283', '492', '419', '509', '482', '469', '474', '452', '350', '375', '486', '472', '278', '491', '438', '515', '435', '512', '437', '410', '372', '451', '478', '363', '505', '485', '395', '281', '420', '510', '322', '343', '432', '423', '487', '498', '280', '466', '362', '462', '518', '457', '428', '371', '417', '442', '480', '276', '476', '386', '455', '490', '439', '403', '426', '446', '404', '471', '370', '441', '348', '339', '436', '271', '456', '475', '374', '376', '418', '470', '274', '411', '373', '284', '407', '483', '430', '514', '431', '416', '449', '516', '496', '500', '464', '433', '513', '494']
Cluster-5 Total nodes: 260 ['1241', '1082', '1183', '1071', '1073', '1147', '1068', '1067', '1175', '1191', '1117', '1174', '1093', '1050', '1179', '1171', '1229', '1045', '1080', '1167', '1066', '1173', '1176', '1187', '1157', '1128', '1158', '1043', '1069', '1055', '1169', '1103', '1146', '1233', '1204', '1113', '1099', '1089', '1150', '1095', '1076', '1170', '1172', '1108', '1190', '1144', '1207', '1111', '1042', '1210', '1049', '1138', '1148', '1065', '1072', '1181', '1060', '1162', '1177', '1178', '1105', '1198', '1129', '1104', '1143', '1106', '1051', '1195', '1078', '1081', '1040', '1194', '1098', '1136', '1152', '1079', '1085', '1180', '1077', '1074', '1046', '1086', '1090', '1096', '1107', '1140', '1124', '1115', '1114', '1044', '1101', '1088', '1123', '1087', '1084', '1122', '1109', '1168', '1053', '1135', '1125', '1133', '1097', '1182', '1083', '1119', '1075', '1048', '1091', '1188', '1184', '1092', '1110', '1137', '1047', '1070', '1100', '1094', '1052', '1160', '1221', '1287', '1269', '1258', '1270', '1280', '1206', '1262', '1250', '1232', '1266', '1213', '1296', '1247', '1246', '1208', '1275', '1272', '1278', '1214', '1253', '1285', '1274', '1268', '1295', '1234', '1192', '1263', '1277', '1293', '1242', '1057', '1218', '1228', '1243', '1267', '1271', '1284', '1251', '1222', '1294', '1256', '1254', '1237', '1205', '1299', '1239', '1227', '1291', '1236', '1292', '1281', '1282', '1290', '1265', '1248', '1153', '1255', '1286', '1249', '1257', '1200', '1217', '1215', '1230', '1225', '1235', '1244', '1240', '1196', '1279', '1197', '1224', '1289', '1056', '1276', '1261', '1163', '1219', '1260', '1166', '1131', '1238', '1216', '1297', '1283', '1264', '1058', '1141', '1061', '1159', '1118', '1151', '1165', '1298', '1161', '1212', '1126', '1132', '1041', '1259', '1211', '1156', '1288', '1149', '1252', '1062', '1223', '1059', '1186', '1155', '1202', '1121', '1201', '1273', '1154', '1063', '1226', '1189', '1139', '1231', '1220', '1130', '1102', '1116', '1112', '1142', '1120', '1203', '1145', '1064', '1245', '1164', '1127', '1193', '1134', '1054', '1185', '1209', '1199']
Cluster-6 Total nodes: 260 ['1376', '1451', '1348', '1364', '1329', '1391', '1401', '1377', '1331', '1315', '1330', '1360', '1458', '1300', '1483', '1346', '1325', '1339', '1357', '1334', '1467', '1313', '1326', '1327', '1350', '1384', '1341', '1333', '1425', '1457', '1311', '1332', '1335', '1354', '1380', '1340', '1438', '1347', '1393', '1359', '1435', '1301', '1484', '1312', '1338', '1388', '1343', '1407', '1454', '1448', '1369', '1368', '1305', '1378', '1431', '1344', '1449', '1410', '1443', '1400', '1307', '1440', '1429', '1428', '1437', '1461', '1336', '1389', '1337', '1342', '1382', '1434', '1349', '1394', '1328', '1436', '1351', '1405', '1345', '1372', '1371', '1370', '1361', '1310', '1381', '1441', '1408', '1433', '1352', '1398', '1309', '1365', '1318', '1306', '1303', '1358', '1430', '1356', '1366', '1304', '1439', '1379', '1355', '1385', '1432', '1421', '1353', '1445', '1392', '1362', '1395', '1367', '1375', '1302', '1363', '1308', '1396', '1542', '1529', '1498', '1321', '1508', '1501', '1509', '1534', '1544', '1541', '1524', '1555', '1502', '1525', '1504', '1514', '1540', '1530', '1523', '1553', '1556', '1537', '1522', '1505', '1473', '1549', '1494', '1320', '1559', '1423', '1500', '1551', '1546', '1470', '1416', '1492', '1543', '1486', '1503', '1412', '1554', '1535', '1482', '1474', '1489', '1460', '1511', '1528', '1314', '1521', '1420', '1539', '1452', '1478', '1516', '1477', '1422', '1507', '1469', '1464', '1462', '1496', '1476', '1411', '1403', '1463', '1497', '1536', '1533', '1450', '1519', '1532', '1459', '1442', '1472', '1466', '1491', '1323', '1468', '1418', '1512', '1499', '1550', '1487', '1447', '1545', '1517', '1526', '1444', '1427', '1515', '1552', '1374', '1471', '1387', '1399', '1383', '1488', '1322', '1465', '1317', '1548', '1319', '1446', '1479', '1455', '1324', '1480', '1520', '1481', '1547', '1402', '1424', '1506', '1386', '1456', '1397', '1316', '1527', '1373', '1495', '1557', '1538', '1475', '1490', '1518', '1409', '1513', '1417', '1390', '1485', '1558', '1415', '1493', '1453', '1406', '1404', '1531', '1510', '1419', '1426', '1413', '1414']
Cluster-7 Total nodes: 260 ['958', '805', '814', '933', '842', '808', '807', '901', '847', '889', '815', '890', '809', '806', '863', '874', '849', '813', '916', '969', '879', '819', '902', '972', '886', '880', '840', '928', '857', '873', '944', '909', '860', '784', '971', '797', '791', '914', '788', '781', '978', '820', '829', '782', '852', '821', '877', '783', '828', '855', '893', '837', '862', '915', '835', '817', '812', '875', '818', '859', '827', '816', '832', '843', '892', '833', '854', '826', '836', '834', '866', '850', '825', '869', '878', '908', '839', '794', '897', '882', '911', '867', '921', '796', '793', '920', '845', '795', '888', '894', '848', '838', '912', '798', '918', '913', '871', '919', '853', '881', '841', '923', '823', '831', '917', '872', '864', '925', '943', '887', '883', '992', '966', '1014', '1022', '1013', '1024', '1009', '974', '1031', '1005', '961', '1001', '989', '956', '988', '1039', '945', '991', '1033', '1004', '1007', '1036', '946', '999', '986', '962', '998', '1006', '1034', '1003', '907', '896', '982', '1023', '990', '801', '987', '1015', '997', '1011', '1026', '985', '1038', '1002', '1029', '803', '1008', '1025', '800', '970', '927', '1027', '940', '1035', '941', '963', '1021', '930', '976', '1017', '955', '968', '952', '1032', '1010', '1020', '937', '1030', '822', '924', '936', '910', '799', '979', '1018', '965', '1028', '981', '996', '948', '938', '980', '1012', '1016', '994', '983', '973', '899', '959', '1000', '957', '1019', '802', '977', '810', '904', '960', '811', '934', '787', '995', '830', '931', '929', '1037', '792', '922', '947', '865', '846', '856', '786', '785', '932', '790', '824', '967', '861', '844', '900', '851', '868', '935', '950', '903', '804', '905', '789', '885', '870', '942', '984', '939', '949', '953', '954', '951', '906', '975', '895', '926', '993', '891', '858', '884', '876', '780', '964', '898']
Cluster-8 Total nodes: 260 ['76', '30', '13', '143', '79', '142', '128', '147', '44', '29', '43', '99', '47', '17', '26', '126', '139', '46', '53', '25', '55', '146', '108', '73', '27', '28', '1', '32', '12', '85', '31', '8', '50', '72', '4', '39', '75', '56', '49', '98', '87', '59', '48', '102', '0', '6', '38', '150', '137', '3', '34', '37', '77', '65', '5', '51', '45', '42', '86', '41', '131', '58', '54', '7', '88', '33', '11', '40', '66', '36', '57', '35', '62', '67', '132', '69', '135', '141', '133', '52', '61', '188', '184', '239', '120', '166', '240', '234', '237', '117', '138', '214', '186', '210', '195', '241', '162', '181', '204', '256', '231', '248', '161', '250', '220', '258', '232', '227', '107', '151', '127', '205', '244', '175', '222', '174', '246', '168', '194', '203', '182', '183', '185', '190', '209', '208', '173', '106', '178', '236', '215', '199', '74', '113', '233', '167', '163', '198', '172', '192', '169', '71', '111', '123', '189', '129', '211', '255', '193', '249', '212', '191', '251', '257', '206', '154', '16', '207', '160', '221', '180', '10', '219', '170', '235', '243', '164', '136', '109', '68', '21', '159', '165', '229', '130', '242', '144', '230', '218', '171', '155', '200', '158', '104', '224', '20', '252', '247', '213', '100', '101', '156', '176', '225', '245', '223', '259', '196', '238', '89', '92', '78', '84', '81', '14', '19', '24', '22', '18', '110', '91', '95', '197', '187', '134', '93', '63', '216', '2', '118', '112', '115', '15', '9', '122', '140', '80', '179', '148', '152', '228', '153', '82', '119', '217', '23', '124', '97', '105', '157', '114', '70', '64', '96', '83', '125', '116', '145', '202', '149', '60', '103', '90', '121', '94', '226', '201', '177', '253', '254']

Total time of execution: 110.908535 seconds
