Total nodes in the system: 4039

level-1 completes in 681.805872 seconds
Cluster-1 Total nodes: 559 ['2152', '2162', '2126', '1912', '2236', '2146', '2231', '2107', '1960', '2085', '2341', '2325', '1964', '2371', '2313', '2156', '2091', '2173', '2540', '2299', '2655', '2654', '2093', '2323', '2381', '2526', '2326', '2324', '1943', '2484', '2485', '1946', '2407', '2404', '2244', '2464', '2467', '2462', '2030', '2468', '2499', '2551', '2552', '2553', '2554', '2559', '2492', '2495', '2410', '2395', '2600', '2142', '2140', '2257', '2064', '2477', '1925', '1929', '2546', '2549', '2172', '2078', '2386', '2073', '2077', '2074', '2604', '1986', '2607', '2601', '2602', '2258', '2060', '1938', '2520', '2578', '2253', '2165', '2376', '2370', '2616', '2615', '2590', '2591', '2611', '2593', '2290', '2619', '1984', '1985', '1983', '2560', '2563', '2564', '2118', '2369', '2112', '2363', '2115', '2624', '2625', '1918', '1917', '1997', '2359', '2339', '2103', '2356', '2354', '2104', '2586', '2433', '2630', '2347', '2340', '2131', '1966', '1962', '2139', '2037', '2033', '2543', '2542', '2646', '2352', '2121', '2331', '2334', '2005', '2311', '2261', '2266', '2446', '2046', '2045', '2043', '2188', '2309', '2308', '2275', '2276', '2271', '2056', '2059', '2190', '2200', '2206', '2428', '2423', '1979', '1971', '2213', '2212', '2210', '2218', '2430', '2507', '2504', '2500', '1941', '2090', '2220', '2088', '2083', '2539', '2154', '2150', '1953', '1993', '2414', '2233', '2237', '2659', '2658', '2327', '2328', '2010', '2461', '2463', '2297', '1951', '2498', '2555', '2491', '2068', '2143', '2149', '2250', '2475', '2472', '2471', '1926', '1927', '1718', '2176', '2174', '2072', '2289', '1931', '1935', '2571', '2169', '2377', '2594', '2292', '2598', '2294', '2199', '2368', '2111', '2365', '2116', '2117', '2620', '2582', '2629', '2588', '1919', '1916', '2241', '2024', '2102', '2585', '2627', '2344', '1968', '2133', '2343', '2138', '2032', '2649', '2640', '2125', '2336', '2338', '2128', '2009', '2268', '2264', '1999', '1577', '2273', '2052', '2054', '1973', '1972', '1945', '2196', '2202', '2203', '1921', '2180', '2187', '2509', '2508', '1948', '1940', '1947', '2224', '2087', '2538', '2151', '2153', '136', '2459', '1976', '1928', '2018', '1465', '2129', '2488', '2335', '2317', '2440', '2448', '2047', '1975', '2412', '2160', '2283', '2628', '2366', '2361', '2035', '2069', '2071', '2179', '2408', '2101', '2489', '2482', '2345', '2346', '2406', '2124', '2127', '2537', '2653', '2657', '2348', '2157', '2011', '2061', '2067', '2123', '2122', '1914', '2020', '2021', '2022', '1963', '2332', '2333', '2480', '2652', '2246', '2240', '2242', '2243', '2465', '2460', '2469', '2062', '2063', '2025', '2660', '2293', '2296', '2567', '2566', '2367', '2364', '2362', '2583', '2581', '2425', '2342', '2159', '2109', '2108', '2639', '2638', '2637', '2636', '2631', '2633', '2031', '2039', '2038', '2322', '2329', '2557', '2494', '2497', '2259', '2254', '2476', '2474', '2473', '2479', '2478', '2075', '2561', '1981', '1988', '1989', '2330', '2353', '2350', '2351', '2355', '2136', '2137', '2134', '2135', '2132', '2648', '2642', '2643', '2644', '2645', '2647', '2589', '2002', '2003', '2000', '2001', '2006', '2007', '2004', '2318', '2319', '2315', '2267', '2447', '2445', '2449', '2189', '2044', '2042', '2040', '2049', '1991', '1998', '2300', '2303', '2302', '2304', '2307', '2306', '2274', '2272', '2279', '2278', '2337', '2458', '2451', '2053', '2055', '2057', '2058', '2065', '2191', '2192', '2194', '2198', '2201', '2209', '2429', '2420', '2427', '2518', '2519', '1980', '2516', '2510', '2511', '2512', '1970', '2183', '2211', '2216', '2215', '2214', '2436', '2435', '2434', '2506', '2502', '2501', '1944', '2098', '2247', '2228', '2229', '2226', '2225', '2222', '2223', '2221', '2081', '2086', '2084', '2532', '2533', '2530', '2536', '2155', '2409', '1955', '1957', '1959', '1958', '2284', '2144', '2417', '2418', '1994', '2239', '2232', '2235', '2234', '2184', '2097', '2092', '2525', '2521', '2529', '2147', '2145', '2415', '2141', '2419', '2148', '2411', '1920', '1923', '1987', '2438', '2432', '2416', '2550', '2556', '2396', '2397', '2394', '2392', '2393', '2390', '2391', '2398', '2399', '2171', '2606', '2603', '2608', '2609', '1932', '1939', '1995', '2547', '2544', '2383', '2385', '2384', '2387', '2389', '1942', '2164', '2161', '2163', '2617', '2613', '2612', '2610', '2597', '2280', '2282', '2285', '2286', '2287', '2579', '2576', '2574', '2575', '2573', '2378', '2379', '2374', '2372', '2592', '2110', '2623', '2626', '2026', '2027', '2023', '2028', '2029']
Cluster-2 Total nodes: 439 ['2729', '2773', '2929', '2907', '2928', '3417', '3000', '2810', '3166', '2944', '2821', '3293', '3384', '2786', '2887', '3104', '3026', '2981', '3433', '3435', '3362', '3257', '3025', '3084', '2915', '2698', '2766', '3135', '3400', '3137', '3073', '3363', '2956', '3158', '2977', '3394', '2988', '3119', '3036', '3114', '2890', '3364', '3090', '2755', '1684', '3123', '2679', '3010', '2689', '2683', '2862', '2743', '3089', '3080', '2873', '2877', '2874', '2731', '2738', '2993', '2994', '2973', '2828', '3145', '3411', '2823', '2793', '3434', '3021', '2742', '2661', '3051', '2936', '2937', '3152', '3403', '3330', '3288', '3287', '2970', '3172', '2833', '3280', '3179', '3116', '3378', '3132', '3170', '3396', '2672', '2797', '3150', '2684', '3082', '2875', '3355', '3350', '3353', '2849', '3320', '2724', '3258', '2719', '3347', '3240', '3011', '3118', '2708', '2701', '2894', '3182', '2778', '3076', '3261', '3262', '3079', '3106', '3101', '3298', '3291', '3060', '3275', '2815', '2782', '2666', '2664', '2916', '2925', '2931', '3174', '3238', '2681', '3348', '2969', '3339', '3029', '2987', '3014', '3004', '2945', '2756', '2694', '3040', '2913', '3096', '2905', '3078', '2953', '990', '3168', '3304', '3406', '3366', '3162', '2869', '3233', '3019', '2892', '3001', '2775', '3100', '3295', '3412', '3331', '2906', '2924', '2741', '3232', '3324', '2745', '3047', '2827', '3220', '3077', '3007', '3120', '3344', '3086', '3207', '3154', '3285', '2951', '3176', '3391', '3038', '3224', '3420', '3252', '3223', '3321', '2728', '2839', '2867', '2974', '2943', '2940', '3056', '2920', '2927', '2866', '2966', '2986', '2985', '3243', '2880', '2706', '2897', '2777', '2896', '2946', '3117', '2750', '3195', '2754', '2960', '3426', '3033', '2910', '2919', '3387', '3054', '3390', '3399', '2800', '2806', '3184', '2835', '3226', '2763', '2864', '2757', '3286', '2749', '2912', '3213', '2909', '2669', '3085', '3023', '3149', '3163', '2872', '3022', '3129', '2854', '3142', '3303', '3301', '2761', '2673', '2676', '3098', '3284', '3065', '3064', '3108', '2978', '2680', '3228', '2850', '3052', '2663', '3294', '3234', '3231', '3111', '3214', '2780', '2668', '2914', '3263', '3136', '3395', '2996', '3097', '2958', '2911', '3250', '2717', '2705', '3255', '3140', '3146', '3148', '3386', '3299', '3204', '3341', '3416', '3415', '3419', '3187', '2901', '2904', '2908', '2832', '3397', '3087', '3081', '2751', '3239', '3381', '2955', '2984', '3124', '3049', '2665', '2662', '2939', '2932', '3169', '3369', '3365', '3360', '3431', '3185', '3186', '2748', '3188', '3221', '3046', '3034', '2991', '3035', '2785', '2784', '2787', '2781', '2783', '3160', '3260', '3267', '2675', '2674', '2921', '3215', '3211', '3212', '3219', '2813', '2812', '2819', '3178', '3072', '3177', '2950', '3379', '3377', '3041', '3020', '3107', '3385', '3422', '3196', '3193', '3191', '3198', '2836', '2686', '3206', '3203', '3201', '3209', '2863', '2865', '3225', '2690', '3237', '2871', '3351', '2768', '2796', '2734', '2730', '2733', '2739', '2795', '2846', '2844', '2845', '2843', '2840', '2841', '3327', '2999', '2992', '2720', '3259', '2853', '2989', '3342', '2712', '2711', '2716', '2715', '3346', '2718', '3345', '2829', '3248', '3247', '3302', '3018', '3013', '3016', '3017', '2881', '3274', '3272', '3273', '2702', '3277', '3319', '3313', '3316', '3002', '3070', '3005', '2770', '2772', '3265', '3264', '3075', '3102', '2765', '2764', '3253', '3256', '3296', '3297', '3062', '3115', '3113', '3337', '3335', '2753', '2758', '2976', '3027']
Cluster-3 Total nodes: 433 ['1326', '1202', '1064', '1356', '939', '1453', '1910', '1478', '1671', '1743', '1575', '1234', '1831', '931', '1794', '1495', '1497', '917', '1703', '1704', '1706', '1060', '1062', '1067', '1066', '913', '1661', '1082', '1081', '1120', '1121', '1127', '1106', '1104', '1408', '1018', '1019', '1014', '1015', '1010', '1011', '1235', '1236', '1237', '1231', '902', '905', '1245', '1247', '1246', '484', '1109', '1783', '1189', '1906', '1907', '1904', '1903', '1188', '1396', '1625', '1624', '1628', '1294', '994', '1051', '1052', '1192', '1691', '1756', '1751', '1170', '1273', '1275', '1179', '1885', '1884', '1881', '1284', '1286', '1281', '949', '944', '942', '940', '941', '1472', '1190', '1573', '1479', '1576', '1304', '1306', '1300', '1303', '1308', '1309', '1830', '914', '1374', '933', '936', '1241', '1229', '1228', '1828', '1709', '1699', '376', '1279', '1482', '1481', '1487', '1489', '1716', '1715', '1379', '1650', '1655', '1630', '1139', '1131', '1277', '1436', '1432', '924', '1438', '1638', '1009', '1001', '1348', '1226', '1225', '1221', '1343', '1345', '1347', '1876', '1875', '1872', '1873', '1870', '1871', '1878', '977', '976', '975', '971', '1502', '1503', '1500', '1507', '1504', '651', '1508', '1227', '919', '1282', '1848', '1115', '1473', '1611', '1578', '1475', '1041', '1044', '1681', '1680', '1682', '1686', '1767', '1764', '1261', '1260', '1545', '1543', '1541', '1404', '1469', '1464', '1462', '1316', '1315', '1311', '1310', '1400', '1824', '1820', '1406', '414', '1381', '1382', '1183', '1338', '363', '389', '1647', '1728', '1725', '1649', '1350', '1072', '1167', '1423', '1425', '1426', '1429', '1428', '1373', '1032', '1036', '1037', '1035', '1217', '1357', '1355', '1862', '1392', '962', '1129', '1729', '968', '969', '1454', '1451', '1515', '1459', '1512', '1159', '1844', '1158', '1815', '1812', '1818', '1531', '896', '898', '1606', '353', '1781', '1536', '1785', '1786', '1770', '1444', '1679', '1677', '1672', '1673', '1095', '1100', '1155', '1099', '1292', '1550', '1412', '1448', '1415', '538', '1322', '988', '989', '1324', '981', '984', '1859', '1850', '1857', '1525', '1526', '420', '1529', '1258', '1259', '1413', '1582', '1583', '1841', '954', '1320', '1587', '1738', '1633', '1634', '1635', '1636', '1732', '1108', '566', '1595', '1596', '1591', '1592', '1025', '1021', '1020', '1349', '1740', '1742', '1166', '606', '601', '1204', '1899', '1894', '1897', '1893', '1215', '957', '1569', '1298', '1299', '1102', '475', '1807', '1801', '1366', '348', '561', '465', '567', '559', '378', '373', '391', '542', '544', '400', '412', '436', '434', '513', '515', '514', '500', '496', '492', '591', '669', '497', '493', '404', '419', '520', '473', '444', '422', '482', '506', '507', '560', '461', '614', '463', '479', '557', '553', '408', '370', '374', '392', '397', '395', '417', '367', '388', '537', '524', '525', '527', '438', '432', '430', '431', '503', '604', '487', '630', '402', '460', '555', '394', '548', '368', '523', '423', '511', '451', '452', '570', '456', '609', '683', '512', '545', '415', '360', '387', '488', '556', '409', '398', '439', '678', '645', '471', '546', '369', '531', '510', '421', '504', '455', '653', '396', '519', '458', '547', '481', '355', '354', '359', '592', '583', '644', '573', '579', '654', '636', '619', '617', '680', '445']
Cluster-4 Total nodes: 359 ['1765', '1622', '1278', '107', '927', '980', '1329', '1621', '1126', '1480', '1639', '1312', '1589', '1810', '1637', '1059', '1075', '1819', '1584', '1255', '1520', '1334', '1675', '1467', '1460', '1123', '1522', '947', '897', '1352', '1272', '1730', '1590', '1842', '1644', '1782', '1026', '1643', '1528', '1048', '1846', '1791', '1250', '1851', '1835', '921', '1243', '1813', '1513', '1420', '1195', '1175', '1003', '1570', '1377', '1376', '1509', '1614', '1612', '1613', '1768', '1761', '1080', '1427', '1070', '1694', '1695', '1692', '1565', '1358', '1313', '580', '1790', '1318', '1514', '1332', '483', '1882', '1113', '1645', '948', '641', '1744', '1574', '1616', '1763', '1766', '1142', '1549', '366', '1778', '428', '930', '517', '1210', '915', '637', '563', '1720', '1114', '1305', '1269', '1302', '1789', '1267', '1833', '1079', '1076', '1839', '932', '997', '1092', '1793', '1796', '1491', '967', '1068', '1017', '1707', '1827', '1823', '1669', '1663', '925', '1416', '1128', '1086', '1124', '1230', '1712', '1717', '1714', '1409', '1659', '1523', '1652', '1402', '916', '1391', '1390', '1339', '1335', '1336', '1331', '1330', '906', '1431', '1843', '1724', '1722', '1845', '1662', '1242', '1004', '1539', '1683', '1340', '1877', '978', '1902', '1879', '1632', '1736', '1214', '1861', '1597', '1040', '1867', '1598', '960', '1184', '1185', '1456', '1457', '1746', '1516', '1741', '1209', '1163', '1799', '1891', '993', '953', '952', '1447', '1117', '1290', '1563', '1291', '1517', '1795', '1888', '1886', '1047', '1603', '1685', '1689', '1688', '1653', '1435', '1620', '1199', '1753', '1752', '1750', '1289', '1288', '1571', '1222', '1370', '1344', '1110', '1367', '1610', '1146', '1149', '1540', '1388', '1380', '1849', '1107', '1608', '1600', '1605', '1604', '1156', '1153', '1554', '1557', '1559', '1399', '1804', '1800', '959', '1359', '983', '1256', '1101', '1006', '1285', '1868', '1809', '1238', '1488', '1049', '1524', '1112', '1757', '1572', '1375', '526', '1471', '1054', '1160', '1257', '1148', '1398', '1496', '1702', '1668', '1665', '1083', '1122', '1125', '1337', '903', '901', '1538', '1909', '1623', '1626', '995', '1056', '1191', '1754', '1173', '1172', '1271', '1287', '1280', '946', '1470', '1832', '1837', '1371', '934', '1393', '1483', '1485', '1132', '1130', '1135', '1437', '1341', '1911', '1617', '1798', '1687', '1547', '1542', '1548', '1118', '999', '1826', '1389', '1182', '1721', '1580', '1211', '1216', '1351', '1863', '1864', '966', '1452', '1723', '1895', '1816', '1811', '1533', '1532', '1530', '1609', '1619', '1198', '1787', '1774', '1772', '1535', '1074', '1097', '1293', '1551', '1553', '1555', '1449', '1323', '1327', '982', '1407', '1733', '1735', '1734', '1737', '1024', '1029', '1028', '1180', '1181', '1205', '1207', '1201', '1898', '1078', '1219', '1365', '1360', '1361', '1369']
Cluster-5 Total nodes: 248 ['3498', '3629', '3715', '3615', '3713', '3455', '3636', '3862', '3599', '3867', '3921', '3728', '3722', '3705', '3437', '3835', '3740', '3521', '3907', '1085', '1567', '1806', '1803', '1511', '3710', '3698', '3505', '3526', '3753', '3496', '3850', '3590', '3442', '3553', '3508', '3500', '3608', '3776', '3886', '3545', '3918', '3714', '3706', '3569', '3519', '3826', '3822', '3759', '3534', '3794', '3793', '3906', '3869', '3486', '3924', '3463', '3926', '3927', '3571', '3557', '3555', '3554', '3550', '3499', '3559', '3558', '3852', '3851', '3858', '3493', '3810', '3672', '3670', '3677', '3674', '3584', '3586', '3587', '3743', '3804', '3800', '3803', '3456', '3458', '3891', '3896', '3509', '3966', '3962', '3960', '3968', '3969', '3634', '3635', '3633', '3469', '3538', '3468', '3702', '3707', '3797', '3791', '3790', '3836', '3837', '3831', '3833', '3838', '3930', '3933', '3563', '3564', '3568', '3841', '3842', '3845', '3450', '3667', '3662', '3747', '3741', '3593', '3591', '3596', '3690', '3692', '3693', '3697', '3870', '3873', '3877', '3527', '3525', '3828', '3528', '3529', '3884', '3881', '3448', '3440', '3443', '3900', '3902', '3903', '3909', '3971', '3972', '3628', '3623', '3625', '3627', '3471', '3711', '3497', '3495', '3719', '3718', '3491', '3656', '3651', '3449', '3825', '3824', '3821', '3943', '3945', '3829', '3947', '3474', '3475', '3578', '3473', '3577', '3576', '3478', '3573', '3611', '3612', '3617', '3750', '3752', '3757', '3756', '862', '3725', '3721', '3683', '3680', '3687', '3684', '3868', '3761', '3860', '3866', '3535', '3830', '3938', '3438', '3948', '3480', '3915', '3913', '3931', '3540', '3542', '3758', '3618', '3760', '3488', '3762', '3764', '3768', '3485', '3648', '3646', '3645', '3643', '3642', '3640', '3951', '3957', '3956', '3466', '3464', '3462', '3460', '3501', '3506', '3602', '3601', '3605', '3604', '3609', '3738', '3737', '3734', '3731', '3730', '3782', '3786', '3785', '3774', '3779', '3518', '3511', '3510', '3517', '3514']
Cluster-6 Total nodes: 187 ['156', '258', '0', '5', '67', '188', '85', '295', '272', '122', '9', '23', '40', '291', '98', '257', '161', '141', '323', '75', '199', '194', '197', '196', '39', '31', '30', '339', '334', '331', '330', '332', '238', '239', '236', '231', '232', '1', '146', '144', '142', '143', '140', '148', '149', '133', '132', '130', '137', '135', '134', '24', '25', '26', '20', '21', '22', '28', '29', '88', '82', '181', '80', '87', '84', '7', '180', '2', '186', '187', '184', '185', '10', '13', '14', '17', '19', '62', '322', '320', '324', '325', '329', '200', '203', '204', '73', '72', '79', '121', '128', '318', '313', '312', '310', '315', '314', '3', '252', '65', '66', '69', '214', '212', '213', '211', '4', '281', '280', '285', '284', '261', '266', '268', '115', '116', '111', '113', '119', '118', '308', '309', '304', '48', '41', '345', '346', '341', '342', '343', '298', '299', '297', '290', '271', '274', '275', '276', '277', '278', '108', '109', '103', '101', '104', '105', '45', '99', '92', '94', '265', '246', '242', '249', '248', '178', '177', '176', '175', '172', '170', '251', '254', '168', '169', '165', '326', '59', '57', '56', '53', '55', '303', '50', '36', '302', '227', '226', '225', '224', '223', '222', '150', '159', '158', '123', '127']
Cluster-7 Total nodes: 176 ['698', '883', '882', '881', '708', '745', '885', '747', '858', '889', '888', '703', '880', '804', '887', '823', '886', '830', '697', '878', '879', '874', '871', '810', '811', '753', '890', '774', '893', '894', '895', '719', '772', '713', '856', '803', '805', '869', '800', '840', '861', '863', '864', '867', '866', '884', '828', '825', '686', '776', '729', '876', '819', '872', '873', '870', '769', '797', '730', '724', '814', '824', '827', '781', '849', '755', '760', '762', '705', '706', '700', '722', '752', '795', '794', '696', '694', '731', '737', '723', '718', '715', '758', '711', '773', '845', '695', '726', '720', '738', '853', '813', '815', '817', '829', '820', '799', '834', '784', '787', '847', '842', '751', '748', '701', '764', '763', '739', '770', '716', '793', '765', '728', '792', '809', '807', '688', '831', '687', '837', '838', '780', '783', '848', '754', '741', '835', '843', '759', '779', '709', '782', '766', '693', '778', '846', '844', '727', '777', '826', '818', '710', '733', '734', '768', '756', '761', '736', '833', '690', '850', '816', '742', '746', '812', '767', '691', '714', '712', '707', '702', '796', '791', '839', '786', '789', '732', '725', '740', '771', '689', '808', '806', '821', '822', '836']
Cluster-8 Total nodes: 68 ['2248', '2015', '2388', '2357', '2373', '1990', '1949', '2082', '2405', '2238', '2070', '2455', '2197', '2424', '2181', '2089', '1922', '2577', '2570', '2360', '2587', '2105', '1965', '1933', '2120', '2614', '2656', '2119', '1915', '2403', '2193', '2562', '2632', '2251', '1930', '1937', '1936', '1934', '2402', '2130', '2580', '2316', '2314', '2310', '2260', '2277', '2450', '2205', '1978', '2186', '2217', '2503', '2227', '2080', '2534', '2158', '2185', '2523', '2439', '2558', '2175', '2548', '2166', '2618', '2375', '2114', '2621', '2113']
Cluster-9 Total nodes: 63 ['667', '594', '668', '674', '585', '624', '607', '602', '608', '638', '613', '4011', '3989', '3980', '4031', '3991', '4038', '4013', '4027', '3981', '3982', '3983', '4026', '4025', '4023', '4020', '4021', '4028', '4029', '3997', '3996', '3995', '3994', '3990', '3999', '3998', '4030', '4033', '4032', '4034', '4037', '4036', '4005', '3993', '3992', '4017', '4009', '4000', '4001', '4002', '4003', '4004', '4006', '4007', '4019', '4018', '4012', '4016', '4014', '3988', '3985', '3986', '3987']
Cluster-10 Total nodes: 61 ['2889', '2858', '2959', '3382', '2670', '3423', '2767', '2703', '3008', '3318', '3155', '3309', '2972', '3311', '3314', '2879', '3325', '2982', '2954', '2762', '3326', '2933', '3383', '3389', '3151', '3157', '3083', '3128', '3126', '2667', '2935', '3368', '3424', '3190', '3349', '2699', '2736', '3322', '3329', '2997', '2723', '2859', '2856', '2834', '3028', '2983', '2949', '3012', '2886', '3310', '3312', '2771', '2805', '2898', '3292', '3063', '3066', '3336', '3283', '2825', '3050']
Cluster-11 Total nodes: 59 ['1670', '1779', '1501', '1441', '1666', '1905', '1050', '1055', '1171', '1822', '1058', '1476', '1486', '1656', '1434', '973', '1505', '1283', '1477', '1266', '1544', '1461', '1317', '929', '1387', '923', '1641', '1642', '1726', '1077', '1421', '1585', '1033', '1860', '1450', '1534', '1150', '1676', '1410', '1411', '1325', '1588', '1328', '1593', '1445', '1187', '1098', '1203', '950', '1251', '1564', '2822', '3222', '2678', '3245', '3278', '3164', '3361', '3057']
Cluster-12 Total nodes: 51 ['1510', '649', '1276', '427', '34', '508', '558', '549', '543', '541', '534', '426', '433', '407', '634', '480', '528', '449', '442', '350', '569', '173', '166', '440', '490', '491', '413', '586', '587', '502', '646', '489', '521', '565', '403', '418', '474', '495', '349', '362', '371', '522', '382', '372', '533', '568', '464', '466', '529', '470', '478']
Cluster-13 Total nodes: 39 ['596', '1103', '1414', '1022', '639', '679', '584', '574', '655', '677', '589', '663', '620', '618', '616', '666', '664', '660', '672', '590', '597', '598', '588', '621', '626', '625', '575', '657', '631', '633', '605', '603', '612', '611', '685', '684', '682', '623', '622']
Cluster-14 Total nodes: 39 ['3928', '3552', '3589', '3457', '3703', '3934', '3872', '3522', '3520', '3979', '3978', '3621', '3626', '3659', '3654', '3944', '3575', '3610', '3755', '3689', '3916', '3839', '3547', '3765', '3484', '3817', '3953', '3950', '857', '3461', '3503', '3736', '3780', '3788', '3772', '3775', '3512', '868', '865']
Cluster-15 Total nodes: 35 ['3388', '3414', '2809', '3092', '2726', '2891', '3139', '3315', '2837', '2851', '3300', '3030', '2967', '3430', '3269', '3392', '3229', '2888', '3095', '2948', '3317', '3333', '2769', '2710', '3143', '2961', '3045', '3059', '3428', '3202', '2695', '3227', '2899', '2952', '2759']
Cluster-16 Total nodes: 33 ['3572', '3763', '3818', '3855', '3671', '3459', '3631', '3792', '3834', '3843', '3878', '3524', '3882', '3973', '3976', '3620', '3622', '3823', '3614', '3754', '3724', '3726', '3532', '3767', '3483', '3958', '3507', '3946', '3781', '3784', '3770', '3777', '3515']
Cluster-17 Total nodes: 32 ['3279', '3305', '3009', '3432', '3138', '3374', '2685', '3308', '2831', '3398', '3171', '3405', '3048', '3276', '3189', '3043', '3109', '2687', '3205', '3208', '2747', '2876', '3352', '2848', '2727', '3340', '2791', '2700', '3266', '2957', '2760', '3061']
Cluster-18 Total nodes: 32 ['3857', '3892', '3441', '3819', '3939', '3567', '3745', '3595', '3871', '3874', '3445', '3905', '3624', '3490', '3811', '3657', '3727', '3682', '3863', '3531', '3536', '3917', '3912', '3949', '3546', '3541', '3549', '3812', '3814', '3606', '3739', '3771']
Cluster-19 Total nodes: 31 ['972', '1069', '1900', '1063', '1084', '1458', '1519', '1196', '1836', '1710', '922', '926', '1265', '1821', '1817', '1780', '1674', '1556', '1419', '1769', '1858', '1852', '1527', '1321', '1039', '1805', '1165', '1161', '951', '1440', '1561']
Cluster-20 Total nodes: 26 ['245', '259', '8', '91', '190', '193', '37', '335', '237', '201', '76', '124', '61', '288', '267', '264', '83', '270', '240', '338', '250', '110', '51', '229', '155', '157']
Cluster-21 Total nodes: 26 ['964', '1065', '1667', '1664', '1847', '1274', '1307', '1708', '1698', '1719', '1136', '1433', '1005', '970', '1073', '1089', '1615', '1579', '1144', '1825', '1168', '1213', '1855', '1739', '1023', '1354']
Cluster-22 Total nodes: 26 ['3664', '3922', '3923', '3920', '3854', '3749', '3809', '3807', '3967', '3964', '3632', '3696', '3879', '3875', '3887', '3901', '3655', '3653', '3751', '3720', '3537', '3766', '3641', '3783', '3787', '3789']
Cluster-23 Total nodes: 24 ['992', '1493', '1232', '1333', '1629', '1880', '1137', '1468', '1314', '1319', '1648', '1424', '938', '1378', '963', '1601', '1784', '1568', '1186', '1747', '1892', '958', '1802', '1363']
Cluster-24 Total nodes: 24 ['3494', '3925', '3551', '3673', '3583', '3893', '3895', '3961', '3937', '3561', '3566', '3668', '3904', '3942', '3723', '3861', '3530', '3539', '3742', '3487', '3954', '3504', '3600', '3733']
Cluster-25 Total nodes: 24 ['665', '661', '578', '675', '670', '595', '599', '582', '640', '643', '627', '628', '577', '576', '650', '659', '632', '635', '600', '615', '681', '662', '647', '658']
Cluster-26 Total nodes: 23 ['2008', '2301', '2535', '2487', '2481', '2245', '2634', '2034', '2321', '2178', '2041', '2456', '2204', '2421', '2437', '1961', '1956', '2094', '2541', '2382', '2168', '2167', '2281']
Cluster-27 Total nodes: 23 ['3769', '3778', '3876', '3470', '3472', '3840', '3666', '3815', '3735', '3977', '3802', '3663', '3773', '3827', '3685', '3588', '3936', '3597', '3598', '3865', '3482', '3644', '3607']
Cluster-28 Total nodes: 22 ['2713', '3410', '3103', '2990', '3241', '3371', '3093', '2900', '2830', '3380', '3370', '3421', '3197', '2870', '3357', '2735', '3246', '3244', '3307', '2709', '2803', '3110']
Cluster-29 Total nodes: 21 ['2349', '2650', '2466', '2401', '2320', '2490', '2255', '2076', '1982', '1992', '2443', '2444', '2454', '2207', '2426', '2515', '2513', '2486', '1924', '2170', '2622']
Cluster-30 Total nodes: 21 ['3404', '3236', '2918', '3418', '2744', '3156', '2816', '3402', '2938', '2964', '3032', '3167', '2801', '2926', '3173', '3376', '3429', '3427', '3425', '3358', '3338']
Cluster-31 Total nodes: 21 ['32', '337', '230', '182', '71', '70', '216', '289', '307', '112', '44', '293', '279', '93', '97', '243', '174', '253', '167', '162', '151']
Cluster-32 Total nodes: 20 ['1808', '910', '1053', '1422', '912', '1657', '1776', '907', '1057', '1690', '1138', '979', '1546', '1403', '1607', '1775', '1896', '956', '1562', '1218']
Cluster-33 Total nodes: 20 ['1829', '1212', '1901', '1696', '1372', '1762', '1268', '1385', '1342', '1455', '1814', '1094', '1154', '1731', '1599', '1745', '1443', '1162', '1566', '1200']
Cluster-34 Total nodes: 20 ['494', '416', '462', '352', '536', '469', '357', '375', '509', '505', '424', '486', '551', '380', '381', '540', '499', '532', '437', '572']
Cluster-35 Total nodes: 20 ['3929', '3492', '3637', '3795', '3560', '3565', '3744', '3691', '3908', '3970', '3717', '3880', '3477', '3574', '3686', '3533', '3548', '3619', '3467', '3603']
Cluster-36 Total nodes: 20 ['3581', '3898', '3639', '3700', '3562', '3669', '3594', '3695', '3523', '3883', '3479', '3613', '3864', '3481', '3911', '3919', '3649', '3813', '3502', '3516']
Cluster-37 Total nodes: 19 ['171', '58', '81', '189', '64', '217', '286', '269', '301', '47', '100', '163', '2814', '2838', '2740', '3290', '2885', '2704', '3003']
Cluster-38 Total nodes: 19 ['192', '336', '233', '145', '205', '215', '210', '283', '262', '305', '49', '90', '241', '179', '256', '255', '52', '228', '220']
Cluster-39 Total nodes: 18 ['1727', '1296', '965', '1013', '1244', '943', '1042', '1143', '1777', '1090', '1093', '1152', '1418', '986', '985', '1748', '1749', '1869']
Cluster-40 Total nodes: 18 ['2752', '2962', '2820', '3091', '3159', '3125', '2934', '3133', '3210', '3373', '2860', '2868', '2697', '2696', '2721', '2671', '3015', '2824']
Cluster-41 Total nodes: 18 ['38', '138', '89', '207', '206', '77', '129', '319', '219', '260', '117', '347', '340', '294', '95', '160', '327', '154']
Cluster-42 Total nodes: 17 ['3332', '3367', '2965', '3039', '3199', '2737', '2995', '3254', '3343', '3242', '3306', '2707', '2895', '2947', '3112', '3289', '3281']
Cluster-43 Total nodes: 17 ['2066', '2651', '2291', '2036', '2256', '2265', '2270', '2453', '2514', '2517', '2182', '2219', '2505', '1977', '1974', '2288', '2545']
Cluster-44 Total nodes: 17 ['3141', '3053', '3122', '2788', '3216', '3218', '2861', '3230', '3354', '2799', '2842', '2857', '3200', '2975', '3271', '2776', '3105']
Cluster-45 Total nodes: 15 ['1405', '1883', '991', '1178', '1758', '1088', '1034', '987', '2682', '2692', '3356', '3359', '2779', '3068', '3334']
Cluster-46 Total nodes: 15 ['1254', '1233', '909', '1111', '1197', '1889', '1177', '1043', '1045', '1384', '1030', '1788', '1252', '955', '1368']
Cluster-47 Total nodes: 15 ['198', '11', '12', '15', '18', '202', '364', '393', '399', '441', '454', '501', '351', '564', '476']
Cluster-48 Total nodes: 15 ['195', '234', '328', '209', '74', '78', '60', '63', '218', '306', '273', '164', '221', '152', '126']
Cluster-49 Total nodes: 15 ['2826', '3407', '3409', '2979', '2677', '2923', '3375', '2688', '2693', '2725', '2714', '2883', '3165', '3268', '2941']
Cluster-50 Total nodes: 14 ['235', '191', '33', '35', '131', '86', '316', '68', '263', '46', '42', '296', '102', '321']
Cluster-51 Total nodes: 13 ['1446', '1773', '1490', '1660', '1012', '1631', '1430', '1223', '629', '1506', '1602', '1853', '1397']
Cluster-52 Total nodes: 13 ['1866', '1494', '1705', '1061', '900', '908', '1908', '1174', '928', '1518', '1038', '1537', '1856']
Cluster-53 Total nodes: 13 ['3694', '3801', '3856', '3853', '3748', '3453', '3451', '3709', '3798', '3935', '3885', '3974', '3816']
Cluster-54 Total nodes: 13 ['3638', '3799', '3932', '3844', '3848', '3699', '3716', '3616', '3439', '3647', '3952', '3570', '3513']
Cluster-55 Total nodes: 13 ['3127', '3037', '3055', '2817', '2691', '2792', '3147', '2774', '3074', '860', '892', '891', '875']
Cluster-56 Total nodes: 13 ['498', '406', '401', '453', '379', '443', '383', '386', '411', '468', '467', '472', '356']
Cluster-57 Total nodes: 12 ['1498', '1627', '1270', '1711', '1002', '1220', '1346', '998', '1208', '1105', '1027', '1890']
Cluster-58 Total nodes: 12 ['3094', '3235', '3144', '2811', '3088', '2878', '2847', '3328', '2855', '3249', '3270', '2802']
Cluster-59 Total nodes: 11 ['1140', '1792', '1701', '1087', '996', '1193', '1301', '1838', '1297', '1031', '1558']
Cluster-60 Total nodes: 11 ['1594', '1521', '1697', '1008', '1383', '1353', '1865', '1157', '1552', '1395', '1394']
Cluster-61 Total nodes: 11 ['1141', '1248', '1759', '1474', '937', '1134', '1000', '974', '1264', '1640', '1840']
Cluster-62 Total nodes: 10 ['1797', '904', '1755', '1176', '1834', '911', '1224', '1145', '1263', '1854']
Cluster-63 Total nodes: 10 ['2051', '2099', '2100', '2358', '2263', '2441', '2422', '2431', '2230', '2528']
Cluster-64 Total nodes: 10 ['656', '671', '385', '673', '390', '450', '652', '429', '530', '562']
Cluster-65 Total nodes: 10 ['3675', '3899', '3965', '3708', '3701', '3975', '3476', '3579', '3910', '3465']
Cluster-66 Total nodes: 9 ['1954', '2249', '2295', '2635', '2496', '2305', '2605', '2572', '2599']
Cluster-67 Total nodes: 9 ['425', '477', '435', '554', '518', '485', '516', '459', '457']
Cluster-68 Total nodes: 9 ['3676', '3897', '3846', '3665', '3661', '3746', '3652', '3729', '3489']
Cluster-69 Total nodes: 9 ['2902', '2930', '3180', '3181', '3131', '3372', '2732', '3251', '3282']
Cluster-70 Total nodes: 9 ['790', '721', '851', '832', '704', '788', '750', '744', '802']
Cluster-71 Total nodes: 8 ['1164', '1239', '1116', '1484', '920', '1439', '1874', '1463']
Cluster-72 Total nodes: 8 ['2106', '1996', '2017', '2565', '2079', '2470', '2269', '2048']
Cluster-73 Total nodes: 8 ['1969', '2483', '2457', '2195', '2208', '2527', '2522', '2595']
Cluster-74 Total nodes: 8 ['333', '183', '282', '287', '114', '43', '292', '244']
Cluster-75 Total nodes: 8 ['3679', '3580', '3585', '3806', '3894', '3963', '3447', '3446']
Cluster-76 Total nodes: 8 ['798', '859', '877', '852', '717', '855', '735', '692']
Cluster-77 Total nodes: 7 ['1499', '1016', '1119', '1466', '1386', '1581', '1096']
Cluster-78 Total nodes: 7 ['27', '16', '208', '120', '106', '54', '125']
Cluster-79 Total nodes: 7 ['3859', '3582', '3808', '3630', '3849', '3444', '3544']
Cluster-80 Total nodes: 7 ['3805', '3796', '3889', '3712', '3658', '3940', '3543']
Cluster-81 Total nodes: 7 ['3044', '2922', '3121', '2790', '2808', '2884', '2971']
Cluster-82 Total nodes: 7 ['4024', '4022', '4010', '4035', '4008', '4015', '3984']
Cluster-83 Total nodes: 7 ['854', '757', '785', '841', '749', '775', '801']
Cluster-84 Total nodes: 6 ['1492', '1194', '1658', '1046', '1586', '1364']
Cluster-85 Total nodes: 6 ['446', '539', '405', '676', '410', '361']
Cluster-86 Total nodes: 6 ['3678', '3890', '3704', '3650', '3820', '3941']
Cluster-87 Total nodes: 5 ['535', '448', '447', '550', '358']
Cluster-88 Total nodes: 5 ['3454', '3847', '3888', '3660', '3732']
Cluster-89 Total nodes: 4 ['2013', '2569', '2012', '2050']
Cluster-90 Total nodes: 4 ['961', '918', '1206', '1560']
Cluster-91 Total nodes: 4 ['1240', '1693', '1760', '1262']
Cluster-92 Total nodes: 4 ['2019', '2584', '2262', '2442']
Cluster-93 Total nodes: 4 ['2400', '2312', '2531', '2413']
Cluster-94 Total nodes: 4 ['6', '147', '247', '153']
Cluster-95 Total nodes: 4 ['3042', '3153', '2963', '2798']
Cluster-96 Total nodes: 4 ['3069', '3024', '3161', '3323']
Cluster-97 Total nodes: 4 ['610', '581', '642', '648']
Cluster-98 Total nodes: 3 ['1654', '899', '1442']
Cluster-99 Total nodes: 3 ['1133', '1071', '1253']
Cluster-100 Total nodes: 3 ['2014', '2016', '1950']
Cluster-101 Total nodes: 3 ['2298', '2452', '1913']
Cluster-102 Total nodes: 3 ['2493', '2641', '1952']
Cluster-103 Total nodes: 3 ['2252', '2177', '2096']
Cluster-104 Total nodes: 3 ['311', '317', '344']
Cluster-105 Total nodes: 3 ['3556', '3592', '3688']
Cluster-106 Total nodes: 3 ['2917', '2852', '3436']
Cluster-107 Total nodes: 3 ['2789', '2807', '3130']
Cluster-108 Total nodes: 3 ['2746', '3183', '3031']
Cluster-109 Total nodes: 3 ['3099', '3408', '3071']
Cluster-110 Total nodes: 3 ['2903', '3134', '3006']
Cluster-111 Total nodes: 3 ['3058', '3175', '3194']
Cluster-112 Total nodes: 3 ['2818', '2882', '3067']
Cluster-113 Total nodes: 3 ['3217', '3192', '2804']
Cluster-114 Total nodes: 3 ['2998', '2722', '2980']
Cluster-115 Total nodes: 3 ['384', '571', '552']
Cluster-116 Total nodes: 2 ['2095', '2524']
Cluster-117 Total nodes: 2 ['1618', '1771']
Cluster-118 Total nodes: 2 ['2794', '3413']
Cluster-119 Total nodes: 2 ['1887', '1417']
Cluster-120 Total nodes: 2 ['945', '1295']
Cluster-121 Total nodes: 2 ['935', '1007']
Cluster-122 Total nodes: 2 ['1713', '1651']
Cluster-123 Total nodes: 2 ['1091', '1401']
Cluster-124 Total nodes: 2 ['1147', '1362']
Cluster-125 Total nodes: 2 ['1169', '1249']
Cluster-126 Total nodes: 2 ['2568', '2596']
Cluster-127 Total nodes: 2 ['1967', '2380']
Cluster-128 Total nodes: 2 ['139', '300']
Cluster-129 Total nodes: 2 ['3452', '3681']
Cluster-130 Total nodes: 2 ['3914', '3959']
Cluster-131 Total nodes: 2 ['377', '365']
Cluster-132 Total nodes: 2 ['743', '699']
Cluster-133 Total nodes: 1 ['1700']
Cluster-134 Total nodes: 1 ['1646']
Cluster-135 Total nodes: 1 ['1678']
Cluster-136 Total nodes: 1 ['1151']
Cluster-137 Total nodes: 1 ['96']
Cluster-138 Total nodes: 1 ['3832']
Cluster-139 Total nodes: 1 ['3955']
Cluster-140 Total nodes: 1 ['3393']
Cluster-141 Total nodes: 1 ['3401']
Cluster-142 Total nodes: 1 ['2968']
Cluster-143 Total nodes: 1 ['2893']
Cluster-144 Total nodes: 1 ['2942']
Cluster-145 Total nodes: 1 ['593']

level-2 completes in 682.165516 seconds
Cluster-1 Total nodes: 823 ['2729', '2773', '2929', '2907', '2928', '3417', '3000', '2810', '3166', '2944', '2821', '3293', '3384', '2786', '2887', '3104', '3026', '2981', '3433', '3435', '3362', '3257', '3025', '3084', '2915', '2698', '2766', '3135', '3400', '3137', '3073', '3363', '2956', '3158', '2977', '3394', '2988', '3119', '3036', '3114', '2890', '3364', '3090', '2755', '1684', '3123', '2679', '3010', '2689', '2683', '2862', '2743', '3089', '3080', '2873', '2877', '2874', '2731', '2738', '2993', '2994', '2973', '2828', '3145', '3411', '2823', '2793', '3434', '3021', '2742', '2661', '3051', '2936', '2937', '3152', '3403', '3330', '3288', '3287', '2970', '3172', '2833', '3280', '3179', '3116', '3378', '3132', '3170', '3396', '2672', '2797', '3150', '2684', '3082', '2875', '3355', '3350', '3353', '2849', '3320', '2724', '3258', '2719', '3347', '3240', '3011', '3118', '2708', '2701', '2894', '3182', '2778', '3076', '3261', '3262', '3079', '3106', '3101', '3298', '3291', '3060', '3275', '2815', '2782', '2666', '2664', '2916', '2925', '2931', '3174', '3238', '2681', '3348', '2969', '3339', '3029', '2987', '3014', '3004', '2945', '2756', '2694', '3040', '2913', '3096', '2905', '3078', '2953', '990', '3168', '3304', '3406', '3366', '3162', '2869', '3233', '3019', '2892', '3001', '2775', '3100', '3295', '3412', '3331', '2906', '2924', '2741', '3232', '3324', '2745', '3047', '2827', '3220', '3077', '3007', '3120', '3344', '3086', '3207', '3154', '3285', '2951', '3176', '3391', '3038', '3224', '3420', '3252', '3223', '3321', '2728', '2839', '2867', '2974', '2943', '2940', '3056', '2920', '2927', '2866', '2966', '2986', '2985', '3243', '2880', '2706', '2897', '2777', '2896', '2946', '3117', '2750', '3195', '2754', '2960', '3426', '3033', '2910', '2919', '3387', '3054', '3390', '3399', '2800', '2806', '3184', '2835', '3226', '2763', '2864', '2757', '3286', '2749', '2912', '3213', '2909', '2669', '3085', '3023', '3149', '3163', '2872', '3022', '3129', '2854', '3142', '3303', '3301', '2761', '2673', '2676', '3098', '3284', '3065', '3064', '3108', '2978', '2680', '3228', '2850', '3052', '2663', '3294', '3234', '3231', '3111', '3214', '2780', '2668', '2914', '3263', '3136', '3395', '2996', '3097', '2958', '2911', '3250', '2717', '2705', '3255', '3140', '3146', '3148', '3386', '3299', '3204', '3341', '3416', '3415', '3419', '3187', '2901', '2904', '2908', '2832', '3397', '3087', '3081', '2751', '3239', '3381', '2955', '2984', '3124', '3049', '2665', '2662', '2939', '2932', '3169', '3369', '3365', '3360', '3431', '3185', '3186', '2748', '3188', '3221', '3046', '3034', '2991', '3035', '2785', '2784', '2787', '2781', '2783', '3160', '3260', '3267', '2675', '2674', '2921', '3215', '3211', '3212', '3219', '2813', '2812', '2819', '3178', '3072', '3177', '2950', '3379', '3377', '3041', '3020', '3107', '3385', '3422', '3196', '3193', '3191', '3198', '2836', '2686', '3206', '3203', '3201', '3209', '2863', '2865', '3225', '2690', '3237', '2871', '3351', '2768', '2796', '2734', '2730', '2733', '2739', '2795', '2846', '2844', '2845', '2843', '2840', '2841', '3327', '2999', '2992', '2720', '3259', '2853', '2989', '3342', '2712', '2711', '2716', '2715', '3346', '2718', '3345', '2829', '3248', '3247', '3302', '3018', '3013', '3016', '3017', '2881', '3274', '3272', '3273', '2702', '3277', '3319', '3313', '3316', '3002', '3070', '3005', '2770', '2772', '3265', '3264', '3075', '3102', '2765', '2764', '3253', '3256', '3296', '3297', '3062', '3115', '3113', '3337', '3335', '2753', '2758', '2976', '3027', '2942', '2893', '2968', '3393', '2794', '3413', '2998', '2722', '2980', '3217', '3192', '2804', '2818', '2882', '3067', '3058', '3175', '3194', '2903', '3134', '3006', '3099', '3408', '3071', '2746', '3183', '3031', '2789', '2807', '3130', '2917', '2852', '3436', '3069', '3024', '3161', '3323', '3042', '3153', '2963', '2798', '3044', '2922', '3121', '2790', '2808', '2884', '2971', '3094', '3235', '3144', '2811', '3088', '2878', '2847', '3328', '2855', '3249', '3270', '2802', '2826', '3407', '3409', '2979', '2677', '2923', '3375', '2688', '2693', '2725', '2714', '2883', '3165', '3268', '2941', '1405', '1883', '991', '1178', '1758', '1088', '1034', '987', '2682', '2692', '3356', '3359', '2779', '3068', '3334', '3332', '3367', '2965', '3039', '3199', '2737', '2995', '3254', '3343', '3242', '3306', '2707', '2895', '2947', '3112', '3289', '3281', '2752', '2962', '2820', '3091', '3159', '3125', '2934', '3133', '3210', '3373', '2860', '2868', '2697', '2696', '2721', '2671', '3015', '2824', '3404', '3236', '2918', '3418', '2744', '3156', '2816', '3402', '2938', '2964', '3032', '3167', '2801', '2926', '3173', '3376', '3429', '3427', '3425', '3358', '3338', '3401', '2713', '3410', '3103', '2990', '3241', '3371', '3093', '2900', '2830', '3380', '3370', '3421', '3197', '2870', '3357', '2735', '3246', '3244', '3307', '2709', '2803', '3110', '3279', '3305', '3009', '3432', '3138', '3374', '2685', '3308', '2831', '3398', '3171', '3405', '3048', '3276', '3189', '3043', '3109', '2687', '3205', '3208', '2747', '2876', '3352', '2848', '2727', '3340', '2791', '2700', '3266', '2957', '2760', '3061', '3388', '3414', '2809', '3092', '2726', '2891', '3139', '3315', '2837', '2851', '3300', '3030', '2967', '3430', '3269', '3392', '3229', '2888', '3095', '2948', '3317', '3333', '2769', '2710', '3143', '2961', '3045', '3059', '3428', '3202', '2695', '3227', '2899', '2952', '2759', '1670', '1779', '1501', '1441', '1666', '1905', '1050', '1055', '1171', '1822', '1058', '1476', '1486', '1656', '1434', '973', '1505', '1283', '1477', '1266', '1544', '1461', '1317', '929', '1387', '923', '1641', '1642', '1726', '1077', '1421', '1585', '1033', '1860', '1450', '1534', '1150', '1676', '1410', '1411', '1325', '1588', '1328', '1593', '1445', '1187', '1098', '1203', '950', '1251', '1564', '2822', '3222', '2678', '3245', '3278', '3164', '3361', '3057', '1140', '1792', '1701', '1087', '996', '1193', '1301', '1838', '1297', '1031', '1558', '2889', '2858', '2959', '3382', '2670', '3423', '2767', '2703', '3008', '3318', '3155', '3309', '2972', '3311', '3314', '2879', '3325', '2982', '2954', '2762', '3326', '2933', '3383', '3389', '3151', '3157', '3083', '3128', '3126', '2667', '2935', '3368', '3424', '3190', '3349', '2699', '2736', '3322', '3329', '2997', '2723', '2859', '2856', '2834', '3028', '2983', '2949', '3012', '2886', '3310', '3312', '2771', '2805', '2898', '3292', '3063', '3066', '3336', '3283', '2825', '3050', '961', '918', '1206', '1560', '1866', '1494', '1705', '1061', '900', '908', '1908', '1174', '928', '1518', '1038', '1537', '1856']
Cluster-2 Total nodes: 753 ['2152', '2162', '2126', '1912', '2236', '2146', '2231', '2107', '1960', '2085', '2341', '2325', '1964', '2371', '2313', '2156', '2091', '2173', '2540', '2299', '2655', '2654', '2093', '2323', '2381', '2526', '2326', '2324', '1943', '2484', '2485', '1946', '2407', '2404', '2244', '2464', '2467', '2462', '2030', '2468', '2499', '2551', '2552', '2553', '2554', '2559', '2492', '2495', '2410', '2395', '2600', '2142', '2140', '2257', '2064', '2477', '1925', '1929', '2546', '2549', '2172', '2078', '2386', '2073', '2077', '2074', '2604', '1986', '2607', '2601', '2602', '2258', '2060', '1938', '2520', '2578', '2253', '2165', '2376', '2370', '2616', '2615', '2590', '2591', '2611', '2593', '2290', '2619', '1984', '1985', '1983', '2560', '2563', '2564', '2118', '2369', '2112', '2363', '2115', '2624', '2625', '1918', '1917', '1997', '2359', '2339', '2103', '2356', '2354', '2104', '2586', '2433', '2630', '2347', '2340', '2131', '1966', '1962', '2139', '2037', '2033', '2543', '2542', '2646', '2352', '2121', '2331', '2334', '2005', '2311', '2261', '2266', '2446', '2046', '2045', '2043', '2188', '2309', '2308', '2275', '2276', '2271', '2056', '2059', '2190', '2200', '2206', '2428', '2423', '1979', '1971', '2213', '2212', '2210', '2218', '2430', '2507', '2504', '2500', '1941', '2090', '2220', '2088', '2083', '2539', '2154', '2150', '1953', '1993', '2414', '2233', '2237', '2659', '2658', '2327', '2328', '2010', '2461', '2463', '2297', '1951', '2498', '2555', '2491', '2068', '2143', '2149', '2250', '2475', '2472', '2471', '1926', '1927', '1718', '2176', '2174', '2072', '2289', '1931', '1935', '2571', '2169', '2377', '2594', '2292', '2598', '2294', '2199', '2368', '2111', '2365', '2116', '2117', '2620', '2582', '2629', '2588', '1919', '1916', '2241', '2024', '2102', '2585', '2627', '2344', '1968', '2133', '2343', '2138', '2032', '2649', '2640', '2125', '2336', '2338', '2128', '2009', '2268', '2264', '1999', '1577', '2273', '2052', '2054', '1973', '1972', '1945', '2196', '2202', '2203', '1921', '2180', '2187', '2509', '2508', '1948', '1940', '1947', '2224', '2087', '2538', '2151', '2153', '136', '2459', '1976', '1928', '2018', '1465', '2129', '2488', '2335', '2317', '2440', '2448', '2047', '1975', '2412', '2160', '2283', '2628', '2366', '2361', '2035', '2069', '2071', '2179', '2408', '2101', '2489', '2482', '2345', '2346', '2406', '2124', '2127', '2537', '2653', '2657', '2348', '2157', '2011', '2061', '2067', '2123', '2122', '1914', '2020', '2021', '2022', '1963', '2332', '2333', '2480', '2652', '2246', '2240', '2242', '2243', '2465', '2460', '2469', '2062', '2063', '2025', '2660', '2293', '2296', '2567', '2566', '2367', '2364', '2362', '2583', '2581', '2425', '2342', '2159', '2109', '2108', '2639', '2638', '2637', '2636', '2631', '2633', '2031', '2039', '2038', '2322', '2329', '2557', '2494', '2497', '2259', '2254', '2476', '2474', '2473', '2479', '2478', '2075', '2561', '1981', '1988', '1989', '2330', '2353', '2350', '2351', '2355', '2136', '2137', '2134', '2135', '2132', '2648', '2642', '2643', '2644', '2645', '2647', '2589', '2002', '2003', '2000', '2001', '2006', '2007', '2004', '2318', '2319', '2315', '2267', '2447', '2445', '2449', '2189', '2044', '2042', '2040', '2049', '1991', '1998', '2300', '2303', '2302', '2304', '2307', '2306', '2274', '2272', '2279', '2278', '2337', '2458', '2451', '2053', '2055', '2057', '2058', '2065', '2191', '2192', '2194', '2198', '2201', '2209', '2429', '2420', '2427', '2518', '2519', '1980', '2516', '2510', '2511', '2512', '1970', '2183', '2211', '2216', '2215', '2214', '2436', '2435', '2434', '2506', '2502', '2501', '1944', '2098', '2247', '2228', '2229', '2226', '2225', '2222', '2223', '2221', '2081', '2086', '2084', '2532', '2533', '2530', '2536', '2155', '2409', '1955', '1957', '1959', '1958', '2284', '2144', '2417', '2418', '1994', '2239', '2232', '2235', '2234', '2184', '2097', '2092', '2525', '2521', '2529', '2147', '2145', '2415', '2141', '2419', '2148', '2411', '1920', '1923', '1987', '2438', '2432', '2416', '2550', '2556', '2396', '2397', '2394', '2392', '2393', '2390', '2391', '2398', '2399', '2171', '2606', '2603', '2608', '2609', '1932', '1939', '1995', '2547', '2544', '2383', '2385', '2384', '2387', '2389', '1942', '2164', '2161', '2163', '2617', '2613', '2612', '2610', '2597', '2280', '2282', '2285', '2286', '2287', '2579', '2576', '2574', '2575', '2573', '2378', '2379', '2374', '2372', '2592', '2110', '2623', '2626', '2026', '2027', '2023', '2028', '2029', '1967', '2380', '2568', '2596', '2095', '2524', '2252', '2177', '2096', '2493', '2641', '1952', '2298', '2452', '1913', '2014', '2016', '1950', '2400', '2312', '2531', '2413', '2019', '2584', '2262', '2442', '2013', '2569', '2012', '2050', '1969', '2483', '2457', '2195', '2208', '2527', '2522', '2595', '2106', '1996', '2017', '2565', '2079', '2470', '2269', '2048', '1954', '2249', '2295', '2635', '2496', '2305', '2605', '2572', '2599', '2051', '2099', '2100', '2358', '2263', '2441', '2422', '2431', '2230', '2528', '2066', '2651', '2291', '2036', '2256', '2265', '2270', '2453', '2514', '2517', '2182', '2219', '2505', '1977', '1974', '2288', '2545', '2349', '2650', '2466', '2401', '2320', '2490', '2255', '2076', '1982', '1992', '2443', '2444', '2454', '2207', '2426', '2515', '2513', '2486', '1924', '2170', '2622', '2008', '2301', '2535', '2487', '2481', '2245', '2634', '2034', '2321', '2178', '2041', '2456', '2204', '2421', '2437', '1961', '1956', '2094', '2541', '2382', '2168', '2167', '2281', '2248', '2015', '2388', '2357', '2373', '1990', '1949', '2082', '2405', '2238', '2070', '2455', '2197', '2424', '2181', '2089', '1922', '2577', '2570', '2360', '2587', '2105', '1965', '1933', '2120', '2614', '2656', '2119', '1915', '2403', '2193', '2562', '2632', '2251', '1930', '1937', '1936', '1934', '2402', '2130', '2580', '2316', '2314', '2310', '2260', '2277', '2450', '2205', '1978', '2186', '2217', '2503', '2227', '2080', '2534', '2158', '2185', '2523', '2439', '2558', '2175', '2548', '2166', '2618', '2375', '2114', '2621', '2113']
Cluster-3 Total nodes: 741 ['1326', '1202', '1064', '1356', '939', '1453', '1910', '1478', '1671', '1743', '1575', '1234', '1831', '931', '1794', '1495', '1497', '917', '1703', '1704', '1706', '1060', '1062', '1067', '1066', '913', '1661', '1082', '1081', '1120', '1121', '1127', '1106', '1104', '1408', '1018', '1019', '1014', '1015', '1010', '1011', '1235', '1236', '1237', '1231', '902', '905', '1245', '1247', '1246', '484', '1109', '1783', '1189', '1906', '1907', '1904', '1903', '1188', '1396', '1625', '1624', '1628', '1294', '994', '1051', '1052', '1192', '1691', '1756', '1751', '1170', '1273', '1275', '1179', '1885', '1884', '1881', '1284', '1286', '1281', '949', '944', '942', '940', '941', '1472', '1190', '1573', '1479', '1576', '1304', '1306', '1300', '1303', '1308', '1309', '1830', '914', '1374', '933', '936', '1241', '1229', '1228', '1828', '1709', '1699', '376', '1279', '1482', '1481', '1487', '1489', '1716', '1715', '1379', '1650', '1655', '1630', '1139', '1131', '1277', '1436', '1432', '924', '1438', '1638', '1009', '1001', '1348', '1226', '1225', '1221', '1343', '1345', '1347', '1876', '1875', '1872', '1873', '1870', '1871', '1878', '977', '976', '975', '971', '1502', '1503', '1500', '1507', '1504', '651', '1508', '1227', '919', '1282', '1848', '1115', '1473', '1611', '1578', '1475', '1041', '1044', '1681', '1680', '1682', '1686', '1767', '1764', '1261', '1260', '1545', '1543', '1541', '1404', '1469', '1464', '1462', '1316', '1315', '1311', '1310', '1400', '1824', '1820', '1406', '414', '1381', '1382', '1183', '1338', '363', '389', '1647', '1728', '1725', '1649', '1350', '1072', '1167', '1423', '1425', '1426', '1429', '1428', '1373', '1032', '1036', '1037', '1035', '1217', '1357', '1355', '1862', '1392', '962', '1129', '1729', '968', '969', '1454', '1451', '1515', '1459', '1512', '1159', '1844', '1158', '1815', '1812', '1818', '1531', '896', '898', '1606', '353', '1781', '1536', '1785', '1786', '1770', '1444', '1679', '1677', '1672', '1673', '1095', '1100', '1155', '1099', '1292', '1550', '1412', '1448', '1415', '538', '1322', '988', '989', '1324', '981', '984', '1859', '1850', '1857', '1525', '1526', '420', '1529', '1258', '1259', '1413', '1582', '1583', '1841', '954', '1320', '1587', '1738', '1633', '1634', '1635', '1636', '1732', '1108', '566', '1595', '1596', '1591', '1592', '1025', '1021', '1020', '1349', '1740', '1742', '1166', '606', '601', '1204', '1899', '1894', '1897', '1893', '1215', '957', '1569', '1298', '1299', '1102', '475', '1807', '1801', '1366', '348', '561', '465', '567', '559', '378', '373', '391', '542', '544', '400', '412', '436', '434', '513', '515', '514', '500', '496', '492', '591', '669', '497', '493', '404', '419', '520', '473', '444', '422', '482', '506', '507', '560', '461', '614', '463', '479', '557', '553', '408', '370', '374', '392', '397', '395', '417', '367', '388', '537', '524', '525', '527', '438', '432', '430', '431', '503', '604', '487', '630', '402', '460', '555', '394', '548', '368', '523', '423', '511', '451', '452', '570', '456', '609', '683', '512', '545', '415', '360', '387', '488', '556', '409', '398', '439', '678', '645', '471', '546', '369', '531', '510', '421', '504', '455', '653', '396', '519', '458', '547', '481', '355', '354', '359', '592', '583', '644', '573', '579', '654', '636', '619', '617', '680', '445', '593', '1646', '377', '365', '1169', '1249', '1147', '1362', '935', '1007', '945', '1295', '1887', '1417', '384', '571', '552', '610', '581', '642', '648', '535', '448', '447', '550', '358', '446', '539', '405', '676', '410', '361', '1492', '1194', '1658', '1046', '1586', '1364', '425', '477', '435', '554', '518', '485', '516', '459', '457', '656', '671', '385', '673', '390', '450', '652', '429', '530', '562', '1141', '1248', '1759', '1474', '937', '1134', '1000', '974', '1264', '1640', '1840', '498', '406', '401', '453', '379', '443', '383', '386', '411', '468', '467', '472', '356', '1446', '1773', '1490', '1660', '1012', '1631', '1430', '1223', '629', '1506', '1602', '1853', '1397', '1727', '1296', '965', '1013', '1244', '943', '1042', '1143', '1777', '1090', '1093', '1152', '1418', '986', '985', '1748', '1749', '1869', '494', '416', '462', '352', '536', '469', '357', '375', '509', '505', '424', '486', '551', '380', '381', '540', '499', '532', '437', '572', '1829', '1212', '1901', '1696', '1372', '1762', '1268', '1385', '1342', '1455', '1814', '1094', '1154', '1731', '1599', '1745', '1443', '1162', '1566', '1200', '964', '1065', '1667', '1664', '1847', '1274', '1307', '1708', '1698', '1719', '1136', '1433', '1005', '970', '1073', '1089', '1615', '1579', '1144', '1825', '1168', '1213', '1855', '1739', '1023', '1354', '596', '1103', '1414', '1022', '639', '679', '584', '574', '655', '677', '589', '663', '620', '618', '616', '666', '664', '660', '672', '590', '597', '598', '588', '621', '626', '625', '575', '657', '631', '633', '605', '603', '612', '611', '685', '684', '682', '623', '622', '3857', '3892', '3441', '3819', '3939', '3567', '3745', '3595', '3871', '3874', '3445', '3905', '3624', '3490', '3811', '3657', '3727', '3682', '3863', '3531', '3536', '3917', '3912', '3949', '3546', '3541', '3549', '3812', '3814', '3606', '3739', '3771', '3679', '3580', '3585', '3806', '3894', '3963', '3447', '3446', '1510', '649', '1276', '427', '34', '508', '558', '549', '543', '541', '534', '426', '433', '407', '634', '480', '528', '449', '442', '350', '569', '173', '166', '440', '490', '491', '413', '586', '587', '502', '646', '489', '521', '565', '403', '418', '474', '495', '349', '362', '371', '522', '382', '372', '533', '568', '464', '466', '529', '470', '478']
Cluster-4 Total nodes: 516 ['1765', '1622', '1278', '107', '927', '980', '1329', '1621', '1126', '1480', '1639', '1312', '1589', '1810', '1637', '1059', '1075', '1819', '1584', '1255', '1520', '1334', '1675', '1467', '1460', '1123', '1522', '947', '897', '1352', '1272', '1730', '1590', '1842', '1644', '1782', '1026', '1643', '1528', '1048', '1846', '1791', '1250', '1851', '1835', '921', '1243', '1813', '1513', '1420', '1195', '1175', '1003', '1570', '1377', '1376', '1509', '1614', '1612', '1613', '1768', '1761', '1080', '1427', '1070', '1694', '1695', '1692', '1565', '1358', '1313', '580', '1790', '1318', '1514', '1332', '483', '1882', '1113', '1645', '948', '641', '1744', '1574', '1616', '1763', '1766', '1142', '1549', '366', '1778', '428', '930', '517', '1210', '915', '637', '563', '1720', '1114', '1305', '1269', '1302', '1789', '1267', '1833', '1079', '1076', '1839', '932', '997', '1092', '1793', '1796', '1491', '967', '1068', '1017', '1707', '1827', '1823', '1669', '1663', '925', '1416', '1128', '1086', '1124', '1230', '1712', '1717', '1714', '1409', '1659', '1523', '1652', '1402', '916', '1391', '1390', '1339', '1335', '1336', '1331', '1330', '906', '1431', '1843', '1724', '1722', '1845', '1662', '1242', '1004', '1539', '1683', '1340', '1877', '978', '1902', '1879', '1632', '1736', '1214', '1861', '1597', '1040', '1867', '1598', '960', '1184', '1185', '1456', '1457', '1746', '1516', '1741', '1209', '1163', '1799', '1891', '993', '953', '952', '1447', '1117', '1290', '1563', '1291', '1517', '1795', '1888', '1886', '1047', '1603', '1685', '1689', '1688', '1653', '1435', '1620', '1199', '1753', '1752', '1750', '1289', '1288', '1571', '1222', '1370', '1344', '1110', '1367', '1610', '1146', '1149', '1540', '1388', '1380', '1849', '1107', '1608', '1600', '1605', '1604', '1156', '1153', '1554', '1557', '1559', '1399', '1804', '1800', '959', '1359', '983', '1256', '1101', '1006', '1285', '1868', '1809', '1238', '1488', '1049', '1524', '1112', '1757', '1572', '1375', '526', '1471', '1054', '1160', '1257', '1148', '1398', '1496', '1702', '1668', '1665', '1083', '1122', '1125', '1337', '903', '901', '1538', '1909', '1623', '1626', '995', '1056', '1191', '1754', '1173', '1172', '1271', '1287', '1280', '946', '1470', '1832', '1837', '1371', '934', '1393', '1483', '1485', '1132', '1130', '1135', '1437', '1341', '1911', '1617', '1798', '1687', '1547', '1542', '1548', '1118', '999', '1826', '1389', '1182', '1721', '1580', '1211', '1216', '1351', '1863', '1864', '966', '1452', '1723', '1895', '1816', '1811', '1533', '1532', '1530', '1609', '1619', '1198', '1787', '1774', '1772', '1535', '1074', '1097', '1293', '1551', '1553', '1555', '1449', '1323', '1327', '982', '1407', '1733', '1735', '1734', '1737', '1024', '1029', '1028', '1180', '1181', '1205', '1207', '1201', '1898', '1078', '1219', '1365', '1360', '1361', '1369', '1151', '1678', '1700', '1091', '1401', '1713', '1651', '1618', '1771', '1133', '1071', '1253', '1654', '899', '1442', '1164', '1239', '1116', '1484', '920', '1439', '1874', '1463', '1797', '904', '1755', '1176', '1834', '911', '1224', '1145', '1263', '1854', '1594', '1521', '1697', '1008', '1383', '1353', '1865', '1157', '1552', '1395', '1394', '1498', '1627', '1270', '1711', '1002', '1220', '1346', '998', '1208', '1105', '1027', '1890', '1808', '910', '1053', '1422', '912', '1657', '1776', '907', '1057', '1690', '1138', '979', '1546', '1403', '1607', '1775', '1896', '956', '1562', '1218', '1499', '1016', '1119', '1466', '1386', '1581', '1096', '992', '1493', '1232', '1333', '1629', '1880', '1137', '1468', '1314', '1319', '1648', '1424', '938', '1378', '963', '1601', '1784', '1568', '1186', '1747', '1892', '958', '1802', '1363', '972', '1069', '1900', '1063', '1084', '1458', '1519', '1196', '1836', '1710', '922', '926', '1265', '1821', '1817', '1780', '1674', '1556', '1419', '1769', '1858', '1852', '1527', '1321', '1039', '1805', '1165', '1161', '951', '1440', '1561', '1240', '1693', '1760', '1262', '1254', '1233', '909', '1111', '1197', '1889', '1177', '1043', '1045', '1384', '1030', '1788', '1252', '955', '1368']
Cluster-5 Total nodes: 479 ['3498', '3629', '3715', '3615', '3713', '3455', '3636', '3862', '3599', '3867', '3921', '3728', '3722', '3705', '3437', '3835', '3740', '3521', '3907', '1085', '1567', '1806', '1803', '1511', '3710', '3698', '3505', '3526', '3753', '3496', '3850', '3590', '3442', '3553', '3508', '3500', '3608', '3776', '3886', '3545', '3918', '3714', '3706', '3569', '3519', '3826', '3822', '3759', '3534', '3794', '3793', '3906', '3869', '3486', '3924', '3463', '3926', '3927', '3571', '3557', '3555', '3554', '3550', '3499', '3559', '3558', '3852', '3851', '3858', '3493', '3810', '3672', '3670', '3677', '3674', '3584', '3586', '3587', '3743', '3804', '3800', '3803', '3456', '3458', '3891', '3896', '3509', '3966', '3962', '3960', '3968', '3969', '3634', '3635', '3633', '3469', '3538', '3468', '3702', '3707', '3797', '3791', '3790', '3836', '3837', '3831', '3833', '3838', '3930', '3933', '3563', '3564', '3568', '3841', '3842', '3845', '3450', '3667', '3662', '3747', '3741', '3593', '3591', '3596', '3690', '3692', '3693', '3697', '3870', '3873', '3877', '3527', '3525', '3828', '3528', '3529', '3884', '3881', '3448', '3440', '3443', '3900', '3902', '3903', '3909', '3971', '3972', '3628', '3623', '3625', '3627', '3471', '3711', '3497', '3495', '3719', '3718', '3491', '3656', '3651', '3449', '3825', '3824', '3821', '3943', '3945', '3829', '3947', '3474', '3475', '3578', '3473', '3577', '3576', '3478', '3573', '3611', '3612', '3617', '3750', '3752', '3757', '3756', '862', '3725', '3721', '3683', '3680', '3687', '3684', '3868', '3761', '3860', '3866', '3535', '3830', '3938', '3438', '3948', '3480', '3915', '3913', '3931', '3540', '3542', '3758', '3618', '3760', '3488', '3762', '3764', '3768', '3485', '3648', '3646', '3645', '3643', '3642', '3640', '3951', '3957', '3956', '3466', '3464', '3462', '3460', '3501', '3506', '3602', '3601', '3605', '3604', '3609', '3738', '3737', '3734', '3731', '3730', '3782', '3786', '3785', '3774', '3779', '3518', '3511', '3510', '3517', '3514', '3955', '3832', '3914', '3959', '3452', '3681', '3556', '3592', '3688', '3454', '3847', '3888', '3660', '3732', '3678', '3890', '3704', '3650', '3820', '3941', '3805', '3796', '3889', '3712', '3658', '3940', '3543', '3859', '3582', '3808', '3630', '3849', '3444', '3544', '3676', '3897', '3846', '3665', '3661', '3746', '3652', '3729', '3489', '3675', '3899', '3965', '3708', '3701', '3975', '3476', '3579', '3910', '3465', '3694', '3801', '3856', '3853', '3748', '3453', '3451', '3709', '3798', '3935', '3885', '3974', '3816', '3929', '3492', '3637', '3795', '3560', '3565', '3744', '3691', '3908', '3970', '3717', '3880', '3477', '3574', '3686', '3533', '3548', '3619', '3467', '3603', '3769', '3778', '3876', '3470', '3472', '3840', '3666', '3815', '3735', '3977', '3802', '3663', '3773', '3827', '3685', '3588', '3936', '3597', '3598', '3865', '3482', '3644', '3607', '3494', '3925', '3551', '3673', '3583', '3893', '3895', '3961', '3937', '3561', '3566', '3668', '3904', '3942', '3723', '3861', '3530', '3539', '3742', '3487', '3954', '3504', '3600', '3733', '3664', '3922', '3923', '3920', '3854', '3749', '3809', '3807', '3967', '3964', '3632', '3696', '3879', '3875', '3887', '3901', '3655', '3653', '3751', '3720', '3537', '3766', '3641', '3783', '3787', '3789', '3572', '3763', '3818', '3855', '3671', '3459', '3631', '3792', '3834', '3843', '3878', '3524', '3882', '3973', '3976', '3620', '3622', '3823', '3614', '3754', '3724', '3726', '3532', '3767', '3483', '3958', '3507', '3946', '3781', '3784', '3770', '3777', '3515', '3928', '3552', '3589', '3457', '3703', '3934', '3872', '3522', '3520', '3979', '3978', '3621', '3626', '3659', '3654', '3944', '3575', '3610', '3755', '3689', '3916', '3839', '3547', '3765', '3484', '3817', '3953', '3950', '857', '3461', '3503', '3736', '3780', '3788', '3772', '3775', '3512', '868', '865']
Cluster-6 Total nodes: 325 ['156', '258', '0', '5', '67', '188', '85', '295', '272', '122', '9', '23', '40', '291', '98', '257', '161', '141', '323', '75', '199', '194', '197', '196', '39', '31', '30', '339', '334', '331', '330', '332', '238', '239', '236', '231', '232', '1', '146', '144', '142', '143', '140', '148', '149', '133', '132', '130', '137', '135', '134', '24', '25', '26', '20', '21', '22', '28', '29', '88', '82', '181', '80', '87', '84', '7', '180', '2', '186', '187', '184', '185', '10', '13', '14', '17', '19', '62', '322', '320', '324', '325', '329', '200', '203', '204', '73', '72', '79', '121', '128', '318', '313', '312', '310', '315', '314', '3', '252', '65', '66', '69', '214', '212', '213', '211', '4', '281', '280', '285', '284', '261', '266', '268', '115', '116', '111', '113', '119', '118', '308', '309', '304', '48', '41', '345', '346', '341', '342', '343', '298', '299', '297', '290', '271', '274', '275', '276', '277', '278', '108', '109', '103', '101', '104', '105', '45', '99', '92', '94', '265', '246', '242', '249', '248', '178', '177', '176', '175', '172', '170', '251', '254', '168', '169', '165', '326', '59', '57', '56', '53', '55', '303', '50', '36', '302', '227', '226', '225', '224', '223', '222', '150', '159', '158', '123', '127', '96', '139', '300', '311', '317', '344', '27', '16', '208', '120', '106', '54', '125', '333', '183', '282', '287', '114', '43', '292', '244', '235', '191', '33', '35', '131', '86', '316', '68', '263', '46', '42', '296', '102', '321', '195', '234', '328', '209', '74', '78', '60', '63', '218', '306', '273', '164', '221', '152', '126', '38', '138', '89', '207', '206', '77', '129', '319', '219', '260', '117', '347', '340', '294', '95', '160', '327', '154', '6', '147', '247', '153', '192', '336', '233', '145', '205', '215', '210', '283', '262', '305', '49', '90', '241', '179', '256', '255', '52', '228', '220', '32', '337', '230', '182', '71', '70', '216', '289', '307', '112', '44', '293', '279', '93', '97', '243', '174', '253', '167', '162', '151', '245', '259', '8', '91', '190', '193', '37', '335', '237', '201', '76', '124', '61', '288', '267', '264', '83', '270', '240', '338', '250', '110', '51', '229', '155', '157']
Cluster-7 Total nodes: 202 ['698', '883', '882', '881', '708', '745', '885', '747', '858', '889', '888', '703', '880', '804', '887', '823', '886', '830', '697', '878', '879', '874', '871', '810', '811', '753', '890', '774', '893', '894', '895', '719', '772', '713', '856', '803', '805', '869', '800', '840', '861', '863', '864', '867', '866', '884', '828', '825', '686', '776', '729', '876', '819', '872', '873', '870', '769', '797', '730', '724', '814', '824', '827', '781', '849', '755', '760', '762', '705', '706', '700', '722', '752', '795', '794', '696', '694', '731', '737', '723', '718', '715', '758', '711', '773', '845', '695', '726', '720', '738', '853', '813', '815', '817', '829', '820', '799', '834', '784', '787', '847', '842', '751', '748', '701', '764', '763', '739', '770', '716', '793', '765', '728', '792', '809', '807', '688', '831', '687', '837', '838', '780', '783', '848', '754', '741', '835', '843', '759', '779', '709', '782', '766', '693', '778', '846', '844', '727', '777', '826', '818', '710', '733', '734', '768', '756', '761', '736', '833', '690', '850', '816', '742', '746', '812', '767', '691', '714', '712', '707', '702', '796', '791', '839', '786', '789', '732', '725', '740', '771', '689', '808', '806', '821', '822', '836', '743', '699', '854', '757', '785', '841', '749', '775', '801', '798', '859', '877', '852', '717', '855', '735', '692', '790', '721', '851', '832', '704', '788', '750', '744', '802']
Cluster-8 Total nodes: 63 ['667', '594', '668', '674', '585', '624', '607', '602', '608', '638', '613', '4011', '3989', '3980', '4031', '3991', '4038', '4013', '4027', '3981', '3982', '3983', '4026', '4025', '4023', '4020', '4021', '4028', '4029', '3997', '3996', '3995', '3994', '3990', '3999', '3998', '4030', '4033', '4032', '4034', '4037', '4036', '4005', '3993', '3992', '4017', '4009', '4000', '4001', '4002', '4003', '4004', '4006', '4007', '4019', '4018', '4012', '4016', '4014', '3988', '3985', '3986', '3987']
Cluster-9 Total nodes: 24 ['665', '661', '578', '675', '670', '595', '599', '582', '640', '643', '627', '628', '577', '576', '650', '659', '632', '635', '600', '615', '681', '662', '647', '658']
Cluster-10 Total nodes: 20 ['3581', '3898', '3639', '3700', '3562', '3669', '3594', '3695', '3523', '3883', '3479', '3613', '3864', '3481', '3911', '3919', '3649', '3813', '3502', '3516']
Cluster-11 Total nodes: 19 ['171', '58', '81', '189', '64', '217', '286', '269', '301', '47', '100', '163', '2814', '2838', '2740', '3290', '2885', '2704', '3003']
Cluster-12 Total nodes: 17 ['3141', '3053', '3122', '2788', '3216', '3218', '2861', '3230', '3354', '2799', '2842', '2857', '3200', '2975', '3271', '2776', '3105']
Cluster-13 Total nodes: 15 ['198', '11', '12', '15', '18', '202', '364', '393', '399', '441', '454', '501', '351', '564', '476']
Cluster-14 Total nodes: 13 ['3638', '3799', '3932', '3844', '3848', '3699', '3716', '3616', '3439', '3647', '3952', '3570', '3513']
Cluster-15 Total nodes: 13 ['3127', '3037', '3055', '2817', '2691', '2792', '3147', '2774', '3074', '860', '892', '891', '875']
Cluster-16 Total nodes: 9 ['2902', '2930', '3180', '3181', '3131', '3372', '2732', '3251', '3282']
Cluster-17 Total nodes: 7 ['4024', '4022', '4010', '4035', '4008', '4015', '3984']

level-3 completes in 682.183635
Cluster-1 Total nodes: 868 ['2729', '2773', '2929', '2907', '2928', '3417', '3000', '2810', '3166', '2944', '2821', '3293', '3384', '2786', '2887', '3104', '3026', '2981', '3433', '3435', '3362', '3257', '3025', '3084', '2915', '2698', '2766', '3135', '3400', '3137', '3073', '3363', '2956', '3158', '2977', '3394', '2988', '3119', '3036', '3114', '2890', '3364', '3090', '2755', '1684', '3123', '2679', '3010', '2689', '2683', '2862', '2743', '3089', '3080', '2873', '2877', '2874', '2731', '2738', '2993', '2994', '2973', '2828', '3145', '3411', '2823', '2793', '3434', '3021', '2742', '2661', '3051', '2936', '2937', '3152', '3403', '3330', '3288', '3287', '2970', '3172', '2833', '3280', '3179', '3116', '3378', '3132', '3170', '3396', '2672', '2797', '3150', '2684', '3082', '2875', '3355', '3350', '3353', '2849', '3320', '2724', '3258', '2719', '3347', '3240', '3011', '3118', '2708', '2701', '2894', '3182', '2778', '3076', '3261', '3262', '3079', '3106', '3101', '3298', '3291', '3060', '3275', '2815', '2782', '2666', '2664', '2916', '2925', '2931', '3174', '3238', '2681', '3348', '2969', '3339', '3029', '2987', '3014', '3004', '2945', '2756', '2694', '3040', '2913', '3096', '2905', '3078', '2953', '990', '3168', '3304', '3406', '3366', '3162', '2869', '3233', '3019', '2892', '3001', '2775', '3100', '3295', '3412', '3331', '2906', '2924', '2741', '3232', '3324', '2745', '3047', '2827', '3220', '3077', '3007', '3120', '3344', '3086', '3207', '3154', '3285', '2951', '3176', '3391', '3038', '3224', '3420', '3252', '3223', '3321', '2728', '2839', '2867', '2974', '2943', '2940', '3056', '2920', '2927', '2866', '2966', '2986', '2985', '3243', '2880', '2706', '2897', '2777', '2896', '2946', '3117', '2750', '3195', '2754', '2960', '3426', '3033', '2910', '2919', '3387', '3054', '3390', '3399', '2800', '2806', '3184', '2835', '3226', '2763', '2864', '2757', '3286', '2749', '2912', '3213', '2909', '2669', '3085', '3023', '3149', '3163', '2872', '3022', '3129', '2854', '3142', '3303', '3301', '2761', '2673', '2676', '3098', '3284', '3065', '3064', '3108', '2978', '2680', '3228', '2850', '3052', '2663', '3294', '3234', '3231', '3111', '3214', '2780', '2668', '2914', '3263', '3136', '3395', '2996', '3097', '2958', '2911', '3250', '2717', '2705', '3255', '3140', '3146', '3148', '3386', '3299', '3204', '3341', '3416', '3415', '3419', '3187', '2901', '2904', '2908', '2832', '3397', '3087', '3081', '2751', '3239', '3381', '2955', '2984', '3124', '3049', '2665', '2662', '2939', '2932', '3169', '3369', '3365', '3360', '3431', '3185', '3186', '2748', '3188', '3221', '3046', '3034', '2991', '3035', '2785', '2784', '2787', '2781', '2783', '3160', '3260', '3267', '2675', '2674', '2921', '3215', '3211', '3212', '3219', '2813', '2812', '2819', '3178', '3072', '3177', '2950', '3379', '3377', '3041', '3020', '3107', '3385', '3422', '3196', '3193', '3191', '3198', '2836', '2686', '3206', '3203', '3201', '3209', '2863', '2865', '3225', '2690', '3237', '2871', '3351', '2768', '2796', '2734', '2730', '2733', '2739', '2795', '2846', '2844', '2845', '2843', '2840', '2841', '3327', '2999', '2992', '2720', '3259', '2853', '2989', '3342', '2712', '2711', '2716', '2715', '3346', '2718', '3345', '2829', '3248', '3247', '3302', '3018', '3013', '3016', '3017', '2881', '3274', '3272', '3273', '2702', '3277', '3319', '3313', '3316', '3002', '3070', '3005', '2770', '2772', '3265', '3264', '3075', '3102', '2765', '2764', '3253', '3256', '3296', '3297', '3062', '3115', '3113', '3337', '3335', '2753', '2758', '2976', '3027', '2942', '2893', '2968', '3393', '2794', '3413', '2998', '2722', '2980', '3217', '3192', '2804', '2818', '2882', '3067', '3058', '3175', '3194', '2903', '3134', '3006', '3099', '3408', '3071', '2746', '3183', '3031', '2789', '2807', '3130', '2917', '2852', '3436', '3069', '3024', '3161', '3323', '3042', '3153', '2963', '2798', '3044', '2922', '3121', '2790', '2808', '2884', '2971', '3094', '3235', '3144', '2811', '3088', '2878', '2847', '3328', '2855', '3249', '3270', '2802', '2826', '3407', '3409', '2979', '2677', '2923', '3375', '2688', '2693', '2725', '2714', '2883', '3165', '3268', '2941', '1405', '1883', '991', '1178', '1758', '1088', '1034', '987', '2682', '2692', '3356', '3359', '2779', '3068', '3334', '3332', '3367', '2965', '3039', '3199', '2737', '2995', '3254', '3343', '3242', '3306', '2707', '2895', '2947', '3112', '3289', '3281', '2752', '2962', '2820', '3091', '3159', '3125', '2934', '3133', '3210', '3373', '2860', '2868', '2697', '2696', '2721', '2671', '3015', '2824', '3404', '3236', '2918', '3418', '2744', '3156', '2816', '3402', '2938', '2964', '3032', '3167', '2801', '2926', '3173', '3376', '3429', '3427', '3425', '3358', '3338', '3401', '2713', '3410', '3103', '2990', '3241', '3371', '3093', '2900', '2830', '3380', '3370', '3421', '3197', '2870', '3357', '2735', '3246', '3244', '3307', '2709', '2803', '3110', '3279', '3305', '3009', '3432', '3138', '3374', '2685', '3308', '2831', '3398', '3171', '3405', '3048', '3276', '3189', '3043', '3109', '2687', '3205', '3208', '2747', '2876', '3352', '2848', '2727', '3340', '2791', '2700', '3266', '2957', '2760', '3061', '3388', '3414', '2809', '3092', '2726', '2891', '3139', '3315', '2837', '2851', '3300', '3030', '2967', '3430', '3269', '3392', '3229', '2888', '3095', '2948', '3317', '3333', '2769', '2710', '3143', '2961', '3045', '3059', '3428', '3202', '2695', '3227', '2899', '2952', '2759', '1670', '1779', '1501', '1441', '1666', '1905', '1050', '1055', '1171', '1822', '1058', '1476', '1486', '1656', '1434', '973', '1505', '1283', '1477', '1266', '1544', '1461', '1317', '929', '1387', '923', '1641', '1642', '1726', '1077', '1421', '1585', '1033', '1860', '1450', '1534', '1150', '1676', '1410', '1411', '1325', '1588', '1328', '1593', '1445', '1187', '1098', '1203', '950', '1251', '1564', '2822', '3222', '2678', '3245', '3278', '3164', '3361', '3057', '1140', '1792', '1701', '1087', '996', '1193', '1301', '1838', '1297', '1031', '1558', '2889', '2858', '2959', '3382', '2670', '3423', '2767', '2703', '3008', '3318', '3155', '3309', '2972', '3311', '3314', '2879', '3325', '2982', '2954', '2762', '3326', '2933', '3383', '3389', '3151', '3157', '3083', '3128', '3126', '2667', '2935', '3368', '3424', '3190', '3349', '2699', '2736', '3322', '3329', '2997', '2723', '2859', '2856', '2834', '3028', '2983', '2949', '3012', '2886', '3310', '3312', '2771', '2805', '2898', '3292', '3063', '3066', '3336', '3283', '2825', '3050', '961', '918', '1206', '1560', '1866', '1494', '1705', '1061', '900', '908', '1908', '1174', '928', '1518', '1038', '1537', '1856', '3141', '3053', '3122', '2788', '3216', '3218', '2861', '3230', '3354', '2799', '2842', '2857', '3200', '2975', '3271', '2776', '3105', '171', '58', '81', '189', '64', '217', '286', '269', '301', '47', '100', '163', '2814', '2838', '2740', '3290', '2885', '2704', '3003', '2902', '2930', '3180', '3181', '3131', '3372', '2732', '3251', '3282']
Cluster-2 Total nodes: 753 ['2152', '2162', '2126', '1912', '2236', '2146', '2231', '2107', '1960', '2085', '2341', '2325', '1964', '2371', '2313', '2156', '2091', '2173', '2540', '2299', '2655', '2654', '2093', '2323', '2381', '2526', '2326', '2324', '1943', '2484', '2485', '1946', '2407', '2404', '2244', '2464', '2467', '2462', '2030', '2468', '2499', '2551', '2552', '2553', '2554', '2559', '2492', '2495', '2410', '2395', '2600', '2142', '2140', '2257', '2064', '2477', '1925', '1929', '2546', '2549', '2172', '2078', '2386', '2073', '2077', '2074', '2604', '1986', '2607', '2601', '2602', '2258', '2060', '1938', '2520', '2578', '2253', '2165', '2376', '2370', '2616', '2615', '2590', '2591', '2611', '2593', '2290', '2619', '1984', '1985', '1983', '2560', '2563', '2564', '2118', '2369', '2112', '2363', '2115', '2624', '2625', '1918', '1917', '1997', '2359', '2339', '2103', '2356', '2354', '2104', '2586', '2433', '2630', '2347', '2340', '2131', '1966', '1962', '2139', '2037', '2033', '2543', '2542', '2646', '2352', '2121', '2331', '2334', '2005', '2311', '2261', '2266', '2446', '2046', '2045', '2043', '2188', '2309', '2308', '2275', '2276', '2271', '2056', '2059', '2190', '2200', '2206', '2428', '2423', '1979', '1971', '2213', '2212', '2210', '2218', '2430', '2507', '2504', '2500', '1941', '2090', '2220', '2088', '2083', '2539', '2154', '2150', '1953', '1993', '2414', '2233', '2237', '2659', '2658', '2327', '2328', '2010', '2461', '2463', '2297', '1951', '2498', '2555', '2491', '2068', '2143', '2149', '2250', '2475', '2472', '2471', '1926', '1927', '1718', '2176', '2174', '2072', '2289', '1931', '1935', '2571', '2169', '2377', '2594', '2292', '2598', '2294', '2199', '2368', '2111', '2365', '2116', '2117', '2620', '2582', '2629', '2588', '1919', '1916', '2241', '2024', '2102', '2585', '2627', '2344', '1968', '2133', '2343', '2138', '2032', '2649', '2640', '2125', '2336', '2338', '2128', '2009', '2268', '2264', '1999', '1577', '2273', '2052', '2054', '1973', '1972', '1945', '2196', '2202', '2203', '1921', '2180', '2187', '2509', '2508', '1948', '1940', '1947', '2224', '2087', '2538', '2151', '2153', '136', '2459', '1976', '1928', '2018', '1465', '2129', '2488', '2335', '2317', '2440', '2448', '2047', '1975', '2412', '2160', '2283', '2628', '2366', '2361', '2035', '2069', '2071', '2179', '2408', '2101', '2489', '2482', '2345', '2346', '2406', '2124', '2127', '2537', '2653', '2657', '2348', '2157', '2011', '2061', '2067', '2123', '2122', '1914', '2020', '2021', '2022', '1963', '2332', '2333', '2480', '2652', '2246', '2240', '2242', '2243', '2465', '2460', '2469', '2062', '2063', '2025', '2660', '2293', '2296', '2567', '2566', '2367', '2364', '2362', '2583', '2581', '2425', '2342', '2159', '2109', '2108', '2639', '2638', '2637', '2636', '2631', '2633', '2031', '2039', '2038', '2322', '2329', '2557', '2494', '2497', '2259', '2254', '2476', '2474', '2473', '2479', '2478', '2075', '2561', '1981', '1988', '1989', '2330', '2353', '2350', '2351', '2355', '2136', '2137', '2134', '2135', '2132', '2648', '2642', '2643', '2644', '2645', '2647', '2589', '2002', '2003', '2000', '2001', '2006', '2007', '2004', '2318', '2319', '2315', '2267', '2447', '2445', '2449', '2189', '2044', '2042', '2040', '2049', '1991', '1998', '2300', '2303', '2302', '2304', '2307', '2306', '2274', '2272', '2279', '2278', '2337', '2458', '2451', '2053', '2055', '2057', '2058', '2065', '2191', '2192', '2194', '2198', '2201', '2209', '2429', '2420', '2427', '2518', '2519', '1980', '2516', '2510', '2511', '2512', '1970', '2183', '2211', '2216', '2215', '2214', '2436', '2435', '2434', '2506', '2502', '2501', '1944', '2098', '2247', '2228', '2229', '2226', '2225', '2222', '2223', '2221', '2081', '2086', '2084', '2532', '2533', '2530', '2536', '2155', '2409', '1955', '1957', '1959', '1958', '2284', '2144', '2417', '2418', '1994', '2239', '2232', '2235', '2234', '2184', '2097', '2092', '2525', '2521', '2529', '2147', '2145', '2415', '2141', '2419', '2148', '2411', '1920', '1923', '1987', '2438', '2432', '2416', '2550', '2556', '2396', '2397', '2394', '2392', '2393', '2390', '2391', '2398', '2399', '2171', '2606', '2603', '2608', '2609', '1932', '1939', '1995', '2547', '2544', '2383', '2385', '2384', '2387', '2389', '1942', '2164', '2161', '2163', '2617', '2613', '2612', '2610', '2597', '2280', '2282', '2285', '2286', '2287', '2579', '2576', '2574', '2575', '2573', '2378', '2379', '2374', '2372', '2592', '2110', '2623', '2626', '2026', '2027', '2023', '2028', '2029', '1967', '2380', '2568', '2596', '2095', '2524', '2252', '2177', '2096', '2493', '2641', '1952', '2298', '2452', '1913', '2014', '2016', '1950', '2400', '2312', '2531', '2413', '2019', '2584', '2262', '2442', '2013', '2569', '2012', '2050', '1969', '2483', '2457', '2195', '2208', '2527', '2522', '2595', '2106', '1996', '2017', '2565', '2079', '2470', '2269', '2048', '1954', '2249', '2295', '2635', '2496', '2305', '2605', '2572', '2599', '2051', '2099', '2100', '2358', '2263', '2441', '2422', '2431', '2230', '2528', '2066', '2651', '2291', '2036', '2256', '2265', '2270', '2453', '2514', '2517', '2182', '2219', '2505', '1977', '1974', '2288', '2545', '2349', '2650', '2466', '2401', '2320', '2490', '2255', '2076', '1982', '1992', '2443', '2444', '2454', '2207', '2426', '2515', '2513', '2486', '1924', '2170', '2622', '2008', '2301', '2535', '2487', '2481', '2245', '2634', '2034', '2321', '2178', '2041', '2456', '2204', '2421', '2437', '1961', '1956', '2094', '2541', '2382', '2168', '2167', '2281', '2248', '2015', '2388', '2357', '2373', '1990', '1949', '2082', '2405', '2238', '2070', '2455', '2197', '2424', '2181', '2089', '1922', '2577', '2570', '2360', '2587', '2105', '1965', '1933', '2120', '2614', '2656', '2119', '1915', '2403', '2193', '2562', '2632', '2251', '1930', '1937', '1936', '1934', '2402', '2130', '2580', '2316', '2314', '2310', '2260', '2277', '2450', '2205', '1978', '2186', '2217', '2503', '2227', '2080', '2534', '2158', '2185', '2523', '2439', '2558', '2175', '2548', '2166', '2618', '2375', '2114', '2621', '2113']
Cluster-3 Total nodes: 756 ['1326', '1202', '1064', '1356', '939', '1453', '1910', '1478', '1671', '1743', '1575', '1234', '1831', '931', '1794', '1495', '1497', '917', '1703', '1704', '1706', '1060', '1062', '1067', '1066', '913', '1661', '1082', '1081', '1120', '1121', '1127', '1106', '1104', '1408', '1018', '1019', '1014', '1015', '1010', '1011', '1235', '1236', '1237', '1231', '902', '905', '1245', '1247', '1246', '484', '1109', '1783', '1189', '1906', '1907', '1904', '1903', '1188', '1396', '1625', '1624', '1628', '1294', '994', '1051', '1052', '1192', '1691', '1756', '1751', '1170', '1273', '1275', '1179', '1885', '1884', '1881', '1284', '1286', '1281', '949', '944', '942', '940', '941', '1472', '1190', '1573', '1479', '1576', '1304', '1306', '1300', '1303', '1308', '1309', '1830', '914', '1374', '933', '936', '1241', '1229', '1228', '1828', '1709', '1699', '376', '1279', '1482', '1481', '1487', '1489', '1716', '1715', '1379', '1650', '1655', '1630', '1139', '1131', '1277', '1436', '1432', '924', '1438', '1638', '1009', '1001', '1348', '1226', '1225', '1221', '1343', '1345', '1347', '1876', '1875', '1872', '1873', '1870', '1871', '1878', '977', '976', '975', '971', '1502', '1503', '1500', '1507', '1504', '651', '1508', '1227', '919', '1282', '1848', '1115', '1473', '1611', '1578', '1475', '1041', '1044', '1681', '1680', '1682', '1686', '1767', '1764', '1261', '1260', '1545', '1543', '1541', '1404', '1469', '1464', '1462', '1316', '1315', '1311', '1310', '1400', '1824', '1820', '1406', '414', '1381', '1382', '1183', '1338', '363', '389', '1647', '1728', '1725', '1649', '1350', '1072', '1167', '1423', '1425', '1426', '1429', '1428', '1373', '1032', '1036', '1037', '1035', '1217', '1357', '1355', '1862', '1392', '962', '1129', '1729', '968', '969', '1454', '1451', '1515', '1459', '1512', '1159', '1844', '1158', '1815', '1812', '1818', '1531', '896', '898', '1606', '353', '1781', '1536', '1785', '1786', '1770', '1444', '1679', '1677', '1672', '1673', '1095', '1100', '1155', '1099', '1292', '1550', '1412', '1448', '1415', '538', '1322', '988', '989', '1324', '981', '984', '1859', '1850', '1857', '1525', '1526', '420', '1529', '1258', '1259', '1413', '1582', '1583', '1841', '954', '1320', '1587', '1738', '1633', '1634', '1635', '1636', '1732', '1108', '566', '1595', '1596', '1591', '1592', '1025', '1021', '1020', '1349', '1740', '1742', '1166', '606', '601', '1204', '1899', '1894', '1897', '1893', '1215', '957', '1569', '1298', '1299', '1102', '475', '1807', '1801', '1366', '348', '561', '465', '567', '559', '378', '373', '391', '542', '544', '400', '412', '436', '434', '513', '515', '514', '500', '496', '492', '591', '669', '497', '493', '404', '419', '520', '473', '444', '422', '482', '506', '507', '560', '461', '614', '463', '479', '557', '553', '408', '370', '374', '392', '397', '395', '417', '367', '388', '537', '524', '525', '527', '438', '432', '430', '431', '503', '604', '487', '630', '402', '460', '555', '394', '548', '368', '523', '423', '511', '451', '452', '570', '456', '609', '683', '512', '545', '415', '360', '387', '488', '556', '409', '398', '439', '678', '645', '471', '546', '369', '531', '510', '421', '504', '455', '653', '396', '519', '458', '547', '481', '355', '354', '359', '592', '583', '644', '573', '579', '654', '636', '619', '617', '680', '445', '593', '1646', '377', '365', '1169', '1249', '1147', '1362', '935', '1007', '945', '1295', '1887', '1417', '384', '571', '552', '610', '581', '642', '648', '535', '448', '447', '550', '358', '446', '539', '405', '676', '410', '361', '1492', '1194', '1658', '1046', '1586', '1364', '425', '477', '435', '554', '518', '485', '516', '459', '457', '656', '671', '385', '673', '390', '450', '652', '429', '530', '562', '1141', '1248', '1759', '1474', '937', '1134', '1000', '974', '1264', '1640', '1840', '498', '406', '401', '453', '379', '443', '383', '386', '411', '468', '467', '472', '356', '1446', '1773', '1490', '1660', '1012', '1631', '1430', '1223', '629', '1506', '1602', '1853', '1397', '1727', '1296', '965', '1013', '1244', '943', '1042', '1143', '1777', '1090', '1093', '1152', '1418', '986', '985', '1748', '1749', '1869', '494', '416', '462', '352', '536', '469', '357', '375', '509', '505', '424', '486', '551', '380', '381', '540', '499', '532', '437', '572', '1829', '1212', '1901', '1696', '1372', '1762', '1268', '1385', '1342', '1455', '1814', '1094', '1154', '1731', '1599', '1745', '1443', '1162', '1566', '1200', '964', '1065', '1667', '1664', '1847', '1274', '1307', '1708', '1698', '1719', '1136', '1433', '1005', '970', '1073', '1089', '1615', '1579', '1144', '1825', '1168', '1213', '1855', '1739', '1023', '1354', '596', '1103', '1414', '1022', '639', '679', '584', '574', '655', '677', '589', '663', '620', '618', '616', '666', '664', '660', '672', '590', '597', '598', '588', '621', '626', '625', '575', '657', '631', '633', '605', '603', '612', '611', '685', '684', '682', '623', '622', '3857', '3892', '3441', '3819', '3939', '3567', '3745', '3595', '3871', '3874', '3445', '3905', '3624', '3490', '3811', '3657', '3727', '3682', '3863', '3531', '3536', '3917', '3912', '3949', '3546', '3541', '3549', '3812', '3814', '3606', '3739', '3771', '3679', '3580', '3585', '3806', '3894', '3963', '3447', '3446', '1510', '649', '1276', '427', '34', '508', '558', '549', '543', '541', '534', '426', '433', '407', '634', '480', '528', '449', '442', '350', '569', '173', '166', '440', '490', '491', '413', '586', '587', '502', '646', '489', '521', '565', '403', '418', '474', '495', '349', '362', '371', '522', '382', '372', '533', '568', '464', '466', '529', '470', '478', '198', '11', '12', '15', '18', '202', '364', '393', '399', '441', '454', '501', '351', '564', '476']
Cluster-4 Total nodes: 516 ['1765', '1622', '1278', '107', '927', '980', '1329', '1621', '1126', '1480', '1639', '1312', '1589', '1810', '1637', '1059', '1075', '1819', '1584', '1255', '1520', '1334', '1675', '1467', '1460', '1123', '1522', '947', '897', '1352', '1272', '1730', '1590', '1842', '1644', '1782', '1026', '1643', '1528', '1048', '1846', '1791', '1250', '1851', '1835', '921', '1243', '1813', '1513', '1420', '1195', '1175', '1003', '1570', '1377', '1376', '1509', '1614', '1612', '1613', '1768', '1761', '1080', '1427', '1070', '1694', '1695', '1692', '1565', '1358', '1313', '580', '1790', '1318', '1514', '1332', '483', '1882', '1113', '1645', '948', '641', '1744', '1574', '1616', '1763', '1766', '1142', '1549', '366', '1778', '428', '930', '517', '1210', '915', '637', '563', '1720', '1114', '1305', '1269', '1302', '1789', '1267', '1833', '1079', '1076', '1839', '932', '997', '1092', '1793', '1796', '1491', '967', '1068', '1017', '1707', '1827', '1823', '1669', '1663', '925', '1416', '1128', '1086', '1124', '1230', '1712', '1717', '1714', '1409', '1659', '1523', '1652', '1402', '916', '1391', '1390', '1339', '1335', '1336', '1331', '1330', '906', '1431', '1843', '1724', '1722', '1845', '1662', '1242', '1004', '1539', '1683', '1340', '1877', '978', '1902', '1879', '1632', '1736', '1214', '1861', '1597', '1040', '1867', '1598', '960', '1184', '1185', '1456', '1457', '1746', '1516', '1741', '1209', '1163', '1799', '1891', '993', '953', '952', '1447', '1117', '1290', '1563', '1291', '1517', '1795', '1888', '1886', '1047', '1603', '1685', '1689', '1688', '1653', '1435', '1620', '1199', '1753', '1752', '1750', '1289', '1288', '1571', '1222', '1370', '1344', '1110', '1367', '1610', '1146', '1149', '1540', '1388', '1380', '1849', '1107', '1608', '1600', '1605', '1604', '1156', '1153', '1554', '1557', '1559', '1399', '1804', '1800', '959', '1359', '983', '1256', '1101', '1006', '1285', '1868', '1809', '1238', '1488', '1049', '1524', '1112', '1757', '1572', '1375', '526', '1471', '1054', '1160', '1257', '1148', '1398', '1496', '1702', '1668', '1665', '1083', '1122', '1125', '1337', '903', '901', '1538', '1909', '1623', '1626', '995', '1056', '1191', '1754', '1173', '1172', '1271', '1287', '1280', '946', '1470', '1832', '1837', '1371', '934', '1393', '1483', '1485', '1132', '1130', '1135', '1437', '1341', '1911', '1617', '1798', '1687', '1547', '1542', '1548', '1118', '999', '1826', '1389', '1182', '1721', '1580', '1211', '1216', '1351', '1863', '1864', '966', '1452', '1723', '1895', '1816', '1811', '1533', '1532', '1530', '1609', '1619', '1198', '1787', '1774', '1772', '1535', '1074', '1097', '1293', '1551', '1553', '1555', '1449', '1323', '1327', '982', '1407', '1733', '1735', '1734', '1737', '1024', '1029', '1028', '1180', '1181', '1205', '1207', '1201', '1898', '1078', '1219', '1365', '1360', '1361', '1369', '1151', '1678', '1700', '1091', '1401', '1713', '1651', '1618', '1771', '1133', '1071', '1253', '1654', '899', '1442', '1164', '1239', '1116', '1484', '920', '1439', '1874', '1463', '1797', '904', '1755', '1176', '1834', '911', '1224', '1145', '1263', '1854', '1594', '1521', '1697', '1008', '1383', '1353', '1865', '1157', '1552', '1395', '1394', '1498', '1627', '1270', '1711', '1002', '1220', '1346', '998', '1208', '1105', '1027', '1890', '1808', '910', '1053', '1422', '912', '1657', '1776', '907', '1057', '1690', '1138', '979', '1546', '1403', '1607', '1775', '1896', '956', '1562', '1218', '1499', '1016', '1119', '1466', '1386', '1581', '1096', '992', '1493', '1232', '1333', '1629', '1880', '1137', '1468', '1314', '1319', '1648', '1424', '938', '1378', '963', '1601', '1784', '1568', '1186', '1747', '1892', '958', '1802', '1363', '972', '1069', '1900', '1063', '1084', '1458', '1519', '1196', '1836', '1710', '922', '926', '1265', '1821', '1817', '1780', '1674', '1556', '1419', '1769', '1858', '1852', '1527', '1321', '1039', '1805', '1165', '1161', '951', '1440', '1561', '1240', '1693', '1760', '1262', '1254', '1233', '909', '1111', '1197', '1889', '1177', '1043', '1045', '1384', '1030', '1788', '1252', '955', '1368']
Cluster-5 Total nodes: 492 ['3498', '3629', '3715', '3615', '3713', '3455', '3636', '3862', '3599', '3867', '3921', '3728', '3722', '3705', '3437', '3835', '3740', '3521', '3907', '1085', '1567', '1806', '1803', '1511', '3710', '3698', '3505', '3526', '3753', '3496', '3850', '3590', '3442', '3553', '3508', '3500', '3608', '3776', '3886', '3545', '3918', '3714', '3706', '3569', '3519', '3826', '3822', '3759', '3534', '3794', '3793', '3906', '3869', '3486', '3924', '3463', '3926', '3927', '3571', '3557', '3555', '3554', '3550', '3499', '3559', '3558', '3852', '3851', '3858', '3493', '3810', '3672', '3670', '3677', '3674', '3584', '3586', '3587', '3743', '3804', '3800', '3803', '3456', '3458', '3891', '3896', '3509', '3966', '3962', '3960', '3968', '3969', '3634', '3635', '3633', '3469', '3538', '3468', '3702', '3707', '3797', '3791', '3790', '3836', '3837', '3831', '3833', '3838', '3930', '3933', '3563', '3564', '3568', '3841', '3842', '3845', '3450', '3667', '3662', '3747', '3741', '3593', '3591', '3596', '3690', '3692', '3693', '3697', '3870', '3873', '3877', '3527', '3525', '3828', '3528', '3529', '3884', '3881', '3448', '3440', '3443', '3900', '3902', '3903', '3909', '3971', '3972', '3628', '3623', '3625', '3627', '3471', '3711', '3497', '3495', '3719', '3718', '3491', '3656', '3651', '3449', '3825', '3824', '3821', '3943', '3945', '3829', '3947', '3474', '3475', '3578', '3473', '3577', '3576', '3478', '3573', '3611', '3612', '3617', '3750', '3752', '3757', '3756', '862', '3725', '3721', '3683', '3680', '3687', '3684', '3868', '3761', '3860', '3866', '3535', '3830', '3938', '3438', '3948', '3480', '3915', '3913', '3931', '3540', '3542', '3758', '3618', '3760', '3488', '3762', '3764', '3768', '3485', '3648', '3646', '3645', '3643', '3642', '3640', '3951', '3957', '3956', '3466', '3464', '3462', '3460', '3501', '3506', '3602', '3601', '3605', '3604', '3609', '3738', '3737', '3734', '3731', '3730', '3782', '3786', '3785', '3774', '3779', '3518', '3511', '3510', '3517', '3514', '3955', '3832', '3914', '3959', '3452', '3681', '3556', '3592', '3688', '3454', '3847', '3888', '3660', '3732', '3678', '3890', '3704', '3650', '3820', '3941', '3805', '3796', '3889', '3712', '3658', '3940', '3543', '3859', '3582', '3808', '3630', '3849', '3444', '3544', '3676', '3897', '3846', '3665', '3661', '3746', '3652', '3729', '3489', '3675', '3899', '3965', '3708', '3701', '3975', '3476', '3579', '3910', '3465', '3694', '3801', '3856', '3853', '3748', '3453', '3451', '3709', '3798', '3935', '3885', '3974', '3816', '3929', '3492', '3637', '3795', '3560', '3565', '3744', '3691', '3908', '3970', '3717', '3880', '3477', '3574', '3686', '3533', '3548', '3619', '3467', '3603', '3769', '3778', '3876', '3470', '3472', '3840', '3666', '3815', '3735', '3977', '3802', '3663', '3773', '3827', '3685', '3588', '3936', '3597', '3598', '3865', '3482', '3644', '3607', '3494', '3925', '3551', '3673', '3583', '3893', '3895', '3961', '3937', '3561', '3566', '3668', '3904', '3942', '3723', '3861', '3530', '3539', '3742', '3487', '3954', '3504', '3600', '3733', '3664', '3922', '3923', '3920', '3854', '3749', '3809', '3807', '3967', '3964', '3632', '3696', '3879', '3875', '3887', '3901', '3655', '3653', '3751', '3720', '3537', '3766', '3641', '3783', '3787', '3789', '3572', '3763', '3818', '3855', '3671', '3459', '3631', '3792', '3834', '3843', '3878', '3524', '3882', '3973', '3976', '3620', '3622', '3823', '3614', '3754', '3724', '3726', '3532', '3767', '3483', '3958', '3507', '3946', '3781', '3784', '3770', '3777', '3515', '3928', '3552', '3589', '3457', '3703', '3934', '3872', '3522', '3520', '3979', '3978', '3621', '3626', '3659', '3654', '3944', '3575', '3610', '3755', '3689', '3916', '3839', '3547', '3765', '3484', '3817', '3953', '3950', '857', '3461', '3503', '3736', '3780', '3788', '3772', '3775', '3512', '868', '865', '3638', '3799', '3932', '3844', '3848', '3699', '3716', '3616', '3439', '3647', '3952', '3570', '3513']
Cluster-6 Total nodes: 325 ['156', '258', '0', '5', '67', '188', '85', '295', '272', '122', '9', '23', '40', '291', '98', '257', '161', '141', '323', '75', '199', '194', '197', '196', '39', '31', '30', '339', '334', '331', '330', '332', '238', '239', '236', '231', '232', '1', '146', '144', '142', '143', '140', '148', '149', '133', '132', '130', '137', '135', '134', '24', '25', '26', '20', '21', '22', '28', '29', '88', '82', '181', '80', '87', '84', '7', '180', '2', '186', '187', '184', '185', '10', '13', '14', '17', '19', '62', '322', '320', '324', '325', '329', '200', '203', '204', '73', '72', '79', '121', '128', '318', '313', '312', '310', '315', '314', '3', '252', '65', '66', '69', '214', '212', '213', '211', '4', '281', '280', '285', '284', '261', '266', '268', '115', '116', '111', '113', '119', '118', '308', '309', '304', '48', '41', '345', '346', '341', '342', '343', '298', '299', '297', '290', '271', '274', '275', '276', '277', '278', '108', '109', '103', '101', '104', '105', '45', '99', '92', '94', '265', '246', '242', '249', '248', '178', '177', '176', '175', '172', '170', '251', '254', '168', '169', '165', '326', '59', '57', '56', '53', '55', '303', '50', '36', '302', '227', '226', '225', '224', '223', '222', '150', '159', '158', '123', '127', '96', '139', '300', '311', '317', '344', '27', '16', '208', '120', '106', '54', '125', '333', '183', '282', '287', '114', '43', '292', '244', '235', '191', '33', '35', '131', '86', '316', '68', '263', '46', '42', '296', '102', '321', '195', '234', '328', '209', '74', '78', '60', '63', '218', '306', '273', '164', '221', '152', '126', '38', '138', '89', '207', '206', '77', '129', '319', '219', '260', '117', '347', '340', '294', '95', '160', '327', '154', '6', '147', '247', '153', '192', '336', '233', '145', '205', '215', '210', '283', '262', '305', '49', '90', '241', '179', '256', '255', '52', '228', '220', '32', '337', '230', '182', '71', '70', '216', '289', '307', '112', '44', '293', '279', '93', '97', '243', '174', '253', '167', '162', '151', '245', '259', '8', '91', '190', '193', '37', '335', '237', '201', '76', '124', '61', '288', '267', '264', '83', '270', '240', '338', '250', '110', '51', '229', '155', '157']
Cluster-7 Total nodes: 202 ['698', '883', '882', '881', '708', '745', '885', '747', '858', '889', '888', '703', '880', '804', '887', '823', '886', '830', '697', '878', '879', '874', '871', '810', '811', '753', '890', '774', '893', '894', '895', '719', '772', '713', '856', '803', '805', '869', '800', '840', '861', '863', '864', '867', '866', '884', '828', '825', '686', '776', '729', '876', '819', '872', '873', '870', '769', '797', '730', '724', '814', '824', '827', '781', '849', '755', '760', '762', '705', '706', '700', '722', '752', '795', '794', '696', '694', '731', '737', '723', '718', '715', '758', '711', '773', '845', '695', '726', '720', '738', '853', '813', '815', '817', '829', '820', '799', '834', '784', '787', '847', '842', '751', '748', '701', '764', '763', '739', '770', '716', '793', '765', '728', '792', '809', '807', '688', '831', '687', '837', '838', '780', '783', '848', '754', '741', '835', '843', '759', '779', '709', '782', '766', '693', '778', '846', '844', '727', '777', '826', '818', '710', '733', '734', '768', '756', '761', '736', '833', '690', '850', '816', '742', '746', '812', '767', '691', '714', '712', '707', '702', '796', '791', '839', '786', '789', '732', '725', '740', '771', '689', '808', '806', '821', '822', '836', '743', '699', '854', '757', '785', '841', '749', '775', '801', '798', '859', '877', '852', '717', '855', '735', '692', '790', '721', '851', '832', '704', '788', '750', '744', '802']
Cluster-8 Total nodes: 63 ['667', '594', '668', '674', '585', '624', '607', '602', '608', '638', '613', '4011', '3989', '3980', '4031', '3991', '4038', '4013', '4027', '3981', '3982', '3983', '4026', '4025', '4023', '4020', '4021', '4028', '4029', '3997', '3996', '3995', '3994', '3990', '3999', '3998', '4030', '4033', '4032', '4034', '4037', '4036', '4005', '3993', '3992', '4017', '4009', '4000', '4001', '4002', '4003', '4004', '4006', '4007', '4019', '4018', '4012', '4016', '4014', '3988', '3985', '3986', '3987']
Cluster-9 Total nodes: 24 ['665', '661', '578', '675', '670', '595', '599', '582', '640', '643', '627', '628', '577', '576', '650', '659', '632', '635', '600', '615', '681', '662', '647', '658']
Cluster-10 Total nodes: 20 ['3581', '3898', '3639', '3700', '3562', '3669', '3594', '3695', '3523', '3883', '3479', '3613', '3864', '3481', '3911', '3919', '3649', '3813', '3502', '3516']
Cluster-11 Total nodes: 13 ['3127', '3037', '3055', '2817', '2691', '2792', '3147', '2774', '3074', '860', '892', '891', '875']
Cluster-12 Total nodes: 7 ['4024', '4022', '4010', '4035', '4008', '4015', '3984']

Total time of execution: 682.183635 seconds
