Total nodes in the system: 1040

level-1 completes in 25.332804 seconds
Cluster-1 Total nodes: 75 ['244', '131', '132', '145', '150', '153', '195', '199', '208', '211', '217', '161', '162', '172', '179', '158', '186', '202', '213', '218', '226', '228', '130', '133', '136', '140', '142', '143', '148', '149', '159', '164', '207', '209', '141', '146', '176', '204', '214', '138', '170', '196', '229', '144', '147', '160', '165', '166', '174', '187', '201', '210', '152', '156', '163', '167', '171', '178', '193', '155', '189', '198', '137', '154', '225', '151', '234', '194', '169', '200', '203', '168', '173', '134', '231']
Cluster-2 Total nodes: 70 ['95', '108', '128', '4', '11', '12', '32', '42', '49', '65', '72', '84', '90', '36', '43', '46', '75', '51', '52', '86', '60', '0', '2', '9', '10', '13', '21', '30', '26', '78', '64', '1', '23', '39', '40', '53', '58', '69', '88', '24', '15', '25', '5', '29', '67', '70', '27', '14', '19', '16', '17', '18', '20', '22', '33', '34', '35', '44', '54', '55', '74', '3', '8', '37', '61', '38', '41', '45', '66', '76']
Cluster-3 Total nodes: 68 ['958', '1003', '1039', '911', '930', '932', '934', '936', '943', '944', '949', '951', '957', '921', '973', '996', '1009', '928', '978', '945', '964', '950', '923', '924', '927', '955', '993', '920', '976', '1001', '946', '972', '981', '922', '956', '977', '926', '931', '933', '935', '937', '938', '940', '948', '953', '954', '960', '962', '965', '967', '968', '971', '975', '999', '941', '910', '913', '947', '969', '915', '916', '942', '983', '974', '1010', '987', '925', '914']
Cluster-4 Total nodes: 57 ['624', '632', '532', '545', '547', '555', '562', '566', '618', '520', '524', '530', '538', '539', '540', '542', '550', '557', '602', '528', '559', '561', '563', '612', '531', '533', '535', '536', '537', '549', '553', '556', '564', '572', '592', '593', '596', '619', '534', '543', '554', '569', '544', '546', '552', '558', '582', '522', '525', '526', '548', '551', '590', '560', '574', '568', '586']
Cluster-5 Total nodes: 57 ['765', '658', '661', '682', '686', '716', '730', '734', '756', '760', '715', '694', '702', '703', '650', '660', '662', '663', '664', '665', '667', '668', '670', '674', '653', '684', '688', '720', '651', '666', '669', '685', '704', '672', '746', '652', '671', '695', '697', '698', '706', '729', '678', '690', '691', '700', '726', '673', '681', '683', '692', '696', '701', '687', '717', '693', '689']
Cluster-6 Total nodes: 52 ['904', '908', '804', '825', '846', '865', '879', '886', '785', '793', '796', '805', '808', '818', '830', '852', '784', '862', '813', '816', '819', '821', '823', '824', '831', '820', '827', '828', '783', '791', '794', '795', '799', '800', '809', '790', '802', '803', '806', '792', '797', '817', '844', '812', '834', '841', '801', '798', '786', '810', '822', '848']
Cluster-7 Total nodes: 52 ['504', '458', '495', '424', '425', '426', '435', '440', '446', '452', '457', '488', '391', '392', '393', '396', '400', '401', '404', '410', '397', '428', '477', '394', '403', '406', '407', '413', '417', '390', '409', '415', '420', '423', '462', '416', '427', '447', '408', '411', '412', '430', '441', '455', '449', '438', '487', '431', '422', '442', '476', '454']
Cluster-8 Total nodes: 43 ['350', '385', '260', '261', '271', '279', '294', '295', '328', '332', '298', '274', '287', '262', '273', '292', '301', '319', '272', '304', '276', '293', '300', '281', '285', '299', '270', '266', '290', '296', '275', '324', '306', '283', '264', '265', '282', '277', '297', '325', '288', '284', '326']
Cluster-9 Total nodes: 22 ['871', '780', '781', '782', '854', '843', '856', '867', '807', '826', '832', '847', '851', '861', '878', '880', '869', '814', '835', '874', '850', '788']
Cluster-10 Total nodes: 20 ['418', '402', '429', '437', '445', '456', '515', '421', '432', '443', '448', '482', '464', '460', '444', '459', '470', '468', '453', '472']
Cluster-11 Total nodes: 20 ['521', '523', '623', '584', '606', '642', '643', '573', '621', '565', '571', '616', '639', '613', '585', '589', '601', '640', '604', '648']
Cluster-12 Total nodes: 15 ['836', '875', '877', '884', '837', '849', '845', '860', '881', '893', '901', '876', '906', '882', '905']
Cluster-13 Total nodes: 14 ['308', '280', '353', '346', '323', '347', '303', '316', '278', '334', '339', '364', '327', '321']
Cluster-14 Total nodes: 12 ['770', '728', '705', '723', '732', '733', '755', '699', '709', '747', '766', '779']
Cluster-15 Total nodes: 11 ['575', '588', '594', '580', '583', '599', '605', '614', '617', '647', '646']
Cluster-16 Total nodes: 11 ['677', '679', '722', '675', '710', '762', '654', '655', '656', '764', '776']
Cluster-17 Total nodes: 11 ['1031', '1006', '1027', '1013', '1018', '1024', '1028', '1000', '991', '994', '997']
Cluster-18 Total nodes: 10 ['31', '28', '48', '71', '85', '105', '117', '56', '99', '57']
Cluster-19 Total nodes: 10 ['567', '645', '578', '579', '597', '631', '649', '603', '610', '641']
Cluster-20 Total nodes: 9 ['405', '395', '398', '486', '489', '509', '511', '498', '506']
Cluster-21 Total nodes: 8 ['349', '291', '336', '309', '363', '330', '372', '357']
Cluster-22 Total nodes: 7 ['622', '541', '581', '615', '638', '527', '620']
Cluster-23 Total nodes: 7 ['1014', '1038', '990', '986', '1021', '919', '992']
Cluster-24 Total nodes: 6 ['157', '183', '215', '185', '239', '256']
Cluster-25 Total nodes: 6 ['888', '870', '889', '897', '907', '885']
Cluster-26 Total nodes: 6 ['1034', '961', '985', '952', '979', '970']
Cluster-27 Total nodes: 5 ['222', '242', '259', '238', '246']
Cluster-28 Total nodes: 5 ['745', '727', '735', '772', '774']
Cluster-29 Total nodes: 5 ['89', '83', '104', '98', '122']
Cluster-30 Total nodes: 5 ['268', '342', '286', '379', '310']
Cluster-31 Total nodes: 5 ['248', '184', '219', '237', '188']
Cluster-32 Total nodes: 5 ['381', '359', '269', '361', '356']
Cluster-33 Total nodes: 5 ['721', '659', '708', '778', '749']
Cluster-34 Total nodes: 5 ['206', '197', '243', '245', '230']
Cluster-35 Total nodes: 5 ['216', '220', '192', '212', '253']
Cluster-36 Total nodes: 5 ['120', '96', '110', '7', '109']
Cluster-37 Total nodes: 5 ['984', '1035', '998', '966', '1029']
Cluster-38 Total nodes: 4 ['815', '873', '853', '859']
Cluster-39 Total nodes: 4 ['502', '450', '463', '478']
Cluster-40 Total nodes: 4 ['1015', '1023', '1030', '1002']
Cluster-41 Total nodes: 4 ['190', '205', '182', '254']
Cluster-42 Total nodes: 4 ['864', '833', '868', '872']
Cluster-43 Total nodes: 4 ['1004', '963', '1007', '988']
Cluster-44 Total nodes: 4 ['838', '855', '839', '909']
Cluster-45 Total nodes: 4 ['657', '676', '738', '725']
Cluster-46 Total nodes: 4 ['743', '739', '777', '769']
Cluster-47 Total nodes: 4 ['576', '600', '629', '635']
Cluster-48 Total nodes: 4 ['322', '318', '389', '345']
Cluster-49 Total nodes: 4 ['750', '751', '759', '761']
Cluster-50 Total nodes: 4 ['111', '123', '125', '129']
Cluster-51 Total nodes: 4 ['352', '362', '384', '380']
Cluster-52 Total nodes: 4 ['1020', '929', '939', '917']
Cluster-53 Total nodes: 3 ['744', '719', '742']
Cluster-54 Total nodes: 3 ['714', '713', '711']
Cluster-55 Total nodes: 3 ['419', '399', '473']
Cluster-56 Total nodes: 3 ['591', '595', '634']
Cluster-57 Total nodes: 3 ['518', '514', '490']
Cluster-58 Total nodes: 3 ['499', '461', '501']
Cluster-59 Total nodes: 3 ['1022', '1011', '1012']
Cluster-60 Total nodes: 3 ['414', '516', '480']
Cluster-61 Total nodes: 3 ['517', '496', '439']
Cluster-62 Total nodes: 3 ['313', '374', '365']
Cluster-63 Total nodes: 3 ['241', '235', '258']
Cluster-64 Total nodes: 3 ['451', '485', '467']
Cluster-65 Total nodes: 3 ['607', '609', '570']
Cluster-66 Total nodes: 3 ['114', '113', '107']
Cluster-67 Total nodes: 3 ['335', '340', '333']
Cluster-68 Total nodes: 3 ['857', '891', '899']
Cluster-69 Total nodes: 3 ['302', '305', '311']
Cluster-70 Total nodes: 3 ['771', '731', '748']
Cluster-71 Total nodes: 3 ['712', '718', '758']
Cluster-72 Total nodes: 3 ['680', '740', '753']
Cluster-73 Total nodes: 3 ['82', '87', '118']
Cluster-74 Total nodes: 3 ['191', '227', '240']
Cluster-75 Total nodes: 3 ['59', '6', '115']
Cluster-76 Total nodes: 3 ['102', '124', '94']
Cluster-77 Total nodes: 3 ['47', '50', '92']
Cluster-78 Total nodes: 3 ['263', '337', '371']
Cluster-79 Total nodes: 2 ['842', '900']
Cluster-80 Total nodes: 2 ['787', '887']
Cluster-81 Total nodes: 2 ['587', '636']
Cluster-82 Total nodes: 2 ['62', '127']
Cluster-83 Total nodes: 2 ['348', '383']
Cluster-84 Total nodes: 2 ['257', '233']
Cluster-85 Total nodes: 2 ['236', '255']
Cluster-86 Total nodes: 2 ['466', '465']
Cluster-87 Total nodes: 2 ['519', '500']
Cluster-88 Total nodes: 2 ['471', '497']
Cluster-89 Total nodes: 2 ['611', '608']
Cluster-90 Total nodes: 2 ['890', '883']
Cluster-91 Total nodes: 2 ['811', '863']
Cluster-92 Total nodes: 2 ['378', '315']
Cluster-93 Total nodes: 2 ['360', '289']
Cluster-94 Total nodes: 2 ['377', '341']
Cluster-95 Total nodes: 2 ['483', '494']
Cluster-96 Total nodes: 2 ['1008', '1019']
Cluster-97 Total nodes: 2 ['436', '433']
Cluster-98 Total nodes: 2 ['741', '767']
Cluster-99 Total nodes: 2 ['329', '338']
Cluster-100 Total nodes: 2 ['492', '469']
Cluster-101 Total nodes: 2 ['177', '224']
Cluster-102 Total nodes: 2 ['247', '252']
Cluster-103 Total nodes: 2 ['112', '116']
Cluster-104 Total nodes: 2 ['63', '77']
Cluster-105 Total nodes: 2 ['68', '81']
Cluster-106 Total nodes: 2 ['1025', '1005']
Cluster-107 Total nodes: 2 ['1032', '989']
Cluster-108 Total nodes: 2 ['1036', '982']
Cluster-109 Total nodes: 2 ['249', '139']
Cluster-110 Total nodes: 2 ['181', '221']
Cluster-111 Total nodes: 2 ['232', '250']
Cluster-112 Total nodes: 2 ['358', '344']
Cluster-113 Total nodes: 2 ['373', '376']
Cluster-114 Total nodes: 2 ['388', '387']
Cluster-115 Total nodes: 1 ['829']
Cluster-116 Total nodes: 1 ['479']
Cluster-117 Total nodes: 1 ['768']
Cluster-118 Total nodes: 1 ['789']
Cluster-119 Total nodes: 1 ['896']
Cluster-120 Total nodes: 1 ['858']
Cluster-121 Total nodes: 1 ['434']
Cluster-122 Total nodes: 1 ['474']
Cluster-123 Total nodes: 1 ['484']
Cluster-124 Total nodes: 1 ['626']
Cluster-125 Total nodes: 1 ['840']
Cluster-126 Total nodes: 1 ['625']
Cluster-127 Total nodes: 1 ['505']
Cluster-128 Total nodes: 1 ['510']
Cluster-129 Total nodes: 1 ['577']
Cluster-130 Total nodes: 1 ['628']
Cluster-131 Total nodes: 1 ['529']
Cluster-132 Total nodes: 1 ['598']
Cluster-133 Total nodes: 1 ['355']
Cluster-134 Total nodes: 1 ['892']
Cluster-135 Total nodes: 1 ['894']
Cluster-136 Total nodes: 1 ['903']
Cluster-137 Total nodes: 1 ['898']
Cluster-138 Total nodes: 1 ['312']
Cluster-139 Total nodes: 1 ['866']
Cluster-140 Total nodes: 1 ['368']
Cluster-141 Total nodes: 1 ['912']
Cluster-142 Total nodes: 1 ['775']
Cluster-143 Total nodes: 1 ['633']
Cluster-144 Total nodes: 1 ['644']
Cluster-145 Total nodes: 1 ['630']
Cluster-146 Total nodes: 1 ['386']
Cluster-147 Total nodes: 1 ['508']
Cluster-148 Total nodes: 1 ['627']
Cluster-149 Total nodes: 1 ['637']
Cluster-150 Total nodes: 1 ['513']
Cluster-151 Total nodes: 1 ['367']
Cluster-152 Total nodes: 1 ['895']
Cluster-153 Total nodes: 1 ['773']
Cluster-154 Total nodes: 1 ['737']
Cluster-155 Total nodes: 1 ['752']
Cluster-156 Total nodes: 1 ['754']
Cluster-157 Total nodes: 1 ['724']
Cluster-158 Total nodes: 1 ['763']
Cluster-159 Total nodes: 1 ['736']
Cluster-160 Total nodes: 1 ['343']
Cluster-161 Total nodes: 1 ['757']
Cluster-162 Total nodes: 1 ['307']
Cluster-163 Total nodes: 1 ['314']
Cluster-164 Total nodes: 1 ['481']
Cluster-165 Total nodes: 1 ['493']
Cluster-166 Total nodes: 1 ['382']
Cluster-167 Total nodes: 1 ['503']
Cluster-168 Total nodes: 1 ['507']
Cluster-169 Total nodes: 1 ['223']
Cluster-170 Total nodes: 1 ['251']
Cluster-171 Total nodes: 1 ['180']
Cluster-172 Total nodes: 1 ['267']
Cluster-173 Total nodes: 1 ['119']
Cluster-174 Total nodes: 1 ['93']
Cluster-175 Total nodes: 1 ['97']
Cluster-176 Total nodes: 1 ['126']
Cluster-177 Total nodes: 1 ['79']
Cluster-178 Total nodes: 1 ['101']
Cluster-179 Total nodes: 1 ['106']
Cluster-180 Total nodes: 1 ['121']
Cluster-181 Total nodes: 1 ['80']
Cluster-182 Total nodes: 1 ['100']
Cluster-183 Total nodes: 1 ['369']
Cluster-184 Total nodes: 1 ['320']
Cluster-185 Total nodes: 1 ['1026']
Cluster-186 Total nodes: 1 ['1037']
Cluster-187 Total nodes: 1 ['959']
Cluster-188 Total nodes: 1 ['995']
Cluster-189 Total nodes: 1 ['1017']
Cluster-190 Total nodes: 1 ['980']
Cluster-191 Total nodes: 1 ['918']
Cluster-192 Total nodes: 1 ['1033']
Cluster-193 Total nodes: 1 ['1016']
Cluster-194 Total nodes: 1 ['370']
Cluster-195 Total nodes: 1 ['103']
Cluster-196 Total nodes: 1 ['73']
Cluster-197 Total nodes: 1 ['351']
Cluster-198 Total nodes: 1 ['491']
Cluster-199 Total nodes: 1 ['135']
Cluster-200 Total nodes: 1 ['175']
Cluster-201 Total nodes: 1 ['354']
Cluster-202 Total nodes: 1 ['902']
Cluster-203 Total nodes: 1 ['475']
Cluster-204 Total nodes: 1 ['317']
Cluster-205 Total nodes: 1 ['512']
Cluster-206 Total nodes: 1 ['366']
Cluster-207 Total nodes: 1 ['707']
Cluster-208 Total nodes: 1 ['331']
Cluster-209 Total nodes: 1 ['375']
Cluster-210 Total nodes: 1 ['91']

level-2 completes in 25.407951 seconds
Cluster-1 Total nodes: 130 ['244', '131', '132', '145', '150', '153', '195', '199', '208', '211', '217', '161', '162', '172', '179', '158', '186', '202', '213', '218', '226', '228', '130', '133', '136', '140', '142', '143', '148', '149', '159', '164', '207', '209', '141', '146', '176', '204', '214', '138', '170', '196', '229', '144', '147', '160', '165', '166', '174', '187', '201', '210', '152', '156', '163', '167', '171', '178', '193', '155', '189', '198', '137', '154', '225', '151', '234', '194', '169', '200', '203', '168', '173', '134', '231', '175', '135', '180', '251', '223', '232', '250', '181', '221', '249', '139', '247', '252', '177', '224', '236', '255', '257', '233', '191', '227', '240', '241', '235', '258', '190', '205', '182', '254', '216', '220', '192', '212', '253', '206', '197', '243', '245', '230', '248', '184', '219', '237', '188', '222', '242', '259', '238', '246', '157', '183', '215', '185', '239', '256']
Cluster-2 Total nodes: 130 ['95', '108', '128', '4', '11', '12', '32', '42', '49', '65', '72', '84', '90', '36', '43', '46', '75', '51', '52', '86', '60', '0', '2', '9', '10', '13', '21', '30', '26', '78', '64', '1', '23', '39', '40', '53', '58', '69', '88', '24', '15', '25', '5', '29', '67', '70', '27', '14', '19', '16', '17', '18', '20', '22', '33', '34', '35', '44', '54', '55', '74', '3', '8', '37', '61', '38', '41', '45', '66', '76', '91', '73', '103', '100', '80', '121', '106', '101', '79', '126', '97', '93', '119', '68', '81', '63', '77', '112', '116', '62', '127', '47', '50', '92', '102', '124', '94', '59', '6', '115', '82', '87', '118', '114', '113', '107', '111', '123', '125', '129', '120', '96', '110', '7', '109', '89', '83', '104', '98', '122', '31', '28', '48', '71', '85', '105', '117', '56', '99', '57']
Cluster-3 Total nodes: 130 ['958', '1003', '1039', '911', '930', '932', '934', '936', '943', '944', '949', '951', '957', '921', '973', '996', '1009', '928', '978', '945', '964', '950', '923', '924', '927', '955', '993', '920', '976', '1001', '946', '972', '981', '922', '956', '977', '926', '931', '933', '935', '937', '938', '940', '948', '953', '954', '960', '962', '965', '967', '968', '971', '975', '999', '941', '910', '913', '947', '969', '915', '916', '942', '983', '974', '1010', '987', '925', '914', '1016', '1033', '918', '980', '1017', '995', '959', '1037', '1026', '912', '1036', '982', '1032', '989', '1025', '1005', '1008', '1019', '1022', '1011', '1012', '1020', '929', '939', '917', '1004', '963', '1007', '988', '1015', '1023', '1030', '1002', '984', '1035', '998', '966', '1029', '1034', '961', '985', '952', '979', '970', '1014', '1038', '990', '986', '1021', '919', '992', '1031', '1006', '1027', '1013', '1018', '1024', '1028', '1000', '991', '994', '997']
Cluster-4 Total nodes: 130 ['624', '632', '532', '545', '547', '555', '562', '566', '618', '520', '524', '530', '538', '539', '540', '542', '550', '557', '602', '528', '559', '561', '563', '612', '531', '533', '535', '536', '537', '549', '553', '556', '564', '572', '592', '593', '596', '619', '534', '543', '554', '569', '544', '546', '552', '558', '582', '522', '525', '526', '548', '551', '590', '560', '574', '568', '586', '637', '627', '630', '644', '633', '598', '529', '628', '577', '625', '626', '611', '608', '587', '636', '607', '609', '570', '591', '595', '634', '576', '600', '629', '635', '622', '541', '581', '615', '638', '527', '620', '567', '645', '578', '579', '597', '631', '649', '603', '610', '641', '575', '588', '594', '580', '583', '599', '605', '614', '617', '647', '646', '521', '523', '623', '584', '606', '642', '643', '573', '621', '565', '571', '616', '639', '613', '585', '589', '601', '640', '604', '648']
Cluster-5 Total nodes: 130 ['765', '658', '661', '682', '686', '716', '730', '734', '756', '760', '715', '694', '702', '703', '650', '660', '662', '663', '664', '665', '667', '668', '670', '674', '653', '684', '688', '720', '651', '666', '669', '685', '704', '672', '746', '652', '671', '695', '697', '698', '706', '729', '678', '690', '691', '700', '726', '673', '681', '683', '692', '696', '701', '687', '717', '693', '689', '707', '757', '736', '763', '724', '754', '752', '737', '773', '775', '768', '741', '767', '680', '740', '753', '712', '718', '758', '771', '731', '748', '714', '713', '711', '744', '719', '742', '750', '751', '759', '761', '743', '739', '777', '769', '657', '676', '738', '725', '721', '659', '708', '778', '749', '745', '727', '735', '772', '774', '677', '679', '722', '675', '710', '762', '654', '655', '656', '764', '776', '770', '728', '705', '723', '732', '733', '755', '699', '709', '747', '766', '779']
Cluster-6 Total nodes: 130 ['904', '908', '804', '825', '846', '865', '879', '886', '785', '793', '796', '805', '808', '818', '830', '852', '784', '862', '813', '816', '819', '821', '823', '824', '831', '820', '827', '828', '783', '791', '794', '795', '799', '800', '809', '790', '802', '803', '806', '792', '797', '817', '844', '812', '834', '841', '801', '798', '786', '810', '822', '848', '902', '895', '866', '898', '903', '894', '892', '840', '858', '896', '789', '829', '811', '863', '890', '883', '787', '887', '842', '900', '857', '891', '899', '838', '855', '839', '909', '864', '833', '868', '872', '815', '873', '853', '859', '888', '870', '889', '897', '907', '885', '836', '875', '877', '884', '837', '849', '845', '860', '881', '893', '901', '876', '906', '882', '905', '871', '780', '781', '782', '854', '843', '856', '867', '807', '826', '832', '847', '851', '861', '878', '880', '869', '814', '835', '874', '850', '788']
Cluster-7 Total nodes: 130 ['504', '458', '495', '424', '425', '426', '435', '440', '446', '452', '457', '488', '391', '392', '393', '396', '400', '401', '404', '410', '397', '428', '477', '394', '403', '406', '407', '413', '417', '390', '409', '415', '420', '423', '462', '416', '427', '447', '408', '411', '412', '430', '441', '455', '449', '438', '487', '431', '422', '442', '476', '454', '475', '491', '507', '503', '481', '513', '508', '510', '505', '484', '474', '434', '479', '492', '469', '436', '433', '483', '494', '471', '497', '519', '500', '466', '465', '451', '485', '467', '517', '496', '439', '414', '516', '480', '499', '461', '501', '518', '514', '490', '419', '399', '473', '502', '450', '463', '478', '405', '395', '398', '486', '489', '509', '511', '498', '506', '418', '402', '429', '437', '445', '456', '515', '421', '432', '443', '448', '482', '464', '460', '444', '459', '470', '468', '453', '472', '493', '512']
Cluster-8 Total nodes: 130 ['350', '385', '260', '261', '271', '279', '294', '295', '328', '332', '298', '274', '287', '262', '273', '292', '301', '319', '272', '304', '276', '293', '300', '281', '285', '299', '270', '266', '290', '296', '275', '324', '306', '283', '264', '265', '282', '277', '297', '325', '288', '284', '326', '375', '331', '366', '317', '320', '369', '267', '382', '314', '307', '343', '367', '386', '368', '312', '355', '388', '387', '358', '344', '329', '338', '377', '341', '360', '289', '378', '315', '348', '383', '263', '337', '371', '302', '305', '311', '335', '340', '333', '313', '374', '365', '352', '362', '384', '380', '322', '318', '389', '345', '381', '359', '269', '361', '356', '268', '342', '286', '379', '310', '349', '291', '336', '309', '363', '330', '372', '357', '308', '280', '353', '346', '323', '347', '303', '316', '278', '334', '339', '364', '327', '321', '354', '351', '370', '373', '376']

level-3 completes in 25.411177
Cluster-1 Total nodes: 130 ['244', '131', '132', '145', '150', '153', '195', '199', '208', '211', '217', '161', '162', '172', '179', '158', '186', '202', '213', '218', '226', '228', '130', '133', '136', '140', '142', '143', '148', '149', '159', '164', '207', '209', '141', '146', '176', '204', '214', '138', '170', '196', '229', '144', '147', '160', '165', '166', '174', '187', '201', '210', '152', '156', '163', '167', '171', '178', '193', '155', '189', '198', '137', '154', '225', '151', '234', '194', '169', '200', '203', '168', '173', '134', '231', '175', '135', '180', '251', '223', '232', '250', '181', '221', '249', '139', '247', '252', '177', '224', '236', '255', '257', '233', '191', '227', '240', '241', '235', '258', '190', '205', '182', '254', '216', '220', '192', '212', '253', '206', '197', '243', '245', '230', '248', '184', '219', '237', '188', '222', '242', '259', '238', '246', '157', '183', '215', '185', '239', '256']
Cluster-2 Total nodes: 130 ['95', '108', '128', '4', '11', '12', '32', '42', '49', '65', '72', '84', '90', '36', '43', '46', '75', '51', '52', '86', '60', '0', '2', '9', '10', '13', '21', '30', '26', '78', '64', '1', '23', '39', '40', '53', '58', '69', '88', '24', '15', '25', '5', '29', '67', '70', '27', '14', '19', '16', '17', '18', '20', '22', '33', '34', '35', '44', '54', '55', '74', '3', '8', '37', '61', '38', '41', '45', '66', '76', '91', '73', '103', '100', '80', '121', '106', '101', '79', '126', '97', '93', '119', '68', '81', '63', '77', '112', '116', '62', '127', '47', '50', '92', '102', '124', '94', '59', '6', '115', '82', '87', '118', '114', '113', '107', '111', '123', '125', '129', '120', '96', '110', '7', '109', '89', '83', '104', '98', '122', '31', '28', '48', '71', '85', '105', '117', '56', '99', '57']
Cluster-3 Total nodes: 130 ['958', '1003', '1039', '911', '930', '932', '934', '936', '943', '944', '949', '951', '957', '921', '973', '996', '1009', '928', '978', '945', '964', '950', '923', '924', '927', '955', '993', '920', '976', '1001', '946', '972', '981', '922', '956', '977', '926', '931', '933', '935', '937', '938', '940', '948', '953', '954', '960', '962', '965', '967', '968', '971', '975', '999', '941', '910', '913', '947', '969', '915', '916', '942', '983', '974', '1010', '987', '925', '914', '1016', '1033', '918', '980', '1017', '995', '959', '1037', '1026', '912', '1036', '982', '1032', '989', '1025', '1005', '1008', '1019', '1022', '1011', '1012', '1020', '929', '939', '917', '1004', '963', '1007', '988', '1015', '1023', '1030', '1002', '984', '1035', '998', '966', '1029', '1034', '961', '985', '952', '979', '970', '1014', '1038', '990', '986', '1021', '919', '992', '1031', '1006', '1027', '1013', '1018', '1024', '1028', '1000', '991', '994', '997']
Cluster-4 Total nodes: 130 ['624', '632', '532', '545', '547', '555', '562', '566', '618', '520', '524', '530', '538', '539', '540', '542', '550', '557', '602', '528', '559', '561', '563', '612', '531', '533', '535', '536', '537', '549', '553', '556', '564', '572', '592', '593', '596', '619', '534', '543', '554', '569', '544', '546', '552', '558', '582', '522', '525', '526', '548', '551', '590', '560', '574', '568', '586', '637', '627', '630', '644', '633', '598', '529', '628', '577', '625', '626', '611', '608', '587', '636', '607', '609', '570', '591', '595', '634', '576', '600', '629', '635', '622', '541', '581', '615', '638', '527', '620', '567', '645', '578', '579', '597', '631', '649', '603', '610', '641', '575', '588', '594', '580', '583', '599', '605', '614', '617', '647', '646', '521', '523', '623', '584', '606', '642', '643', '573', '621', '565', '571', '616', '639', '613', '585', '589', '601', '640', '604', '648']
Cluster-5 Total nodes: 130 ['765', '658', '661', '682', '686', '716', '730', '734', '756', '760', '715', '694', '702', '703', '650', '660', '662', '663', '664', '665', '667', '668', '670', '674', '653', '684', '688', '720', '651', '666', '669', '685', '704', '672', '746', '652', '671', '695', '697', '698', '706', '729', '678', '690', '691', '700', '726', '673', '681', '683', '692', '696', '701', '687', '717', '693', '689', '707', '757', '736', '763', '724', '754', '752', '737', '773', '775', '768', '741', '767', '680', '740', '753', '712', '718', '758', '771', '731', '748', '714', '713', '711', '744', '719', '742', '750', '751', '759', '761', '743', '739', '777', '769', '657', '676', '738', '725', '721', '659', '708', '778', '749', '745', '727', '735', '772', '774', '677', '679', '722', '675', '710', '762', '654', '655', '656', '764', '776', '770', '728', '705', '723', '732', '733', '755', '699', '709', '747', '766', '779']
Cluster-6 Total nodes: 130 ['904', '908', '804', '825', '846', '865', '879', '886', '785', '793', '796', '805', '808', '818', '830', '852', '784', '862', '813', '816', '819', '821', '823', '824', '831', '820', '827', '828', '783', '791', '794', '795', '799', '800', '809', '790', '802', '803', '806', '792', '797', '817', '844', '812', '834', '841', '801', '798', '786', '810', '822', '848', '902', '895', '866', '898', '903', '894', '892', '840', '858', '896', '789', '829', '811', '863', '890', '883', '787', '887', '842', '900', '857', '891', '899', '838', '855', '839', '909', '864', '833', '868', '872', '815', '873', '853', '859', '888', '870', '889', '897', '907', '885', '836', '875', '877', '884', '837', '849', '845', '860', '881', '893', '901', '876', '906', '882', '905', '871', '780', '781', '782', '854', '843', '856', '867', '807', '826', '832', '847', '851', '861', '878', '880', '869', '814', '835', '874', '850', '788']
Cluster-7 Total nodes: 130 ['504', '458', '495', '424', '425', '426', '435', '440', '446', '452', '457', '488', '391', '392', '393', '396', '400', '401', '404', '410', '397', '428', '477', '394', '403', '406', '407', '413', '417', '390', '409', '415', '420', '423', '462', '416', '427', '447', '408', '411', '412', '430', '441', '455', '449', '438', '487', '431', '422', '442', '476', '454', '475', '491', '507', '503', '481', '513', '508', '510', '505', '484', '474', '434', '479', '492', '469', '436', '433', '483', '494', '471', '497', '519', '500', '466', '465', '451', '485', '467', '517', '496', '439', '414', '516', '480', '499', '461', '501', '518', '514', '490', '419', '399', '473', '502', '450', '463', '478', '405', '395', '398', '486', '489', '509', '511', '498', '506', '418', '402', '429', '437', '445', '456', '515', '421', '432', '443', '448', '482', '464', '460', '444', '459', '470', '468', '453', '472', '493', '512']
Cluster-8 Total nodes: 130 ['350', '385', '260', '261', '271', '279', '294', '295', '328', '332', '298', '274', '287', '262', '273', '292', '301', '319', '272', '304', '276', '293', '300', '281', '285', '299', '270', '266', '290', '296', '275', '324', '306', '283', '264', '265', '282', '277', '297', '325', '288', '284', '326', '375', '331', '366', '317', '320', '369', '267', '382', '314', '307', '343', '367', '386', '368', '312', '355', '388', '387', '358', '344', '329', '338', '377', '341', '360', '289', '378', '315', '348', '383', '263', '337', '371', '302', '305', '311', '335', '340', '333', '313', '374', '365', '352', '362', '384', '380', '322', '318', '389', '345', '381', '359', '269', '361', '356', '268', '342', '286', '379', '310', '349', '291', '336', '309', '363', '330', '372', '357', '308', '280', '353', '346', '323', '347', '303', '316', '278', '334', '339', '364', '327', '321', '354', '351', '370', '373', '376']

Total time of execution: 25.411177 seconds
